#! /c/Source/iverilog-install/bin/vvp
:ivl_version "12.0 (devel)" "(s20150603-1110-g18392a46)";
:ivl_delay_selection "TYPICAL";
:vpi_time_precision + 0;
:vpi_module "C:\iverilog\lib\ivl\system.vpi";
:vpi_module "C:\iverilog\lib\ivl\vhdl_sys.vpi";
:vpi_module "C:\iverilog\lib\ivl\vhdl_textio.vpi";
:vpi_module "C:\iverilog\lib\ivl\v2005_math.vpi";
:vpi_module "C:\iverilog\lib\ivl\va_math.vpi";
S_000001c560a84730 .scope module, "FLOAT_ADD" "FLOAT_ADD" 2 6;
 .timescale 0 0;
    .port_info 0 /INPUT 64 "num1";
    .port_info 1 /INPUT 64 "num2";
    .port_info 2 /INPUT 1 "clk";
    .port_info 3 /INPUT 1 "rstn";
    .port_info 4 /OUTPUT 64 "result";
P_000001c560a52720 .param/l "BIAS" 1 2 14, +C4<00000000000000000000001111111111>;
P_000001c560a52758 .param/l "BIT" 1 2 13, +C4<00000000000000000000000001000000>;
P_000001c560a52790 .param/l "EXPONENT_LEN" 1 2 15, +C4<00000000000000000000000000001011>;
P_000001c560a527c8 .param/l "MANTISSA_LEN" 1 2 16, +C4<00000000000000000000000000110100>;
L_000001c560ae3400 .functor NOT 1, L_000001c560b3dd20, C4<0>, C4<0>, C4<0>;
L_000001c560ae3a20 .functor NOT 1, L_000001c560b3ddc0, C4<0>, C4<0>, C4<0>;
L_000001c560ae30f0 .functor OR 1, L_000001c560f08e40, L_000001c560f09340, C4<0>, C4<0>;
L_000001c560ae3710 .functor OR 1, L_000001c560ae30f0, L_000001c560f09480, C4<0>, C4<0>;
L_000001c560ae31d0 .functor AND 1, L_000001c560f093e0, L_000001c560ae3710, C4<1>, C4<1>;
L_000001c560ae2fa0 .functor OR 1, L_000001c560f08ee0, L_000001c560f09520, C4<0>, C4<0>;
L_000001c560ae3550 .functor OR 1, L_000001c560ae2fa0, L_000001c560f09a20, C4<0>, C4<0>;
L_000001c560ae3390 .functor AND 1, L_000001c560f088a0, L_000001c560ae3550, C4<1>, C4<1>;
v000001c560a7b9d0_0 .net "Guard_1", 0 0, L_000001c560f093e0;  1 drivers
v000001c560a7c1f0_0 .net "Guard_2", 0 0, L_000001c560f088a0;  1 drivers
v000001c560a7d050_0 .net "LSB_1", 0 0, L_000001c560f09480;  1 drivers
v000001c560a7c8d0_0 .net "LSB_2", 0 0, L_000001c560f09a20;  1 drivers
v000001c560a7c290_0 .net "Round_1", 0 0, L_000001c560f08e40;  1 drivers
v000001c560a7c330_0 .net "Round_2", 0 0, L_000001c560f08ee0;  1 drivers
v000001c560a7cdd0_0 .net "Sticky_1", 0 0, L_000001c560f09340;  1 drivers
v000001c560a7c790_0 .net "Sticky_2", 0 0, L_000001c560f09520;  1 drivers
v000001c560a7cab0_0 .net *"_ivl_1", 0 0, L_000001c560b3dd20;  1 drivers
L_000001c560eb0100 .functor BUFT 1, C4<0000000000000000000000000000000000000000000000000000>, C4<0>, C4<0>, C4<0>;
v000001c560a7c970_0 .net/2u *"_ivl_12", 51 0, L_000001c560eb0100;  1 drivers
L_000001c560eb0148 .functor BUFT 1, C4<000000000000>, C4<0>, C4<0>, C4<0>;
v000001c560a7d2d0_0 .net *"_ivl_16", 11 0, L_000001c560eb0148;  1 drivers
v000001c560a7d0f0_0 .net *"_ivl_19", 11 0, L_000001c560f09ca0;  1 drivers
v000001c560a7cb50_0 .net *"_ivl_35", 49 0, L_000001c560f08800;  1 drivers
v000001c560a7ca10_0 .net *"_ivl_45", 49 0, L_000001c560f08940;  1 drivers
v000001c560a7bb10_0 .net *"_ivl_48", 0 0, L_000001c560ae30f0;  1 drivers
v000001c560a7c470_0 .net *"_ivl_5", 0 0, L_000001c560b3ddc0;  1 drivers
v000001c560a7d230_0 .net *"_ivl_50", 0 0, L_000001c560ae3710;  1 drivers
v000001c560a7c510_0 .net *"_ivl_54", 0 0, L_000001c560ae2fa0;  1 drivers
v000001c560a7b890_0 .net *"_ivl_56", 0 0, L_000001c560ae3550;  1 drivers
L_000001c560eb0190 .functor BUFT 1, C4<0>, C4<0>, C4<0>, C4<0>;
v000001c560a7cbf0_0 .net/2u *"_ivl_60", 0 0, L_000001c560eb0190;  1 drivers
L_000001c560eb01d8 .functor BUFT 1, C4<00000000000>, C4<0>, C4<0>, C4<0>;
v000001c560a7bed0_0 .net/2u *"_ivl_62", 10 0, L_000001c560eb01d8;  1 drivers
v000001c560a7c6f0_0 .net *"_ivl_65", 51 0, L_000001c560f08620;  1 drivers
L_000001c560eb00b8 .functor BUFT 1, C4<0000000000000000000000000000000000000000000000000000>, C4<0>, C4<0>, C4<0>;
v000001c560a7ce70_0 .net/2u *"_ivl_8", 51 0, L_000001c560eb00b8;  1 drivers
v000001c560a7b930_0 .net "check_denor1", 0 0, L_000001c560ae3400;  1 drivers
v000001c560a7be30_0 .net "check_denor2", 0 0, L_000001c560ae3a20;  1 drivers
o000001c560af7c58 .functor BUFZ 1, C4<z>; HiZ drive
v000001c560a7cf10_0 .net "clk", 0 0, o000001c560af7c58;  0 drivers
v000001c560a7d370_0 .var "lod_pos", 5 0;
o000001c560af7cb8 .functor BUFZ 64, C4<zzzzzzzzzzzzzzzzzzzzzzzzzzzzzzzzzzzzzzzzzzzzzzzzzzzzzzzzzzzzzzzz>; HiZ drive
v000001c560a7b570_0 .net "num1", 63 0, o000001c560af7cb8;  0 drivers
o000001c560af7ce8 .functor BUFZ 64, C4<zzzzzzzzzzzzzzzzzzzzzzzzzzzzzzzzzzzzzzzzzzzzzzzzzzzzzzzzzzzzzzzz>; HiZ drive
v000001c560a7d410_0 .net "num2", 63 0, o000001c560af7ce8;  0 drivers
v000001c560a7b610_0 .var "pip1_exponent1", 10 0;
v000001c560a7c3d0_0 .var "pip1_exponent2", 10 0;
v000001c560a7c650_0 .var "pip1_mantissa1", 51 0;
v000001c560a7ba70_0 .var "pip1_mantissa2", 51 0;
v000001c560a7b6b0_0 .var "pip1_sign1", 0 0;
v000001c560a7b750_0 .var "pip1_sign2", 0 0;
v000001c560a7b7f0_0 .var "pip2_exponent1", 10 0;
v000001c560a7bbb0_0 .var "pip2_exponent2", 10 0;
v000001c560a7bcf0_0 .var/s "pip2_exponent_diff", 11 0;
v000001c560a7bd90_0 .var "pip2_mantissa1", 52 0;
v000001c560a7c010_0 .net "pip2_mantissa1_shift", 104 0, L_000001c560b3de60;  1 drivers
v000001c560a7c0b0_0 .net "pip2_mantissa1_shifted", 104 0, L_000001c560f092a0;  1 drivers
v000001c560b3c9c0_0 .var "pip2_mantissa2", 52 0;
v000001c560b3cce0_0 .net "pip2_mantissa2_shift", 104 0, L_000001c560b3df00;  1 drivers
v000001c560b3d820_0 .net "pip2_mantissa2_shifted", 104 0, L_000001c560f09c00;  1 drivers
v000001c560b3e5e0_0 .var "pip2_sign1", 0 0;
v000001c560b3dbe0_0 .var "pip2_sign2", 0 0;
v000001c560b3dc80_0 .var "pip3_exponent1", 10 0;
v000001c560b3d280_0 .var "pip3_exponent2", 10 0;
v000001c560b3e360_0 .var "pip3_mantissa1", 52 0;
v000001c560b3e540_0 .var "pip3_mantissa1_next", 52 0;
v000001c560b3d500_0 .net "pip3_mantissa1_tmp", 52 0, L_000001c560f08580;  1 drivers
v000001c560b3e4a0_0 .var "pip3_mantissa2", 52 0;
v000001c560b3cc40_0 .var "pip3_mantissa2_next", 52 0;
v000001c560b3d000_0 .net "pip3_mantissa2_tmp", 52 0, L_000001c560f09660;  1 drivers
v000001c560b3d5a0_0 .var "pip3_sign1", 0 0;
v000001c560b3d3c0_0 .var "pip3_sign2", 0 0;
v000001c560b3d8c0_0 .var "pip4_compare", 0 0;
v000001c560b3d960_0 .var "pip4_exponent1", 10 0;
v000001c560b3e680_0 .var "pip4_exponent2", 10 0;
v000001c560b3d460_0 .var "pip4_mantissaA", 52 0;
v000001c560b3ce20_0 .var "pip4_mantissaB", 52 0;
v000001c560b3ca60_0 .var "pip4_sign1", 0 0;
v000001c560b3d1e0_0 .var "pip4_sign2", 0 0;
v000001c560b3e220_0 .var/s "pip5_add", 53 0;
v000001c560b3e180_0 .var "pip5_complement", 0 0;
v000001c560b3e0e0_0 .var "pip5_complement_tmp", 0 0;
v000001c560b3e040_0 .var "pip5_exponent", 10 0;
v000001c560b3da00_0 .var/s "pip5_mantissa", 53 0;
v000001c560b3cba0_0 .var "pip5_sign", 0 0;
v000001c560b3daa0_0 .var "pip5_sign_tmp", 0 0;
v000001c560b3e2c0_0 .var/s "pip5_sub", 53 0;
v000001c560b3d640_0 .var "pip6_exponent", 10 0;
v000001c560b3db40_0 .var "pip6_mantissa", 53 0;
v000001c560b3e400_0 .var "pip6_sign", 0 0;
v000001c560b3d320_0 .var "pip7_exponent", 10 0;
v000001c560b3cd80_0 .var "pip7_mantissa", 53 0;
v000001c560b3c920_0 .net "pip7_result", 63 0, L_000001c560f095c0;  1 drivers
v000001c560b3cec0_0 .var "pip7_sign", 0 0;
v000001c560b3e720_0 .var "pip8_exponent", 10 0;
v000001c560b3cf60_0 .var "pip8_mantissa", 51 0;
v000001c560b3d6e0_0 .var "pip8_mantissa_shift", 53 0;
v000001c560b3cb00_0 .var "pip8_sign", 0 0;
v000001c560b3d780_0 .net "result", 63 0, L_000001c560f08bc0;  1 drivers
v000001c560b3dfa0_0 .net "round_up1", 0 0, L_000001c560ae31d0;  1 drivers
v000001c560b3c880_0 .net "round_up2", 0 0, L_000001c560ae3390;  1 drivers
o000001c560af8798 .functor BUFZ 1, C4<z>; HiZ drive
v000001c560b3d0a0_0 .net "rstn", 0 0, o000001c560af8798;  0 drivers
v000001c560b3d140_0 .var/s "shift", 5 0;
E_000001c560aebc20 .event anyedge, v000001c560b3c920_0, v000001c560a7d370_0, v000001c560b3cd80_0, v000001c560b3d140_0;
E_000001c560aebd20/0 .event negedge, v000001c560b3d0a0_0;
E_000001c560aebd20/1 .event posedge, v000001c560a7cf10_0;
E_000001c560aebd20 .event/or E_000001c560aebd20/0, E_000001c560aebd20/1;
E_000001c560aec660/0 .event anyedge, v000001c560b3d460_0, v000001c560b3ce20_0, v000001c560b3d8c0_0, v000001c560b3ca60_0;
E_000001c560aec660/1 .event anyedge, v000001c560b3d1e0_0;
E_000001c560aec660 .event/or E_000001c560aec660/0, E_000001c560aec660/1;
E_000001c560aec720 .event anyedge, v000001c560b3dfa0_0, v000001c560b3d500_0, v000001c560b3c880_0, v000001c560b3d000_0;
L_000001c560b3dd20 .reduce/or v000001c560a7b610_0;
L_000001c560b3ddc0 .reduce/or v000001c560a7c3d0_0;
L_000001c560b3de60 .concat [ 52 53 0 0], L_000001c560eb00b8, v000001c560a7bd90_0;
L_000001c560b3df00 .concat [ 52 53 0 0], L_000001c560eb0100, v000001c560b3c9c0_0;
L_000001c560f09ca0 .arith/sub 12, L_000001c560eb0148, v000001c560a7bcf0_0;
L_000001c560f092a0 .shift/r 105, L_000001c560b3de60, L_000001c560f09ca0;
L_000001c560f09c00 .shift/r 105, L_000001c560b3df00, v000001c560a7bcf0_0;
L_000001c560f08580 .part L_000001c560f092a0, 52, 53;
L_000001c560f09660 .part L_000001c560f09c00, 52, 53;
L_000001c560f09480 .part L_000001c560f092a0, 52, 1;
L_000001c560f093e0 .part L_000001c560f092a0, 51, 1;
L_000001c560f08e40 .part L_000001c560f092a0, 50, 1;
L_000001c560f08800 .part L_000001c560f092a0, 0, 50;
L_000001c560f09340 .reduce/or L_000001c560f08800;
L_000001c560f09a20 .part L_000001c560f09c00, 52, 1;
L_000001c560f088a0 .part L_000001c560f09c00, 51, 1;
L_000001c560f08ee0 .part L_000001c560f09c00, 50, 1;
L_000001c560f08940 .part L_000001c560f09c00, 0, 50;
L_000001c560f09520 .reduce/or L_000001c560f08940;
L_000001c560f08620 .part v000001c560b3cd80_0, 0, 52;
L_000001c560f095c0 .concat [ 52 11 1 0], L_000001c560f08620, L_000001c560eb01d8, L_000001c560eb0190;
L_000001c560f08bc0 .concat [ 52 11 1 0], v000001c560b3cf60_0, v000001c560b3e720_0, v000001c560b3cb00_0;
    .scope S_000001c560a84730;
T_0 ;
    %wait E_000001c560aebd20;
    %load/vec4 v000001c560b3d0a0_0;
    %nor/r;
    %flag_set/vec4 8;
    %jmp/0xz  T_0.0, 8;
    %pushi/vec4 0, 0, 1;
    %assign/vec4 v000001c560a7b6b0_0, 0;
    %pushi/vec4 0, 0, 1;
    %assign/vec4 v000001c560a7b750_0, 0;
    %pushi/vec4 0, 0, 11;
    %assign/vec4 v000001c560a7b610_0, 0;
    %pushi/vec4 0, 0, 11;
    %assign/vec4 v000001c560a7c3d0_0, 0;
    %pushi/vec4 0, 0, 52;
    %assign/vec4 v000001c560a7c650_0, 0;
    %pushi/vec4 0, 0, 52;
    %assign/vec4 v000001c560a7ba70_0, 0;
    %jmp T_0.1;
T_0.0 ;
    %load/vec4 v000001c560a7b570_0;
    %parti/s 1, 63, 7;
    %assign/vec4 v000001c560a7b6b0_0, 0;
    %load/vec4 v000001c560a7d410_0;
    %parti/s 1, 63, 7;
    %assign/vec4 v000001c560a7b750_0, 0;
    %load/vec4 v000001c560a7b570_0;
    %parti/s 11, 52, 7;
    %assign/vec4 v000001c560a7b610_0, 0;
    %load/vec4 v000001c560a7d410_0;
    %parti/s 11, 52, 7;
    %assign/vec4 v000001c560a7c3d0_0, 0;
    %load/vec4 v000001c560a7b570_0;
    %parti/s 52, 0, 2;
    %assign/vec4 v000001c560a7c650_0, 0;
    %load/vec4 v000001c560a7d410_0;
    %parti/s 52, 0, 2;
    %assign/vec4 v000001c560a7ba70_0, 0;
T_0.1 ;
    %jmp T_0;
    .thread T_0;
    .scope S_000001c560a84730;
T_1 ;
    %wait E_000001c560aebd20;
    %load/vec4 v000001c560b3d0a0_0;
    %nor/r;
    %flag_set/vec4 8;
    %jmp/0xz  T_1.0, 8;
    %pushi/vec4 0, 0, 1;
    %assign/vec4 v000001c560b3e5e0_0, 0;
    %pushi/vec4 0, 0, 1;
    %assign/vec4 v000001c560b3dbe0_0, 0;
    %pushi/vec4 0, 0, 11;
    %assign/vec4 v000001c560a7b7f0_0, 0;
    %pushi/vec4 0, 0, 11;
    %assign/vec4 v000001c560a7bbb0_0, 0;
    %pushi/vec4 0, 0, 53;
    %assign/vec4 v000001c560a7bd90_0, 0;
    %pushi/vec4 0, 0, 53;
    %assign/vec4 v000001c560b3c9c0_0, 0;
    %pushi/vec4 0, 0, 12;
    %assign/vec4 v000001c560a7bcf0_0, 0;
    %jmp T_1.1;
T_1.0 ;
    %load/vec4 v000001c560a7b6b0_0;
    %assign/vec4 v000001c560b3e5e0_0, 0;
    %load/vec4 v000001c560a7b750_0;
    %assign/vec4 v000001c560b3dbe0_0, 0;
    %load/vec4 v000001c560a7b610_0;
    %assign/vec4 v000001c560a7b7f0_0, 0;
    %load/vec4 v000001c560a7c3d0_0;
    %assign/vec4 v000001c560a7bbb0_0, 0;
    %load/vec4 v000001c560a7b610_0;
    %pad/u 12;
    %load/vec4 v000001c560a7c3d0_0;
    %pad/u 12;
    %sub;
    %assign/vec4 v000001c560a7bcf0_0, 0;
    %load/vec4 v000001c560a7b930_0;
    %flag_set/vec4 8;
    %jmp/0xz  T_1.2, 8;
    %pushi/vec4 0, 0, 1;
    %load/vec4 v000001c560a7c650_0;
    %concat/vec4; draw_concat_vec4
    %assign/vec4 v000001c560a7bd90_0, 0;
    %jmp T_1.3;
T_1.2 ;
    %pushi/vec4 1, 0, 1;
    %load/vec4 v000001c560a7c650_0;
    %concat/vec4; draw_concat_vec4
    %assign/vec4 v000001c560a7bd90_0, 0;
T_1.3 ;
    %load/vec4 v000001c560a7be30_0;
    %flag_set/vec4 8;
    %jmp/0xz  T_1.4, 8;
    %pushi/vec4 0, 0, 1;
    %load/vec4 v000001c560a7ba70_0;
    %concat/vec4; draw_concat_vec4
    %assign/vec4 v000001c560b3c9c0_0, 0;
    %jmp T_1.5;
T_1.4 ;
    %pushi/vec4 1, 0, 1;
    %load/vec4 v000001c560a7ba70_0;
    %concat/vec4; draw_concat_vec4
    %assign/vec4 v000001c560b3c9c0_0, 0;
T_1.5 ;
T_1.1 ;
    %jmp T_1;
    .thread T_1;
    .scope S_000001c560a84730;
T_2 ;
    %wait E_000001c560aebd20;
    %load/vec4 v000001c560b3d0a0_0;
    %nor/r;
    %flag_set/vec4 8;
    %jmp/0xz  T_2.0, 8;
    %pushi/vec4 0, 0, 1;
    %assign/vec4 v000001c560b3d5a0_0, 0;
    %pushi/vec4 0, 0, 1;
    %assign/vec4 v000001c560b3d3c0_0, 0;
    %pushi/vec4 0, 0, 11;
    %assign/vec4 v000001c560b3dc80_0, 0;
    %pushi/vec4 0, 0, 11;
    %assign/vec4 v000001c560b3d280_0, 0;
    %pushi/vec4 0, 0, 53;
    %assign/vec4 v000001c560b3e360_0, 0;
    %pushi/vec4 0, 0, 53;
    %assign/vec4 v000001c560b3e4a0_0, 0;
    %jmp T_2.1;
T_2.0 ;
    %load/vec4 v000001c560b3e5e0_0;
    %assign/vec4 v000001c560b3d5a0_0, 0;
    %load/vec4 v000001c560b3dbe0_0;
    %assign/vec4 v000001c560b3d3c0_0, 0;
    %load/vec4 v000001c560a7bcf0_0;
    %pad/s 32;
    %cmpi/s 0, 0, 32;
    %flag_inv 5; GE is !LT
    %jmp/0xz  T_2.2, 5;
    %load/vec4 v000001c560a7b7f0_0;
    %assign/vec4 v000001c560b3dc80_0, 0;
    %load/vec4 v000001c560a7b7f0_0;
    %assign/vec4 v000001c560b3d280_0, 0;
    %load/vec4 v000001c560a7bd90_0;
    %assign/vec4 v000001c560b3e360_0, 0;
    %load/vec4 v000001c560b3cc40_0;
    %assign/vec4 v000001c560b3e4a0_0, 0;
    %jmp T_2.3;
T_2.2 ;
    %load/vec4 v000001c560a7bbb0_0;
    %assign/vec4 v000001c560b3dc80_0, 0;
    %load/vec4 v000001c560a7bbb0_0;
    %assign/vec4 v000001c560b3d280_0, 0;
    %load/vec4 v000001c560b3e540_0;
    %assign/vec4 v000001c560b3e360_0, 0;
    %load/vec4 v000001c560b3c9c0_0;
    %assign/vec4 v000001c560b3e4a0_0, 0;
T_2.3 ;
T_2.1 ;
    %jmp T_2;
    .thread T_2;
    .scope S_000001c560a84730;
T_3 ;
    %wait E_000001c560aec720;
    %load/vec4 v000001c560b3dfa0_0;
    %flag_set/vec4 8;
    %jmp/0xz  T_3.0, 8;
    %load/vec4 v000001c560b3d500_0;
    %addi 1, 0, 53;
    %store/vec4 v000001c560b3e540_0, 0, 53;
    %jmp T_3.1;
T_3.0 ;
    %load/vec4 v000001c560b3d500_0;
    %store/vec4 v000001c560b3e540_0, 0, 53;
T_3.1 ;
    %load/vec4 v000001c560b3c880_0;
    %flag_set/vec4 8;
    %jmp/0xz  T_3.2, 8;
    %load/vec4 v000001c560b3d000_0;
    %addi 1, 0, 53;
    %store/vec4 v000001c560b3cc40_0, 0, 53;
    %jmp T_3.3;
T_3.2 ;
    %load/vec4 v000001c560b3d000_0;
    %store/vec4 v000001c560b3cc40_0, 0, 53;
T_3.3 ;
    %jmp T_3;
    .thread T_3, $push;
    .scope S_000001c560a84730;
T_4 ;
    %wait E_000001c560aebd20;
    %load/vec4 v000001c560b3d0a0_0;
    %nor/r;
    %flag_set/vec4 8;
    %jmp/0xz  T_4.0, 8;
    %pushi/vec4 0, 0, 1;
    %assign/vec4 v000001c560b3ca60_0, 0;
    %pushi/vec4 0, 0, 1;
    %assign/vec4 v000001c560b3d1e0_0, 0;
    %pushi/vec4 0, 0, 11;
    %assign/vec4 v000001c560b3d960_0, 0;
    %pushi/vec4 0, 0, 11;
    %assign/vec4 v000001c560b3e680_0, 0;
    %pushi/vec4 0, 0, 53;
    %assign/vec4 v000001c560b3d460_0, 0;
    %pushi/vec4 0, 0, 53;
    %assign/vec4 v000001c560b3ce20_0, 0;
    %pushi/vec4 0, 0, 1;
    %assign/vec4 v000001c560b3d8c0_0, 0;
    %jmp T_4.1;
T_4.0 ;
    %load/vec4 v000001c560b3d5a0_0;
    %assign/vec4 v000001c560b3ca60_0, 0;
    %load/vec4 v000001c560b3d3c0_0;
    %assign/vec4 v000001c560b3d1e0_0, 0;
    %load/vec4 v000001c560b3dc80_0;
    %assign/vec4 v000001c560b3d960_0, 0;
    %load/vec4 v000001c560b3d280_0;
    %assign/vec4 v000001c560b3e680_0, 0;
    %load/vec4 v000001c560b3d5a0_0;
    %load/vec4 v000001c560b3d3c0_0;
    %concat/vec4; draw_concat_vec4
    %dup/vec4;
    %pushi/vec4 0, 0, 2;
    %cmp/u;
    %jmp/1 T_4.2, 6;
    %dup/vec4;
    %pushi/vec4 1, 0, 2;
    %cmp/u;
    %jmp/1 T_4.3, 6;
    %dup/vec4;
    %pushi/vec4 2, 0, 2;
    %cmp/u;
    %jmp/1 T_4.4, 6;
    %dup/vec4;
    %pushi/vec4 3, 0, 2;
    %cmp/u;
    %jmp/1 T_4.5, 6;
    %load/vec4 v000001c560b3e360_0;
    %assign/vec4 v000001c560b3d460_0, 0;
    %load/vec4 v000001c560b3e4a0_0;
    %assign/vec4 v000001c560b3ce20_0, 0;
    %jmp T_4.7;
T_4.2 ;
    %load/vec4 v000001c560b3e360_0;
    %assign/vec4 v000001c560b3d460_0, 0;
    %load/vec4 v000001c560b3e4a0_0;
    %assign/vec4 v000001c560b3ce20_0, 0;
    %jmp T_4.7;
T_4.3 ;
    %load/vec4 v000001c560b3e360_0;
    %assign/vec4 v000001c560b3d460_0, 0;
    %load/vec4 v000001c560b3e4a0_0;
    %assign/vec4 v000001c560b3ce20_0, 0;
    %jmp T_4.7;
T_4.4 ;
    %load/vec4 v000001c560b3e4a0_0;
    %assign/vec4 v000001c560b3d460_0, 0;
    %load/vec4 v000001c560b3e360_0;
    %assign/vec4 v000001c560b3ce20_0, 0;
    %jmp T_4.7;
T_4.5 ;
    %load/vec4 v000001c560b3e360_0;
    %assign/vec4 v000001c560b3d460_0, 0;
    %load/vec4 v000001c560b3e4a0_0;
    %assign/vec4 v000001c560b3ce20_0, 0;
    %jmp T_4.7;
T_4.7 ;
    %pop/vec4 1;
    %load/vec4 v000001c560b3e4a0_0;
    %load/vec4 v000001c560b3e360_0;
    %cmp/u;
    %flag_mov 8, 5;
    %jmp/0 T_4.8, 8;
    %pushi/vec4 1, 0, 2;
    %jmp/1 T_4.9, 8;
T_4.8 ; End of true expr.
    %pushi/vec4 0, 0, 2;
    %jmp/0 T_4.9, 8;
 ; End of false expr.
    %blend;
T_4.9;
    %pad/s 1;
    %assign/vec4 v000001c560b3d8c0_0, 0;
T_4.1 ;
    %jmp T_4;
    .thread T_4;
    .scope S_000001c560a84730;
T_5 ;
    %wait E_000001c560aebd20;
    %load/vec4 v000001c560b3d0a0_0;
    %nor/r;
    %flag_set/vec4 8;
    %jmp/0xz  T_5.0, 8;
    %pushi/vec4 0, 0, 1;
    %assign/vec4 v000001c560b3cba0_0, 0;
    %pushi/vec4 0, 0, 11;
    %assign/vec4 v000001c560b3e040_0, 0;
    %pushi/vec4 0, 0, 1;
    %assign/vec4 v000001c560b3e180_0, 0;
    %pushi/vec4 0, 0, 54;
    %assign/vec4 v000001c560b3da00_0, 0;
    %jmp T_5.1;
T_5.0 ;
    %load/vec4 v000001c560b3e2c0_0;
    %nor/r;
    %load/vec4 v000001c560b3ca60_0;
    %load/vec4 v000001c560b3d1e0_0;
    %xor;
    %and;
    %flag_set/vec4 8;
    %jmp/0xz  T_5.2, 8;
    %pushi/vec4 0, 0, 1;
    %assign/vec4 v000001c560b3cba0_0, 0;
    %pushi/vec4 0, 0, 11;
    %assign/vec4 v000001c560b3e040_0, 0;
    %jmp T_5.3;
T_5.2 ;
    %load/vec4 v000001c560b3daa0_0;
    %assign/vec4 v000001c560b3cba0_0, 0;
    %load/vec4 v000001c560b3d960_0;
    %load/vec4 v000001c560b3e680_0;
    %and;
    %assign/vec4 v000001c560b3e040_0, 0;
T_5.3 ;
    %load/vec4 v000001c560b3e0e0_0;
    %assign/vec4 v000001c560b3e180_0, 0;
    %load/vec4 v000001c560b3ca60_0;
    %load/vec4 v000001c560b3d1e0_0;
    %xor;
    %flag_set/vec4 8;
    %jmp/0xz  T_5.4, 8;
    %load/vec4 v000001c560b3e2c0_0;
    %assign/vec4 v000001c560b3da00_0, 0;
    %jmp T_5.5;
T_5.4 ;
    %load/vec4 v000001c560b3e220_0;
    %assign/vec4 v000001c560b3da00_0, 0;
T_5.5 ;
T_5.1 ;
    %jmp T_5;
    .thread T_5;
    .scope S_000001c560a84730;
T_6 ;
    %wait E_000001c560aec660;
    %load/vec4 v000001c560b3d460_0;
    %pad/u 54;
    %load/vec4 v000001c560b3ce20_0;
    %pad/u 54;
    %add;
    %store/vec4 v000001c560b3e220_0, 0, 54;
    %load/vec4 v000001c560b3d460_0;
    %pad/u 54;
    %load/vec4 v000001c560b3ce20_0;
    %pad/u 54;
    %sub;
    %store/vec4 v000001c560b3e2c0_0, 0, 54;
    %load/vec4 v000001c560b3d8c0_0;
    %flag_set/vec4 8;
    %jmp/0xz  T_6.0, 8;
    %load/vec4 v000001c560b3ca60_0;
    %store/vec4 v000001c560b3daa0_0, 0, 1;
    %jmp T_6.1;
T_6.0 ;
    %load/vec4 v000001c560b3d1e0_0;
    %store/vec4 v000001c560b3daa0_0, 0, 1;
T_6.1 ;
    %load/vec4 v000001c560b3ca60_0;
    %load/vec4 v000001c560b3d1e0_0;
    %concat/vec4; draw_concat_vec4
    %dup/vec4;
    %pushi/vec4 0, 0, 2;
    %cmp/u;
    %jmp/1 T_6.2, 6;
    %dup/vec4;
    %pushi/vec4 1, 0, 2;
    %cmp/u;
    %jmp/1 T_6.3, 6;
    %dup/vec4;
    %pushi/vec4 2, 0, 2;
    %cmp/u;
    %jmp/1 T_6.4, 6;
    %dup/vec4;
    %pushi/vec4 3, 0, 2;
    %cmp/u;
    %jmp/1 T_6.5, 6;
    %jmp T_6.6;
T_6.2 ;
    %pushi/vec4 0, 0, 1;
    %store/vec4 v000001c560b3e0e0_0, 0, 1;
    %jmp T_6.6;
T_6.3 ;
    %load/vec4 v000001c560b3d8c0_0;
    %inv;
    %flag_set/vec4 8;
    %jmp/0xz  T_6.7, 8;
    %pushi/vec4 1, 0, 1;
    %store/vec4 v000001c560b3e0e0_0, 0, 1;
    %jmp T_6.8;
T_6.7 ;
    %pushi/vec4 0, 0, 1;
    %store/vec4 v000001c560b3e0e0_0, 0, 1;
T_6.8 ;
    %jmp T_6.6;
T_6.4 ;
    %load/vec4 v000001c560b3d8c0_0;
    %flag_set/vec4 8;
    %jmp/0xz  T_6.9, 8;
    %pushi/vec4 1, 0, 1;
    %store/vec4 v000001c560b3e0e0_0, 0, 1;
    %jmp T_6.10;
T_6.9 ;
    %pushi/vec4 0, 0, 1;
    %store/vec4 v000001c560b3e0e0_0, 0, 1;
T_6.10 ;
    %jmp T_6.6;
T_6.5 ;
    %pushi/vec4 0, 0, 1;
    %store/vec4 v000001c560b3e0e0_0, 0, 1;
    %jmp T_6.6;
T_6.6 ;
    %pop/vec4 1;
    %jmp T_6;
    .thread T_6, $push;
    .scope S_000001c560a84730;
T_7 ;
    %wait E_000001c560aebd20;
    %load/vec4 v000001c560b3d0a0_0;
    %nor/r;
    %flag_set/vec4 8;
    %jmp/0xz  T_7.0, 8;
    %pushi/vec4 0, 0, 1;
    %assign/vec4 v000001c560b3e400_0, 0;
    %pushi/vec4 0, 0, 11;
    %assign/vec4 v000001c560b3d640_0, 0;
    %pushi/vec4 0, 0, 54;
    %assign/vec4 v000001c560b3db40_0, 0;
    %jmp T_7.1;
T_7.0 ;
    %load/vec4 v000001c560b3cba0_0;
    %assign/vec4 v000001c560b3e400_0, 0;
    %load/vec4 v000001c560b3e040_0;
    %assign/vec4 v000001c560b3d640_0, 0;
    %load/vec4 v000001c560b3e180_0;
    %flag_set/vec4 8;
    %jmp/0xz  T_7.2, 8;
    %load/vec4 v000001c560b3da00_0;
    %inv;
    %addi 1, 0, 54;
    %assign/vec4 v000001c560b3db40_0, 0;
    %jmp T_7.3;
T_7.2 ;
    %load/vec4 v000001c560b3da00_0;
    %assign/vec4 v000001c560b3db40_0, 0;
T_7.3 ;
T_7.1 ;
    %jmp T_7;
    .thread T_7;
    .scope S_000001c560a84730;
T_8 ;
    %wait E_000001c560aebd20;
    %load/vec4 v000001c560b3d0a0_0;
    %nor/r;
    %flag_set/vec4 8;
    %jmp/0xz  T_8.0, 8;
    %pushi/vec4 0, 0, 1;
    %assign/vec4 v000001c560b3cec0_0, 0;
    %pushi/vec4 0, 0, 11;
    %assign/vec4 v000001c560b3d320_0, 0;
    %pushi/vec4 0, 0, 54;
    %assign/vec4 v000001c560b3cd80_0, 0;
    %jmp T_8.1;
T_8.0 ;
    %load/vec4 v000001c560b3e400_0;
    %assign/vec4 v000001c560b3cec0_0, 0;
    %load/vec4 v000001c560b3db40_0;
    %parti/s 1, 53, 7;
    %pad/u 32;
    %cmpi/e 1, 0, 32;
    %jmp/0xz  T_8.2, 4;
    %load/vec4 v000001c560b3d640_0;
    %addi 1, 0, 11;
    %assign/vec4 v000001c560b3d320_0, 0;
    %load/vec4 v000001c560b3db40_0;
    %parti/s 1, 0, 2;
    %load/vec4 v000001c560b3db40_0;
    %parti/s 1, 1, 2;
    %and;
    %flag_set/vec4 8;
    %jmp/0xz  T_8.4, 8;
    %pushi/vec4 0, 0, 1;
    %load/vec4 v000001c560b3db40_0;
    %parti/s 53, 1, 2;
    %concat/vec4; draw_concat_vec4
    %addi 1, 0, 54;
    %assign/vec4 v000001c560b3cd80_0, 0;
    %jmp T_8.5;
T_8.4 ;
    %pushi/vec4 0, 0, 1;
    %load/vec4 v000001c560b3db40_0;
    %parti/s 53, 1, 2;
    %concat/vec4; draw_concat_vec4
    %assign/vec4 v000001c560b3cd80_0, 0;
T_8.5 ;
    %jmp T_8.3;
T_8.2 ;
    %load/vec4 v000001c560b3d640_0;
    %assign/vec4 v000001c560b3d320_0, 0;
    %load/vec4 v000001c560b3db40_0;
    %assign/vec4 v000001c560b3cd80_0, 0;
T_8.3 ;
T_8.1 ;
    %jmp T_8;
    .thread T_8;
    .scope S_000001c560a84730;
T_9 ;
    %wait E_000001c560aebd20;
    %load/vec4 v000001c560b3d0a0_0;
    %nor/r;
    %flag_set/vec4 8;
    %jmp/0xz  T_9.0, 8;
    %pushi/vec4 0, 0, 1;
    %assign/vec4 v000001c560b3cb00_0, 0;
    %pushi/vec4 0, 0, 11;
    %assign/vec4 v000001c560b3e720_0, 0;
    %pushi/vec4 0, 0, 52;
    %assign/vec4 v000001c560b3cf60_0, 0;
    %jmp T_9.1;
T_9.0 ;
    %load/vec4 v000001c560b3cec0_0;
    %assign/vec4 v000001c560b3cb00_0, 0;
    %load/vec4 v000001c560b3cd80_0;
    %parti/s 1, 52, 7;
    %cmpi/e 1, 0, 1;
    %jmp/0xz  T_9.2, 4;
    %load/vec4 v000001c560b3d320_0;
    %assign/vec4 v000001c560b3e720_0, 0;
    %load/vec4 v000001c560b3cd80_0;
    %pad/u 52;
    %assign/vec4 v000001c560b3cf60_0, 0;
    %jmp T_9.3;
T_9.2 ;
    %load/vec4 v000001c560b3d320_0;
    %load/vec4 v000001c560b3d140_0;
    %pad/u 11;
    %sub;
    %assign/vec4 v000001c560b3e720_0, 0;
    %load/vec4 v000001c560b3d6e0_0;
    %pad/u 52;
    %assign/vec4 v000001c560b3cf60_0, 0;
T_9.3 ;
T_9.1 ;
    %jmp T_9;
    .thread T_9;
    .scope S_000001c560a84730;
T_10 ;
    %wait E_000001c560aebc20;
    %load/vec4 v000001c560b3c920_0;
    %parti/s 32, 32, 7;
    %or/r;
    %flag_set/vec4 8;
    %jmp/0xz  T_10.0, 8;
    %pushi/vec4 1, 0, 1;
    %ix/load 4, 5, 0;
    %flag_set/imm 4, 0;
    %store/vec4 v000001c560a7d370_0, 4, 1;
    %load/vec4 v000001c560b3c920_0;
    %parti/s 16, 48, 7;
    %or/r;
    %flag_set/vec4 8;
    %jmp/0xz  T_10.2, 8;
    %pushi/vec4 1, 0, 1;
    %ix/load 4, 4, 0;
    %flag_set/imm 4, 0;
    %store/vec4 v000001c560a7d370_0, 4, 1;
    %load/vec4 v000001c560b3c920_0;
    %parti/s 8, 56, 7;
    %or/r;
    %flag_set/vec4 8;
    %jmp/0xz  T_10.4, 8;
    %pushi/vec4 1, 0, 1;
    %ix/load 4, 3, 0;
    %flag_set/imm 4, 0;
    %store/vec4 v000001c560a7d370_0, 4, 1;
    %load/vec4 v000001c560b3c920_0;
    %parti/s 4, 60, 7;
    %or/r;
    %flag_set/vec4 8;
    %jmp/0xz  T_10.6, 8;
    %pushi/vec4 1, 0, 1;
    %ix/load 4, 2, 0;
    %flag_set/imm 4, 0;
    %store/vec4 v000001c560a7d370_0, 4, 1;
    %load/vec4 v000001c560b3c920_0;
    %parti/s 1, 63, 7;
    %flag_set/vec4 8;
    %jmp/0 T_10.8, 8;
    %pushi/vec4 3, 0, 2;
    %jmp/1 T_10.9, 8;
T_10.8 ; End of true expr.
    %load/vec4 v000001c560b3c920_0;
    %parti/s 1, 62, 7;
    %flag_set/vec4 9;
    %jmp/0 T_10.10, 9;
    %pushi/vec4 2, 0, 2;
    %jmp/1 T_10.11, 9;
T_10.10 ; End of true expr.
    %load/vec4 v000001c560b3c920_0;
    %parti/s 1, 61, 7;
    %flag_set/vec4 10;
    %jmp/0 T_10.12, 10;
    %pushi/vec4 1, 0, 2;
    %jmp/1 T_10.13, 10;
T_10.12 ; End of true expr.
    %pushi/vec4 0, 0, 2;
    %jmp/0 T_10.13, 10;
 ; End of false expr.
    %blend;
T_10.13;
    %jmp/0 T_10.11, 9;
 ; End of false expr.
    %blend;
T_10.11;
    %jmp/0 T_10.9, 8;
 ; End of false expr.
    %blend;
T_10.9;
    %ix/load 4, 0, 0;
    %flag_set/imm 4, 0;
    %store/vec4 v000001c560a7d370_0, 4, 2;
    %jmp T_10.7;
T_10.6 ;
    %pushi/vec4 0, 0, 1;
    %ix/load 4, 2, 0;
    %flag_set/imm 4, 0;
    %store/vec4 v000001c560a7d370_0, 4, 1;
    %load/vec4 v000001c560b3c920_0;
    %parti/s 1, 59, 7;
    %flag_set/vec4 8;
    %jmp/0 T_10.14, 8;
    %pushi/vec4 3, 0, 2;
    %jmp/1 T_10.15, 8;
T_10.14 ; End of true expr.
    %load/vec4 v000001c560b3c920_0;
    %parti/s 1, 58, 7;
    %flag_set/vec4 9;
    %jmp/0 T_10.16, 9;
    %pushi/vec4 2, 0, 2;
    %jmp/1 T_10.17, 9;
T_10.16 ; End of true expr.
    %load/vec4 v000001c560b3c920_0;
    %parti/s 1, 57, 7;
    %flag_set/vec4 10;
    %jmp/0 T_10.18, 10;
    %pushi/vec4 1, 0, 2;
    %jmp/1 T_10.19, 10;
T_10.18 ; End of true expr.
    %pushi/vec4 0, 0, 2;
    %jmp/0 T_10.19, 10;
 ; End of false expr.
    %blend;
T_10.19;
    %jmp/0 T_10.17, 9;
 ; End of false expr.
    %blend;
T_10.17;
    %jmp/0 T_10.15, 8;
 ; End of false expr.
    %blend;
T_10.15;
    %ix/load 4, 0, 0;
    %flag_set/imm 4, 0;
    %store/vec4 v000001c560a7d370_0, 4, 2;
T_10.7 ;
    %jmp T_10.5;
T_10.4 ;
    %pushi/vec4 0, 0, 1;
    %ix/load 4, 3, 0;
    %flag_set/imm 4, 0;
    %store/vec4 v000001c560a7d370_0, 4, 1;
    %load/vec4 v000001c560b3c920_0;
    %parti/s 4, 52, 7;
    %or/r;
    %flag_set/vec4 8;
    %jmp/0xz  T_10.20, 8;
    %pushi/vec4 1, 0, 1;
    %ix/load 4, 2, 0;
    %flag_set/imm 4, 0;
    %store/vec4 v000001c560a7d370_0, 4, 1;
    %load/vec4 v000001c560b3c920_0;
    %parti/s 1, 55, 7;
    %flag_set/vec4 8;
    %jmp/0 T_10.22, 8;
    %pushi/vec4 3, 0, 2;
    %jmp/1 T_10.23, 8;
T_10.22 ; End of true expr.
    %load/vec4 v000001c560b3c920_0;
    %parti/s 1, 54, 7;
    %flag_set/vec4 9;
    %jmp/0 T_10.24, 9;
    %pushi/vec4 2, 0, 2;
    %jmp/1 T_10.25, 9;
T_10.24 ; End of true expr.
    %load/vec4 v000001c560b3c920_0;
    %parti/s 1, 53, 7;
    %flag_set/vec4 10;
    %jmp/0 T_10.26, 10;
    %pushi/vec4 1, 0, 2;
    %jmp/1 T_10.27, 10;
T_10.26 ; End of true expr.
    %pushi/vec4 0, 0, 2;
    %jmp/0 T_10.27, 10;
 ; End of false expr.
    %blend;
T_10.27;
    %jmp/0 T_10.25, 9;
 ; End of false expr.
    %blend;
T_10.25;
    %jmp/0 T_10.23, 8;
 ; End of false expr.
    %blend;
T_10.23;
    %ix/load 4, 0, 0;
    %flag_set/imm 4, 0;
    %store/vec4 v000001c560a7d370_0, 4, 2;
    %jmp T_10.21;
T_10.20 ;
    %pushi/vec4 0, 0, 1;
    %ix/load 4, 2, 0;
    %flag_set/imm 4, 0;
    %store/vec4 v000001c560a7d370_0, 4, 1;
    %load/vec4 v000001c560b3c920_0;
    %parti/s 1, 51, 7;
    %flag_set/vec4 8;
    %jmp/0 T_10.28, 8;
    %pushi/vec4 3, 0, 2;
    %jmp/1 T_10.29, 8;
T_10.28 ; End of true expr.
    %load/vec4 v000001c560b3c920_0;
    %parti/s 1, 50, 7;
    %flag_set/vec4 9;
    %jmp/0 T_10.30, 9;
    %pushi/vec4 2, 0, 2;
    %jmp/1 T_10.31, 9;
T_10.30 ; End of true expr.
    %load/vec4 v000001c560b3c920_0;
    %parti/s 1, 49, 7;
    %flag_set/vec4 10;
    %jmp/0 T_10.32, 10;
    %pushi/vec4 1, 0, 2;
    %jmp/1 T_10.33, 10;
T_10.32 ; End of true expr.
    %pushi/vec4 0, 0, 2;
    %jmp/0 T_10.33, 10;
 ; End of false expr.
    %blend;
T_10.33;
    %jmp/0 T_10.31, 9;
 ; End of false expr.
    %blend;
T_10.31;
    %jmp/0 T_10.29, 8;
 ; End of false expr.
    %blend;
T_10.29;
    %ix/load 4, 0, 0;
    %flag_set/imm 4, 0;
    %store/vec4 v000001c560a7d370_0, 4, 2;
T_10.21 ;
T_10.5 ;
    %jmp T_10.3;
T_10.2 ;
    %pushi/vec4 0, 0, 1;
    %ix/load 4, 4, 0;
    %flag_set/imm 4, 0;
    %store/vec4 v000001c560a7d370_0, 4, 1;
    %load/vec4 v000001c560b3c920_0;
    %parti/s 8, 40, 7;
    %or/r;
    %flag_set/vec4 8;
    %jmp/0xz  T_10.34, 8;
    %pushi/vec4 1, 0, 1;
    %ix/load 4, 3, 0;
    %flag_set/imm 4, 0;
    %store/vec4 v000001c560a7d370_0, 4, 1;
    %load/vec4 v000001c560b3c920_0;
    %parti/s 4, 44, 7;
    %or/r;
    %flag_set/vec4 8;
    %jmp/0xz  T_10.36, 8;
    %pushi/vec4 1, 0, 1;
    %ix/load 4, 2, 0;
    %flag_set/imm 4, 0;
    %store/vec4 v000001c560a7d370_0, 4, 1;
    %load/vec4 v000001c560b3c920_0;
    %parti/s 1, 47, 7;
    %flag_set/vec4 8;
    %jmp/0 T_10.38, 8;
    %pushi/vec4 3, 0, 2;
    %jmp/1 T_10.39, 8;
T_10.38 ; End of true expr.
    %load/vec4 v000001c560b3c920_0;
    %parti/s 1, 46, 7;
    %flag_set/vec4 9;
    %jmp/0 T_10.40, 9;
    %pushi/vec4 2, 0, 2;
    %jmp/1 T_10.41, 9;
T_10.40 ; End of true expr.
    %load/vec4 v000001c560b3c920_0;
    %parti/s 1, 45, 7;
    %flag_set/vec4 10;
    %jmp/0 T_10.42, 10;
    %pushi/vec4 1, 0, 2;
    %jmp/1 T_10.43, 10;
T_10.42 ; End of true expr.
    %pushi/vec4 0, 0, 2;
    %jmp/0 T_10.43, 10;
 ; End of false expr.
    %blend;
T_10.43;
    %jmp/0 T_10.41, 9;
 ; End of false expr.
    %blend;
T_10.41;
    %jmp/0 T_10.39, 8;
 ; End of false expr.
    %blend;
T_10.39;
    %ix/load 4, 0, 0;
    %flag_set/imm 4, 0;
    %store/vec4 v000001c560a7d370_0, 4, 2;
    %jmp T_10.37;
T_10.36 ;
    %pushi/vec4 0, 0, 1;
    %ix/load 4, 2, 0;
    %flag_set/imm 4, 0;
    %store/vec4 v000001c560a7d370_0, 4, 1;
    %load/vec4 v000001c560b3c920_0;
    %parti/s 1, 43, 7;
    %flag_set/vec4 8;
    %jmp/0 T_10.44, 8;
    %pushi/vec4 3, 0, 2;
    %jmp/1 T_10.45, 8;
T_10.44 ; End of true expr.
    %load/vec4 v000001c560b3c920_0;
    %parti/s 1, 42, 7;
    %flag_set/vec4 9;
    %jmp/0 T_10.46, 9;
    %pushi/vec4 2, 0, 2;
    %jmp/1 T_10.47, 9;
T_10.46 ; End of true expr.
    %load/vec4 v000001c560b3c920_0;
    %parti/s 1, 41, 7;
    %flag_set/vec4 10;
    %jmp/0 T_10.48, 10;
    %pushi/vec4 1, 0, 2;
    %jmp/1 T_10.49, 10;
T_10.48 ; End of true expr.
    %pushi/vec4 0, 0, 2;
    %jmp/0 T_10.49, 10;
 ; End of false expr.
    %blend;
T_10.49;
    %jmp/0 T_10.47, 9;
 ; End of false expr.
    %blend;
T_10.47;
    %jmp/0 T_10.45, 8;
 ; End of false expr.
    %blend;
T_10.45;
    %ix/load 4, 0, 0;
    %flag_set/imm 4, 0;
    %store/vec4 v000001c560a7d370_0, 4, 2;
T_10.37 ;
    %jmp T_10.35;
T_10.34 ;
    %pushi/vec4 0, 0, 1;
    %ix/load 4, 3, 0;
    %flag_set/imm 4, 0;
    %store/vec4 v000001c560a7d370_0, 4, 1;
    %load/vec4 v000001c560b3c920_0;
    %parti/s 4, 36, 7;
    %or/r;
    %flag_set/vec4 8;
    %jmp/0xz  T_10.50, 8;
    %pushi/vec4 1, 0, 1;
    %ix/load 4, 2, 0;
    %flag_set/imm 4, 0;
    %store/vec4 v000001c560a7d370_0, 4, 1;
    %load/vec4 v000001c560b3c920_0;
    %parti/s 1, 39, 7;
    %flag_set/vec4 8;
    %jmp/0 T_10.52, 8;
    %pushi/vec4 3, 0, 2;
    %jmp/1 T_10.53, 8;
T_10.52 ; End of true expr.
    %load/vec4 v000001c560b3c920_0;
    %parti/s 1, 38, 7;
    %flag_set/vec4 9;
    %jmp/0 T_10.54, 9;
    %pushi/vec4 2, 0, 2;
    %jmp/1 T_10.55, 9;
T_10.54 ; End of true expr.
    %load/vec4 v000001c560b3c920_0;
    %parti/s 1, 37, 7;
    %flag_set/vec4 10;
    %jmp/0 T_10.56, 10;
    %pushi/vec4 1, 0, 2;
    %jmp/1 T_10.57, 10;
T_10.56 ; End of true expr.
    %pushi/vec4 0, 0, 2;
    %jmp/0 T_10.57, 10;
 ; End of false expr.
    %blend;
T_10.57;
    %jmp/0 T_10.55, 9;
 ; End of false expr.
    %blend;
T_10.55;
    %jmp/0 T_10.53, 8;
 ; End of false expr.
    %blend;
T_10.53;
    %ix/load 4, 0, 0;
    %flag_set/imm 4, 0;
    %store/vec4 v000001c560a7d370_0, 4, 2;
    %jmp T_10.51;
T_10.50 ;
    %pushi/vec4 0, 0, 1;
    %ix/load 4, 2, 0;
    %flag_set/imm 4, 0;
    %store/vec4 v000001c560a7d370_0, 4, 1;
    %load/vec4 v000001c560b3c920_0;
    %parti/s 1, 35, 7;
    %flag_set/vec4 8;
    %jmp/0 T_10.58, 8;
    %pushi/vec4 3, 0, 2;
    %jmp/1 T_10.59, 8;
T_10.58 ; End of true expr.
    %load/vec4 v000001c560b3c920_0;
    %parti/s 1, 34, 7;
    %flag_set/vec4 9;
    %jmp/0 T_10.60, 9;
    %pushi/vec4 2, 0, 2;
    %jmp/1 T_10.61, 9;
T_10.60 ; End of true expr.
    %load/vec4 v000001c560b3c920_0;
    %parti/s 1, 33, 7;
    %flag_set/vec4 10;
    %jmp/0 T_10.62, 10;
    %pushi/vec4 1, 0, 2;
    %jmp/1 T_10.63, 10;
T_10.62 ; End of true expr.
    %pushi/vec4 0, 0, 2;
    %jmp/0 T_10.63, 10;
 ; End of false expr.
    %blend;
T_10.63;
    %jmp/0 T_10.61, 9;
 ; End of false expr.
    %blend;
T_10.61;
    %jmp/0 T_10.59, 8;
 ; End of false expr.
    %blend;
T_10.59;
    %ix/load 4, 0, 0;
    %flag_set/imm 4, 0;
    %store/vec4 v000001c560a7d370_0, 4, 2;
T_10.51 ;
T_10.35 ;
T_10.3 ;
    %jmp T_10.1;
T_10.0 ;
    %pushi/vec4 0, 0, 1;
    %ix/load 4, 5, 0;
    %flag_set/imm 4, 0;
    %store/vec4 v000001c560a7d370_0, 4, 1;
    %load/vec4 v000001c560b3c920_0;
    %parti/s 16, 16, 6;
    %or/r;
    %flag_set/vec4 8;
    %jmp/0xz  T_10.64, 8;
    %pushi/vec4 1, 0, 1;
    %ix/load 4, 4, 0;
    %flag_set/imm 4, 0;
    %store/vec4 v000001c560a7d370_0, 4, 1;
    %load/vec4 v000001c560b3c920_0;
    %parti/s 8, 24, 6;
    %or/r;
    %flag_set/vec4 8;
    %jmp/0xz  T_10.66, 8;
    %pushi/vec4 1, 0, 1;
    %ix/load 4, 3, 0;
    %flag_set/imm 4, 0;
    %store/vec4 v000001c560a7d370_0, 4, 1;
    %load/vec4 v000001c560b3c920_0;
    %parti/s 4, 28, 6;
    %or/r;
    %flag_set/vec4 8;
    %jmp/0xz  T_10.68, 8;
    %pushi/vec4 1, 0, 1;
    %ix/load 4, 2, 0;
    %flag_set/imm 4, 0;
    %store/vec4 v000001c560a7d370_0, 4, 1;
    %load/vec4 v000001c560b3c920_0;
    %parti/s 1, 31, 6;
    %flag_set/vec4 8;
    %jmp/0 T_10.70, 8;
    %pushi/vec4 3, 0, 2;
    %jmp/1 T_10.71, 8;
T_10.70 ; End of true expr.
    %load/vec4 v000001c560b3c920_0;
    %parti/s 1, 30, 6;
    %flag_set/vec4 9;
    %jmp/0 T_10.72, 9;
    %pushi/vec4 2, 0, 2;
    %jmp/1 T_10.73, 9;
T_10.72 ; End of true expr.
    %load/vec4 v000001c560b3c920_0;
    %parti/s 1, 29, 6;
    %flag_set/vec4 10;
    %jmp/0 T_10.74, 10;
    %pushi/vec4 1, 0, 2;
    %jmp/1 T_10.75, 10;
T_10.74 ; End of true expr.
    %pushi/vec4 0, 0, 2;
    %jmp/0 T_10.75, 10;
 ; End of false expr.
    %blend;
T_10.75;
    %jmp/0 T_10.73, 9;
 ; End of false expr.
    %blend;
T_10.73;
    %jmp/0 T_10.71, 8;
 ; End of false expr.
    %blend;
T_10.71;
    %ix/load 4, 0, 0;
    %flag_set/imm 4, 0;
    %store/vec4 v000001c560a7d370_0, 4, 2;
    %jmp T_10.69;
T_10.68 ;
    %pushi/vec4 0, 0, 1;
    %ix/load 4, 2, 0;
    %flag_set/imm 4, 0;
    %store/vec4 v000001c560a7d370_0, 4, 1;
    %load/vec4 v000001c560b3c920_0;
    %parti/s 1, 27, 6;
    %flag_set/vec4 8;
    %jmp/0 T_10.76, 8;
    %pushi/vec4 3, 0, 2;
    %jmp/1 T_10.77, 8;
T_10.76 ; End of true expr.
    %load/vec4 v000001c560b3c920_0;
    %parti/s 1, 26, 6;
    %flag_set/vec4 9;
    %jmp/0 T_10.78, 9;
    %pushi/vec4 2, 0, 2;
    %jmp/1 T_10.79, 9;
T_10.78 ; End of true expr.
    %load/vec4 v000001c560b3c920_0;
    %parti/s 1, 25, 6;
    %flag_set/vec4 10;
    %jmp/0 T_10.80, 10;
    %pushi/vec4 1, 0, 2;
    %jmp/1 T_10.81, 10;
T_10.80 ; End of true expr.
    %pushi/vec4 0, 0, 2;
    %jmp/0 T_10.81, 10;
 ; End of false expr.
    %blend;
T_10.81;
    %jmp/0 T_10.79, 9;
 ; End of false expr.
    %blend;
T_10.79;
    %jmp/0 T_10.77, 8;
 ; End of false expr.
    %blend;
T_10.77;
    %ix/load 4, 0, 0;
    %flag_set/imm 4, 0;
    %store/vec4 v000001c560a7d370_0, 4, 2;
T_10.69 ;
    %jmp T_10.67;
T_10.66 ;
    %pushi/vec4 0, 0, 1;
    %ix/load 4, 3, 0;
    %flag_set/imm 4, 0;
    %store/vec4 v000001c560a7d370_0, 4, 1;
    %load/vec4 v000001c560b3c920_0;
    %parti/s 4, 20, 6;
    %or/r;
    %flag_set/vec4 8;
    %jmp/0xz  T_10.82, 8;
    %pushi/vec4 1, 0, 1;
    %ix/load 4, 2, 0;
    %flag_set/imm 4, 0;
    %store/vec4 v000001c560a7d370_0, 4, 1;
    %load/vec4 v000001c560b3c920_0;
    %parti/s 1, 23, 6;
    %flag_set/vec4 8;
    %jmp/0 T_10.84, 8;
    %pushi/vec4 3, 0, 2;
    %jmp/1 T_10.85, 8;
T_10.84 ; End of true expr.
    %load/vec4 v000001c560b3c920_0;
    %parti/s 1, 22, 6;
    %flag_set/vec4 9;
    %jmp/0 T_10.86, 9;
    %pushi/vec4 2, 0, 2;
    %jmp/1 T_10.87, 9;
T_10.86 ; End of true expr.
    %load/vec4 v000001c560b3c920_0;
    %parti/s 1, 21, 6;
    %flag_set/vec4 10;
    %jmp/0 T_10.88, 10;
    %pushi/vec4 1, 0, 2;
    %jmp/1 T_10.89, 10;
T_10.88 ; End of true expr.
    %pushi/vec4 0, 0, 2;
    %jmp/0 T_10.89, 10;
 ; End of false expr.
    %blend;
T_10.89;
    %jmp/0 T_10.87, 9;
 ; End of false expr.
    %blend;
T_10.87;
    %jmp/0 T_10.85, 8;
 ; End of false expr.
    %blend;
T_10.85;
    %ix/load 4, 0, 0;
    %flag_set/imm 4, 0;
    %store/vec4 v000001c560a7d370_0, 4, 2;
    %jmp T_10.83;
T_10.82 ;
    %pushi/vec4 0, 0, 1;
    %ix/load 4, 2, 0;
    %flag_set/imm 4, 0;
    %store/vec4 v000001c560a7d370_0, 4, 1;
    %load/vec4 v000001c560b3c920_0;
    %parti/s 1, 19, 6;
    %flag_set/vec4 8;
    %jmp/0 T_10.90, 8;
    %pushi/vec4 3, 0, 2;
    %jmp/1 T_10.91, 8;
T_10.90 ; End of true expr.
    %load/vec4 v000001c560b3c920_0;
    %parti/s 1, 18, 6;
    %flag_set/vec4 9;
    %jmp/0 T_10.92, 9;
    %pushi/vec4 2, 0, 2;
    %jmp/1 T_10.93, 9;
T_10.92 ; End of true expr.
    %load/vec4 v000001c560b3c920_0;
    %parti/s 1, 17, 6;
    %flag_set/vec4 10;
    %jmp/0 T_10.94, 10;
    %pushi/vec4 1, 0, 2;
    %jmp/1 T_10.95, 10;
T_10.94 ; End of true expr.
    %pushi/vec4 0, 0, 2;
    %jmp/0 T_10.95, 10;
 ; End of false expr.
    %blend;
T_10.95;
    %jmp/0 T_10.93, 9;
 ; End of false expr.
    %blend;
T_10.93;
    %jmp/0 T_10.91, 8;
 ; End of false expr.
    %blend;
T_10.91;
    %ix/load 4, 0, 0;
    %flag_set/imm 4, 0;
    %store/vec4 v000001c560a7d370_0, 4, 2;
T_10.83 ;
T_10.67 ;
    %jmp T_10.65;
T_10.64 ;
    %pushi/vec4 0, 0, 1;
    %ix/load 4, 4, 0;
    %flag_set/imm 4, 0;
    %store/vec4 v000001c560a7d370_0, 4, 1;
    %load/vec4 v000001c560b3c920_0;
    %parti/s 8, 8, 5;
    %or/r;
    %flag_set/vec4 8;
    %jmp/0xz  T_10.96, 8;
    %pushi/vec4 1, 0, 1;
    %ix/load 4, 3, 0;
    %flag_set/imm 4, 0;
    %store/vec4 v000001c560a7d370_0, 4, 1;
    %load/vec4 v000001c560b3c920_0;
    %parti/s 4, 12, 5;
    %or/r;
    %flag_set/vec4 8;
    %jmp/0xz  T_10.98, 8;
    %pushi/vec4 1, 0, 1;
    %ix/load 4, 2, 0;
    %flag_set/imm 4, 0;
    %store/vec4 v000001c560a7d370_0, 4, 1;
    %load/vec4 v000001c560b3c920_0;
    %parti/s 1, 15, 5;
    %flag_set/vec4 8;
    %jmp/0 T_10.100, 8;
    %pushi/vec4 3, 0, 2;
    %jmp/1 T_10.101, 8;
T_10.100 ; End of true expr.
    %load/vec4 v000001c560b3c920_0;
    %parti/s 1, 14, 5;
    %flag_set/vec4 9;
    %jmp/0 T_10.102, 9;
    %pushi/vec4 2, 0, 2;
    %jmp/1 T_10.103, 9;
T_10.102 ; End of true expr.
    %load/vec4 v000001c560b3c920_0;
    %parti/s 1, 13, 5;
    %flag_set/vec4 10;
    %jmp/0 T_10.104, 10;
    %pushi/vec4 1, 0, 2;
    %jmp/1 T_10.105, 10;
T_10.104 ; End of true expr.
    %pushi/vec4 0, 0, 2;
    %jmp/0 T_10.105, 10;
 ; End of false expr.
    %blend;
T_10.105;
    %jmp/0 T_10.103, 9;
 ; End of false expr.
    %blend;
T_10.103;
    %jmp/0 T_10.101, 8;
 ; End of false expr.
    %blend;
T_10.101;
    %ix/load 4, 0, 0;
    %flag_set/imm 4, 0;
    %store/vec4 v000001c560a7d370_0, 4, 2;
    %jmp T_10.99;
T_10.98 ;
    %pushi/vec4 0, 0, 1;
    %ix/load 4, 2, 0;
    %flag_set/imm 4, 0;
    %store/vec4 v000001c560a7d370_0, 4, 1;
    %load/vec4 v000001c560b3c920_0;
    %parti/s 1, 11, 5;
    %flag_set/vec4 8;
    %jmp/0 T_10.106, 8;
    %pushi/vec4 3, 0, 2;
    %jmp/1 T_10.107, 8;
T_10.106 ; End of true expr.
    %load/vec4 v000001c560b3c920_0;
    %parti/s 1, 10, 5;
    %flag_set/vec4 9;
    %jmp/0 T_10.108, 9;
    %pushi/vec4 2, 0, 2;
    %jmp/1 T_10.109, 9;
T_10.108 ; End of true expr.
    %load/vec4 v000001c560b3c920_0;
    %parti/s 1, 9, 5;
    %flag_set/vec4 10;
    %jmp/0 T_10.110, 10;
    %pushi/vec4 1, 0, 2;
    %jmp/1 T_10.111, 10;
T_10.110 ; End of true expr.
    %pushi/vec4 0, 0, 2;
    %jmp/0 T_10.111, 10;
 ; End of false expr.
    %blend;
T_10.111;
    %jmp/0 T_10.109, 9;
 ; End of false expr.
    %blend;
T_10.109;
    %jmp/0 T_10.107, 8;
 ; End of false expr.
    %blend;
T_10.107;
    %ix/load 4, 0, 0;
    %flag_set/imm 4, 0;
    %store/vec4 v000001c560a7d370_0, 4, 2;
T_10.99 ;
    %jmp T_10.97;
T_10.96 ;
    %pushi/vec4 0, 0, 1;
    %ix/load 4, 3, 0;
    %flag_set/imm 4, 0;
    %store/vec4 v000001c560a7d370_0, 4, 1;
    %load/vec4 v000001c560b3c920_0;
    %parti/s 4, 4, 4;
    %or/r;
    %flag_set/vec4 8;
    %jmp/0xz  T_10.112, 8;
    %pushi/vec4 1, 0, 1;
    %ix/load 4, 2, 0;
    %flag_set/imm 4, 0;
    %store/vec4 v000001c560a7d370_0, 4, 1;
    %load/vec4 v000001c560b3c920_0;
    %parti/s 1, 7, 4;
    %flag_set/vec4 8;
    %jmp/0 T_10.114, 8;
    %pushi/vec4 3, 0, 2;
    %jmp/1 T_10.115, 8;
T_10.114 ; End of true expr.
    %load/vec4 v000001c560b3c920_0;
    %parti/s 1, 6, 4;
    %flag_set/vec4 9;
    %jmp/0 T_10.116, 9;
    %pushi/vec4 2, 0, 2;
    %jmp/1 T_10.117, 9;
T_10.116 ; End of true expr.
    %load/vec4 v000001c560b3c920_0;
    %parti/s 1, 5, 4;
    %flag_set/vec4 10;
    %jmp/0 T_10.118, 10;
    %pushi/vec4 1, 0, 2;
    %jmp/1 T_10.119, 10;
T_10.118 ; End of true expr.
    %pushi/vec4 0, 0, 2;
    %jmp/0 T_10.119, 10;
 ; End of false expr.
    %blend;
T_10.119;
    %jmp/0 T_10.117, 9;
 ; End of false expr.
    %blend;
T_10.117;
    %jmp/0 T_10.115, 8;
 ; End of false expr.
    %blend;
T_10.115;
    %ix/load 4, 0, 0;
    %flag_set/imm 4, 0;
    %store/vec4 v000001c560a7d370_0, 4, 2;
    %jmp T_10.113;
T_10.112 ;
    %pushi/vec4 0, 0, 1;
    %ix/load 4, 2, 0;
    %flag_set/imm 4, 0;
    %store/vec4 v000001c560a7d370_0, 4, 1;
    %load/vec4 v000001c560b3c920_0;
    %parti/s 1, 3, 3;
    %flag_set/vec4 8;
    %jmp/0 T_10.120, 8;
    %pushi/vec4 3, 0, 2;
    %jmp/1 T_10.121, 8;
T_10.120 ; End of true expr.
    %load/vec4 v000001c560b3c920_0;
    %parti/s 1, 2, 3;
    %flag_set/vec4 9;
    %jmp/0 T_10.122, 9;
    %pushi/vec4 2, 0, 2;
    %jmp/1 T_10.123, 9;
T_10.122 ; End of true expr.
    %load/vec4 v000001c560b3c920_0;
    %parti/s 1, 1, 2;
    %flag_set/vec4 10;
    %jmp/0 T_10.124, 10;
    %pushi/vec4 1, 0, 2;
    %jmp/1 T_10.125, 10;
T_10.124 ; End of true expr.
    %load/vec4 v000001c560b3c920_0;
    %parti/s 1, 0, 2;
    %flag_set/vec4 11;
    %jmp/0 T_10.126, 11;
    %pushi/vec4 0, 0, 2;
    %jmp/1 T_10.127, 11;
T_10.126 ; End of true expr.
    %pushi/vec4 0, 0, 2;
    %jmp/0 T_10.127, 11;
 ; End of false expr.
    %blend;
T_10.127;
    %jmp/0 T_10.125, 10;
 ; End of false expr.
    %blend;
T_10.125;
    %jmp/0 T_10.123, 9;
 ; End of false expr.
    %blend;
T_10.123;
    %jmp/0 T_10.121, 8;
 ; End of false expr.
    %blend;
T_10.121;
    %ix/load 4, 0, 0;
    %flag_set/imm 4, 0;
    %store/vec4 v000001c560a7d370_0, 4, 2;
T_10.113 ;
T_10.97 ;
T_10.65 ;
T_10.1 ;
    %pushi/vec4 52, 0, 32;
    %load/vec4 v000001c560a7d370_0;
    %pad/u 32;
    %sub;
    %pad/u 6;
    %store/vec4 v000001c560b3d140_0, 0, 6;
    %load/vec4 v000001c560b3cd80_0;
    %load/vec4 v000001c560b3d140_0;
    %ix/vec4 4;
    %shiftl 4;
    %store/vec4 v000001c560b3d6e0_0, 0, 54;
    %jmp T_10;
    .thread T_10, $push;
# The file index is used to find the file name in the following table.
:file_names 3;
    "N/A";
    "<interactive>";
    "FLOAT_ADD.v";
