#! /c/Source/iverilog-install/bin/vvp
:ivl_version "12.0 (devel)" "(s20150603-1110-g18392a46)";
:ivl_delay_selection "TYPICAL";
:vpi_time_precision - 12;
:vpi_module "C:\iverilog\lib\ivl\system.vpi";
:vpi_module "C:\iverilog\lib\ivl\vhdl_sys.vpi";
:vpi_module "C:\iverilog\lib\ivl\vhdl_textio.vpi";
:vpi_module "C:\iverilog\lib\ivl\v2005_math.vpi";
:vpi_module "C:\iverilog\lib\ivl\va_math.vpi";
S_00000266dcf2e820 .scope module, "FLOAT_MUL_tb" "FLOAT_MUL_tb" 2 4;
 .timescale -9 -12;
P_00000266dcf0a9f0 .param/l "BIAS" 1 2 6, +C4<00000000000000000000001111111111>;
P_00000266dcf0aa28 .param/l "BIT" 1 2 5, +C4<00000000000000000000000001000000>;
P_00000266dcf0aa60 .param/l "EXPONENT_LEN" 1 2 7, +C4<00000000000000000000000000001011>;
P_00000266dcf0aa98 .param/l "MANTISSA_LEN" 1 2 8, +C4<00000000000000000000000000110100>;
P_00000266dcf0aad0 .param/l "N" 1 2 9, +C4<00000000000000000000001111101000>;
v00000266dd2d1410_0 .var "clk", 0 0;
v00000266dd2d1f50_0 .var/i "errors", 31 0;
v00000266dd2d1ff0_0 .var/i "fd", 31 0;
v00000266dd2d1230 .array "golden_result", 999 0, 63 0;
v00000266dd2d19b0_0 .var/i "i", 31 0;
v00000266dd2d1190_0 .var/i "j", 31 0;
v00000266dd2d2ef0_0 .var/i "k", 31 0;
v00000266dd2d2810_0 .var "num1", 63 0;
v00000266dd2d1e10 .array "num1_mem", 999 0, 63 0;
v00000266dd2d2090_0 .var "num2", 63 0;
v00000266dd2d12d0 .array "num2_mem", 999 0, 63 0;
v00000266dd2d2bd0_0 .var/i "r", 31 0;
v00000266dd2d1a50_0 .net "ready", 0 0, L_00000266dcf249f0;  1 drivers
v00000266dd2d2310_0 .net "result", 63 0, L_00000266dd32b1c0;  1 drivers
v00000266dd2d2a90_0 .var "rstn", 0 0;
v00000266dd2d1b90_0 .var "t1", 63 0;
v00000266dd2d2c70_0 .var "t2", 63 0;
v00000266dd2d2d10_0 .var "t3", 63 0;
v00000266dd2d1370_0 .var/i "timeout", 31 0;
v00000266dd2d23b0_0 .var "valid", 0 0;
E_00000266dcf1f210 .event posedge, v00000266dcf0f040_0;
E_00000266dcf1f510 .event anyedge, v00000266dd2d1730_0;
E_00000266dcf1f550 .event negedge, v00000266dcf0f040_0;
S_00000266dcf2f140 .scope module, "uut" "FLOAT_MUL" 2 20, 3 6 0, S_00000266dcf2e820;
 .timescale -9 -12;
    .port_info 0 /INPUT 64 "num1";
    .port_info 1 /INPUT 64 "num2";
    .port_info 2 /INPUT 1 "clk";
    .port_info 3 /INPUT 1 "rstn";
    .port_info 4 /OUTPUT 64 "result";
    .port_info 5 /INPUT 1 "valid";
    .port_info 6 /OUTPUT 1 "ready";
P_00000266dcf0c770 .param/l "BIAS" 1 3 16, +C4<00000000000000000000001111111111>;
P_00000266dcf0c7a8 .param/l "BIT" 1 3 15, +C4<00000000000000000000000001000000>;
P_00000266dcf0c7e0 .param/l "EXPONENT_LEN" 1 3 17, +C4<00000000000000000000000000001011>;
P_00000266dcf0c818 .param/l "MANTISSA_LEN" 1 3 18, +C4<00000000000000000000000000110100>;
L_00000266dcf24d70 .functor OR 1, L_00000266dcf242f0, L_00000266dcf24ad0, C4<0>, C4<0>;
L_00000266dcf242f0 .functor NOT 1, L_00000266dd2d2b30, C4<0>, C4<0>, C4<0>;
L_00000266dcf24ad0 .functor NOT 1, L_00000266dd2d14b0, C4<0>, C4<0>, C4<0>;
L_00000266dcf243d0 .functor NOT 1, L_00000266dd2d2db0, C4<0>, C4<0>, C4<0>;
L_00000266dcf24b40 .functor NOT 1, L_00000266dd2d2e50, C4<0>, C4<0>, C4<0>;
L_00000266dcf249f0 .functor BUFZ 1, v00000266dcf5d700_0, C4<0>, C4<0>, C4<0>;
L_00000266dcf244b0 .functor OR 1, L_00000266dd32c3e0, L_00000266dd32c520, C4<0>, C4<0>;
L_00000266dcf24830 .functor OR 1, L_00000266dcf244b0, L_00000266dd32b260, C4<0>, C4<0>;
L_00000266dcf24c90 .functor AND 1, L_00000266dd32b120, L_00000266dcf24830, C4<1>, C4<1>;
v00000266dcf0dec0_0 .net "Guard", 0 0, L_00000266dd32b120;  1 drivers
v00000266dcf0e1e0_0 .net "LSB", 0 0, L_00000266dd32b260;  1 drivers
v00000266dcf0df60_0 .net "Round", 0 0, L_00000266dd32c3e0;  1 drivers
v00000266dcf0e8c0_0 .net "Sticky", 0 0, L_00000266dd32c520;  1 drivers
v00000266dcf0f0e0_0 .net *"_ivl_11", 0 0, L_00000266dd2d14b0;  1 drivers
v00000266dcf0f2c0_0 .net *"_ivl_15", 10 0, L_00000266dd2d15f0;  1 drivers
v00000266dcf0e000_0 .net *"_ivl_17", 0 0, L_00000266dd2d2db0;  1 drivers
v00000266dcf0f7c0_0 .net *"_ivl_21", 10 0, L_00000266dd2d2590;  1 drivers
v00000266dcf0e280_0 .net *"_ivl_23", 0 0, L_00000266dd2d2e50;  1 drivers
v00000266dcf0e0a0_0 .net *"_ivl_27", 0 0, L_00000266dd2d1c30;  1 drivers
v00000266dcf0e960_0 .net *"_ivl_28", 53 0, L_00000266dd2d28b0;  1 drivers
v00000266dcf0edc0_0 .net *"_ivl_3", 62 0, L_00000266dd2d1af0;  1 drivers
L_00000266dd2d30b8 .functor BUFT 1, C4<00000000000000000000000000000000000000000000000000000>, C4<0>, C4<0>, C4<0>;
v00000266dcf0ec80_0 .net *"_ivl_31", 52 0, L_00000266dd2d30b8;  1 drivers
v00000266dcf0dce0_0 .net *"_ivl_35", 0 0, L_00000266dd2d1d70;  1 drivers
v00000266dcf0ea00_0 .net *"_ivl_36", 16 0, L_00000266dd2d2450;  1 drivers
L_00000266dd2d3100 .functor BUFT 1, C4<0000000000000000>, C4<0>, C4<0>, C4<0>;
v00000266dcf0ebe0_0 .net *"_ivl_39", 15 0, L_00000266dd2d3100;  1 drivers
v00000266dcf0dba0_0 .net *"_ivl_43", 0 0, L_00000266dd2d2630;  1 drivers
v00000266dcf0eaa0_0 .net *"_ivl_44", 27 0, L_00000266dd2d26d0;  1 drivers
L_00000266dd2d3148 .functor BUFT 1, C4<000000000000000000000000000>, C4<0>, C4<0>, C4<0>;
v00000266dcf0ed20_0 .net *"_ivl_47", 26 0, L_00000266dd2d3148;  1 drivers
v00000266dcf0f5e0_0 .net *"_ivl_48", 27 0, L_00000266dd32b760;  1 drivers
v00000266dcf0ee60_0 .net *"_ivl_5", 0 0, L_00000266dd2d2b30;  1 drivers
v00000266dcf0f360_0 .net *"_ivl_61", 49 0, L_00000266dd32c020;  1 drivers
v00000266dcf0ef00_0 .net *"_ivl_64", 0 0, L_00000266dcf244b0;  1 drivers
v00000266dcf0e140_0 .net *"_ivl_66", 0 0, L_00000266dcf24830;  1 drivers
v00000266dcf0efa0_0 .net *"_ivl_9", 62 0, L_00000266dd2d1690;  1 drivers
v00000266dcf0e320_0 .net "check_denor1", 0 0, L_00000266dcf243d0;  1 drivers
v00000266dcf0f720_0 .net "check_denor2", 0 0, L_00000266dcf24b40;  1 drivers
v00000266dcf0f040_0 .net "clk", 0 0, v00000266dd2d1410_0;  1 drivers
v00000266dcf0f400_0 .var/i "i", 31 0;
v00000266dcf0e3c0_0 .net "num1", 63 0, v00000266dd2d2810_0;  1 drivers
v00000266dcf0f4a0_0 .net "num1_zero", 0 0, L_00000266dcf242f0;  1 drivers
v00000266dcf0f540_0 .net "num2", 63 0, v00000266dd2d2090_0;  1 drivers
v00000266dcf0f680_0 .net "num2_zero", 0 0, L_00000266dcf24ad0;  1 drivers
v00000266dcf0f9a0_0 .var "pip0_num1", 63 0;
v00000266dcf0dc40_0 .var "pip0_num2", 63 0;
v00000266dcf0f860_0 .var "pip0_valid", 0 0;
v00000266dcf0f900_0 .var "pip10_AB_remain", 47 0;
v00000266dcf0e500_0 .var "pip10_exponent", 11 0;
v00000266dcf0de20_0 .var "pip10_m", 27 0;
v00000266dcf0e460_0 .var "pip10_n", 31 0;
v00000266dcf0e5a0_0 .var "pip10_sign", 0 0;
v00000266dcf0e640_0 .var "pip10_valid", 0 0;
v00000266dcf0e6e0_0 .var "pip11_exponent", 11 0;
v00000266dcf0e780_0 .var "pip11_mantissa", 105 0;
v00000266dce9f4e0_0 .net "pip11_mn", 26 0, L_00000266dd32b620;  1 drivers
v00000266dce9f8a0_0 .var "pip11_sign", 0 0;
v00000266dcf5e600_0 .var "pip11_valid", 0 0;
v00000266dcf5e740_0 .var "pip12_exponent", 10 0;
v00000266dcf5e1a0_0 .var "pip12_mantissa", 105 0;
v00000266dcf5d840_0 .var "pip12_sign", 0 0;
v00000266dcf5cd00_0 .var "pip12_valid", 0 0;
v00000266dcf5d3e0_0 .var "pip13_exponent", 10 0;
v00000266dcf5cda0_0 .var "pip13_mantissa", 51 0;
v00000266dcf5db60_0 .var "pip13_sign", 0 0;
v00000266dcf5d700_0 .var "pip13_valid", 0 0;
v00000266dcf5d660_0 .var "pip1_exponent1", 10 0;
v00000266dcf5ce40_0 .var "pip1_exponent2", 10 0;
v00000266dcf5cee0 .array "pip1_mantissa1", 0 52, 52 0;
v00000266dcf5cf80_0 .var "pip1_mantissa2", 52 0;
v00000266dcf5e240_0 .var "pip1_sign1", 0 0;
v00000266dcf5e6a0_0 .var "pip1_sign2", 0 0;
v00000266dcf5d7a0_0 .var "pip1_valid", 0 0;
v00000266dcf5dd40_0 .var "pip1_zero", 0 0;
v00000266dcf5e4c0_0 .var "pip2_exponent", 11 0;
v00000266dcf5d020 .array "pip2_mantissa", 0 52, 52 0;
v00000266dcf5dc00_0 .var "pip2_sign", 0 0;
v00000266dcf5d8e0_0 .var "pip2_valid", 0 0;
v00000266dcf5dca0_0 .var "pip2_zero", 0 0;
v00000266dcf5e880_0 .var "pip3_exponent", 11 0;
v00000266dcf5d0c0 .array "pip3_mantissa", 0 26, 54 0;
v00000266dcf5d980_0 .var "pip3_sign", 0 0;
v00000266dcf5d160_0 .var "pip3_valid", 0 0;
v00000266dcf5d200_0 .var "pip4_exponent", 11 0;
v00000266dcf5e7e0 .array "pip4_mantissa", 0 13, 56 0;
v00000266dcf5dde0_0 .var "pip4_sign", 0 0;
v00000266dcf5c9e0_0 .var "pip4_valid", 0 0;
v00000266dcf5de80_0 .var "pip5_exponent", 11 0;
v00000266dcf5d2a0 .array "pip5_mantissa", 0 7, 60 0;
v00000266dcf5d340_0 .var "pip5_sign", 0 0;
v00000266dcf5d480_0 .var "pip5_valid", 0 0;
v00000266dcf5df20_0 .var "pip6_exponent", 11 0;
v00000266dcf5ca80 .array "pip6_mantissa", 0 4, 68 0;
v00000266dcf5cbc0_0 .var "pip6_sign", 0 0;
v00000266dcf5d520_0 .var "pip6_valid", 0 0;
v00000266dcf5d5c0_0 .var "pip7_exponent", 11 0;
v00000266dcf5da20 .array "pip7_mantissa", 0 3, 84 0;
v00000266dcf5cb20_0 .var "pip7_sign", 0 0;
v00000266dcf5cc60_0 .var "pip7_valid", 0 0;
v00000266dcf5dfc0_0 .var "pip8_A_remain", 31 0;
v00000266dcf5e060_0 .var "pip8_C_remain", 3 0;
v00000266dcf5dac0_0 .var "pip8_exponent", 11 0;
v00000266dcf5e100_0 .var "pip8_sign", 0 0;
v00000266dcf5e2e0_0 .var "pip8_valid", 0 0;
v00000266dcf5e380_0 .var "pip8_w", 53 0;
v00000266dcf5e420_0 .var "pip8_x", 16 0;
v00000266dcf5e560_0 .var "pip8_y", 16 0;
v00000266dd2d29f0_0 .var "pip8_z", 37 0;
v00000266dd2d2950_0 .var "pip9_AB", 101 0;
v00000266dd2d2130_0 .var "pip9_CD", 57 0;
v00000266dd2d2270_0 .var "pip9_exponent", 11 0;
v00000266dd2d2770_0 .var "pip9_sign", 0 0;
v00000266dd2d21d0_0 .var "pip9_valid", 0 0;
v00000266dd2d2f90_0 .net "pip9_w", 53 0, L_00000266dd2d1cd0;  1 drivers
v00000266dd2d17d0_0 .net "pip9_y", 16 0, L_00000266dd2d24f0;  1 drivers
v00000266dd2d10f0_0 .net "ready", 0 0, L_00000266dcf249f0;  alias, 1 drivers
v00000266dd2d1550_0 .net "result", 63 0, L_00000266dd32b1c0;  alias, 1 drivers
v00000266dd2d1eb0_0 .net "round_up", 0 0, L_00000266dcf24c90;  1 drivers
v00000266dd2d1730_0 .net "rstn", 0 0, v00000266dd2d2a90_0;  1 drivers
v00000266dd2d1910_0 .net "valid", 0 0, v00000266dd2d23b0_0;  1 drivers
v00000266dd2d1870_0 .net "zero", 0 0, L_00000266dcf24d70;  1 drivers
E_00000266dcf1fc90/0 .event negedge, v00000266dd2d1730_0;
E_00000266dcf1fc90/1 .event posedge, v00000266dcf0f040_0;
E_00000266dcf1fc90 .event/or E_00000266dcf1fc90/0, E_00000266dcf1fc90/1;
L_00000266dd2d1af0 .part v00000266dcf0f9a0_0, 0, 63;
L_00000266dd2d2b30 .reduce/or L_00000266dd2d1af0;
L_00000266dd2d1690 .part v00000266dcf0dc40_0, 0, 63;
L_00000266dd2d14b0 .reduce/or L_00000266dd2d1690;
L_00000266dd2d15f0 .part v00000266dcf0f9a0_0, 52, 11;
L_00000266dd2d2db0 .reduce/or L_00000266dd2d15f0;
L_00000266dd2d2590 .part v00000266dcf0dc40_0, 52, 11;
L_00000266dd2d2e50 .reduce/or L_00000266dd2d2590;
L_00000266dd2d1c30 .part v00000266dcf5e420_0, 16, 1;
L_00000266dd2d28b0 .concat [ 1 53 0 0], L_00000266dd2d1c30, L_00000266dd2d30b8;
L_00000266dd2d1cd0 .arith/sum 54, v00000266dcf5e380_0, L_00000266dd2d28b0;
L_00000266dd2d1d70 .part v00000266dd2d29f0_0, 37, 1;
L_00000266dd2d2450 .concat [ 1 16 0 0], L_00000266dd2d1d70, L_00000266dd2d3100;
L_00000266dd2d24f0 .arith/sum 17, v00000266dcf5e560_0, L_00000266dd2d2450;
L_00000266dd2d2630 .part v00000266dcf0e460_0, 31, 1;
L_00000266dd2d26d0 .concat [ 1 27 0 0], L_00000266dd2d2630, L_00000266dd2d3148;
L_00000266dd32b760 .arith/sum 28, v00000266dcf0de20_0, L_00000266dd2d26d0;
L_00000266dd32b620 .part L_00000266dd32b760, 0, 27;
L_00000266dd32b260 .part v00000266dcf5e1a0_0, 52, 1;
L_00000266dd32b120 .part v00000266dcf5e1a0_0, 51, 1;
L_00000266dd32c3e0 .part v00000266dcf5e1a0_0, 50, 1;
L_00000266dd32c020 .part v00000266dcf5e1a0_0, 0, 50;
L_00000266dd32c520 .reduce/or L_00000266dd32c020;
L_00000266dd32b1c0 .concat [ 52 11 1 0], v00000266dcf5cda0_0, v00000266dcf5d3e0_0, v00000266dcf5db60_0;
    .scope S_00000266dcf2f140;
T_0 ;
    %wait E_00000266dcf1fc90;
    %load/vec4 v00000266dd2d1730_0;
    %nor/r;
    %flag_set/vec4 8;
    %jmp/0xz  T_0.0, 8;
    %pushi/vec4 0, 0, 64;
    %assign/vec4 v00000266dcf0f9a0_0, 0;
    %pushi/vec4 0, 0, 64;
    %assign/vec4 v00000266dcf0dc40_0, 0;
    %pushi/vec4 0, 0, 1;
    %assign/vec4 v00000266dcf0f860_0, 0;
    %jmp T_0.1;
T_0.0 ;
    %load/vec4 v00000266dcf0e3c0_0;
    %assign/vec4 v00000266dcf0f9a0_0, 0;
    %load/vec4 v00000266dcf0f540_0;
    %assign/vec4 v00000266dcf0dc40_0, 0;
    %load/vec4 v00000266dd2d1910_0;
    %assign/vec4 v00000266dcf0f860_0, 0;
T_0.1 ;
    %jmp T_0;
    .thread T_0;
    .scope S_00000266dcf2f140;
T_1 ;
    %wait E_00000266dcf1fc90;
    %load/vec4 v00000266dd2d1730_0;
    %nor/r;
    %flag_set/vec4 8;
    %jmp/0xz  T_1.0, 8;
    %pushi/vec4 0, 0, 1;
    %assign/vec4 v00000266dcf5e240_0, 0;
    %pushi/vec4 0, 0, 1;
    %assign/vec4 v00000266dcf5e6a0_0, 0;
    %pushi/vec4 0, 0, 1;
    %assign/vec4 v00000266dcf5d7a0_0, 0;
    %pushi/vec4 0, 0, 11;
    %assign/vec4 v00000266dcf5d660_0, 0;
    %pushi/vec4 0, 0, 11;
    %assign/vec4 v00000266dcf5ce40_0, 0;
    %pushi/vec4 0, 0, 1;
    %assign/vec4 v00000266dcf5dd40_0, 0;
    %jmp T_1.1;
T_1.0 ;
    %load/vec4 v00000266dcf0f9a0_0;
    %parti/s 1, 63, 7;
    %assign/vec4 v00000266dcf5e240_0, 0;
    %load/vec4 v00000266dcf0dc40_0;
    %parti/s 1, 63, 7;
    %assign/vec4 v00000266dcf5e6a0_0, 0;
    %load/vec4 v00000266dcf0f860_0;
    %assign/vec4 v00000266dcf5d7a0_0, 0;
    %load/vec4 v00000266dcf0e320_0;
    %flag_set/vec4 8;
    %jmp/0xz  T_1.2, 8;
    %pushi/vec4 1, 0, 11;
    %assign/vec4 v00000266dcf5d660_0, 0;
    %jmp T_1.3;
T_1.2 ;
    %load/vec4 v00000266dcf0f9a0_0;
    %parti/s 11, 52, 7;
    %assign/vec4 v00000266dcf5d660_0, 0;
T_1.3 ;
    %load/vec4 v00000266dcf0f720_0;
    %flag_set/vec4 8;
    %jmp/0xz  T_1.4, 8;
    %pushi/vec4 1, 0, 11;
    %assign/vec4 v00000266dcf5ce40_0, 0;
    %jmp T_1.5;
T_1.4 ;
    %load/vec4 v00000266dcf0dc40_0;
    %parti/s 11, 52, 7;
    %assign/vec4 v00000266dcf5ce40_0, 0;
T_1.5 ;
    %load/vec4 v00000266dd2d1870_0;
    %assign/vec4 v00000266dcf5dd40_0, 0;
T_1.1 ;
    %jmp T_1;
    .thread T_1;
    .scope S_00000266dcf2f140;
T_2 ;
    %wait E_00000266dcf1fc90;
    %load/vec4 v00000266dd2d1730_0;
    %nor/r;
    %flag_set/vec4 8;
    %jmp/0xz  T_2.0, 8;
    %pushi/vec4 0, 0, 32;
    %store/vec4 v00000266dcf0f400_0, 0, 32;
T_2.2 ;
    %load/vec4 v00000266dcf0f400_0;
    %cmpi/s 53, 0, 32;
    %jmp/0xz T_2.3, 5;
    %pushi/vec4 0, 0, 53;
    %ix/getv/s 3, v00000266dcf0f400_0;
    %ix/load 4, 0, 0; Constant delay
    %assign/vec4/a/d v00000266dcf5cee0, 0, 4;
    %load/vec4 v00000266dcf0f400_0;
    %addi 1, 0, 32;
    %store/vec4 v00000266dcf0f400_0, 0, 32;
    %jmp T_2.2;
T_2.3 ;
    %pushi/vec4 0, 0, 53;
    %assign/vec4 v00000266dcf5cf80_0, 0;
    %jmp T_2.1;
T_2.0 ;
    %pushi/vec4 0, 0, 32;
    %store/vec4 v00000266dcf0f400_0, 0, 32;
T_2.4 ;
    %load/vec4 v00000266dcf0f400_0;
    %cmpi/s 52, 0, 32;
    %flag_or 5, 4;
    %jmp/0xz T_2.5, 5;
    %load/vec4 v00000266dcf0e320_0;
    %flag_set/vec4 8;
    %jmp/0xz  T_2.6, 8;
    %pushi/vec4 0, 0, 1;
    %load/vec4 v00000266dcf0f9a0_0;
    %parti/s 52, 0, 2;
    %concat/vec4; draw_concat_vec4
    %ix/getv/s 3, v00000266dcf0f400_0;
    %ix/load 4, 0, 0; Constant delay
    %assign/vec4/a/d v00000266dcf5cee0, 0, 4;
    %jmp T_2.7;
T_2.6 ;
    %pushi/vec4 1, 0, 1;
    %load/vec4 v00000266dcf0f9a0_0;
    %parti/s 52, 0, 2;
    %concat/vec4; draw_concat_vec4
    %ix/getv/s 3, v00000266dcf0f400_0;
    %ix/load 4, 0, 0; Constant delay
    %assign/vec4/a/d v00000266dcf5cee0, 0, 4;
T_2.7 ;
    %load/vec4 v00000266dcf0f400_0;
    %addi 1, 0, 32;
    %store/vec4 v00000266dcf0f400_0, 0, 32;
    %jmp T_2.4;
T_2.5 ;
    %load/vec4 v00000266dcf0f720_0;
    %flag_set/vec4 8;
    %jmp/0xz  T_2.8, 8;
    %pushi/vec4 0, 0, 1;
    %load/vec4 v00000266dcf0dc40_0;
    %parti/s 52, 0, 2;
    %concat/vec4; draw_concat_vec4
    %assign/vec4 v00000266dcf5cf80_0, 0;
    %jmp T_2.9;
T_2.8 ;
    %pushi/vec4 1, 0, 1;
    %load/vec4 v00000266dcf0dc40_0;
    %parti/s 52, 0, 2;
    %concat/vec4; draw_concat_vec4
    %assign/vec4 v00000266dcf5cf80_0, 0;
T_2.9 ;
T_2.1 ;
    %jmp T_2;
    .thread T_2;
    .scope S_00000266dcf2f140;
T_3 ;
    %wait E_00000266dcf1fc90;
    %load/vec4 v00000266dd2d1730_0;
    %nor/r;
    %flag_set/vec4 8;
    %jmp/0xz  T_3.0, 8;
    %pushi/vec4 0, 0, 1;
    %assign/vec4 v00000266dcf5dc00_0, 0;
    %pushi/vec4 0, 0, 12;
    %assign/vec4 v00000266dcf5e4c0_0, 0;
    %pushi/vec4 0, 0, 1;
    %assign/vec4 v00000266dcf5dca0_0, 0;
    %pushi/vec4 0, 0, 1;
    %assign/vec4 v00000266dcf5d8e0_0, 0;
    %jmp T_3.1;
T_3.0 ;
    %load/vec4 v00000266dcf5e240_0;
    %load/vec4 v00000266dcf5e6a0_0;
    %xor;
    %assign/vec4 v00000266dcf5dc00_0, 0;
    %load/vec4 v00000266dcf5d660_0;
    %pad/u 12;
    %load/vec4 v00000266dcf5ce40_0;
    %pad/u 12;
    %add;
    %assign/vec4 v00000266dcf5e4c0_0, 0;
    %load/vec4 v00000266dcf5dd40_0;
    %assign/vec4 v00000266dcf5dca0_0, 0;
    %load/vec4 v00000266dcf5d7a0_0;
    %assign/vec4 v00000266dcf5d8e0_0, 0;
T_3.1 ;
    %jmp T_3;
    .thread T_3;
    .scope S_00000266dcf2f140;
T_4 ;
    %wait E_00000266dcf1fc90;
    %load/vec4 v00000266dd2d1730_0;
    %nor/r;
    %flag_set/vec4 8;
    %jmp/0xz  T_4.0, 8;
    %pushi/vec4 0, 0, 32;
    %store/vec4 v00000266dcf0f400_0, 0, 32;
T_4.2 ;
    %load/vec4 v00000266dcf0f400_0;
    %cmpi/s 53, 0, 32;
    %jmp/0xz T_4.3, 5;
    %pushi/vec4 0, 0, 53;
    %ix/getv/s 3, v00000266dcf0f400_0;
    %ix/load 4, 0, 0; Constant delay
    %assign/vec4/a/d v00000266dcf5d020, 0, 4;
    ; show_stmt_assign_vector: Get l-value for compressed += operand
    %load/vec4 v00000266dcf0f400_0;
    %pushi/vec4 1, 0, 32;
    %add;
    %store/vec4 v00000266dcf0f400_0, 0, 32;
    %jmp T_4.2;
T_4.3 ;
    %jmp T_4.1;
T_4.0 ;
    %pushi/vec4 0, 0, 32;
    %store/vec4 v00000266dcf0f400_0, 0, 32;
T_4.4 ;
    %load/vec4 v00000266dcf0f400_0;
    %cmpi/s 53, 0, 32;
    %jmp/0xz T_4.5, 5;
    %ix/getv/s 4, v00000266dcf0f400_0;
    %load/vec4a v00000266dcf5cee0, 4;
    %load/vec4 v00000266dcf5cf80_0;
    %load/vec4 v00000266dcf0f400_0;
    %part/s 1;
    %replicate 53;
    %and;
    %ix/getv/s 3, v00000266dcf0f400_0;
    %ix/load 4, 0, 0; Constant delay
    %assign/vec4/a/d v00000266dcf5d020, 0, 4;
    ; show_stmt_assign_vector: Get l-value for compressed += operand
    %load/vec4 v00000266dcf0f400_0;
    %pushi/vec4 1, 0, 32;
    %add;
    %store/vec4 v00000266dcf0f400_0, 0, 32;
    %jmp T_4.4;
T_4.5 ;
T_4.1 ;
    %jmp T_4;
    .thread T_4;
    .scope S_00000266dcf2f140;
T_5 ;
    %wait E_00000266dcf1fc90;
    %load/vec4 v00000266dd2d1730_0;
    %nor/r;
    %flag_set/vec4 8;
    %jmp/0xz  T_5.0, 8;
    %pushi/vec4 0, 0, 1;
    %assign/vec4 v00000266dcf5d980_0, 0;
    %pushi/vec4 0, 0, 12;
    %assign/vec4 v00000266dcf5e880_0, 0;
    %pushi/vec4 0, 0, 1;
    %assign/vec4 v00000266dcf5d160_0, 0;
    %jmp T_5.1;
T_5.0 ;
    %load/vec4 v00000266dcf5d8e0_0;
    %assign/vec4 v00000266dcf5d160_0, 0;
    %load/vec4 v00000266dcf5dca0_0;
    %flag_set/vec4 8;
    %jmp/0xz  T_5.2, 8;
    %pushi/vec4 0, 0, 12;
    %assign/vec4 v00000266dcf5e880_0, 0;
    %pushi/vec4 0, 0, 1;
    %assign/vec4 v00000266dcf5d980_0, 0;
    %jmp T_5.3;
T_5.2 ;
    %load/vec4 v00000266dcf5e4c0_0;
    %pad/u 32;
    %subi 1023, 0, 32;
    %pad/u 12;
    %assign/vec4 v00000266dcf5e880_0, 0;
    %load/vec4 v00000266dcf5dc00_0;
    %assign/vec4 v00000266dcf5d980_0, 0;
T_5.3 ;
T_5.1 ;
    %jmp T_5;
    .thread T_5;
    .scope S_00000266dcf2f140;
T_6 ;
    %wait E_00000266dcf1fc90;
    %load/vec4 v00000266dd2d1730_0;
    %nor/r;
    %flag_set/vec4 8;
    %jmp/0xz  T_6.0, 8;
    %pushi/vec4 0, 0, 32;
    %store/vec4 v00000266dcf0f400_0, 0, 32;
T_6.2 ;
    %load/vec4 v00000266dcf0f400_0;
    %cmpi/s 26, 0, 32;
    %flag_or 5, 4;
    %jmp/0xz T_6.3, 5;
    %pushi/vec4 0, 0, 55;
    %ix/getv/s 3, v00000266dcf0f400_0;
    %ix/load 4, 0, 0; Constant delay
    %assign/vec4/a/d v00000266dcf5d0c0, 0, 4;
    ; show_stmt_assign_vector: Get l-value for compressed += operand
    %load/vec4 v00000266dcf0f400_0;
    %pushi/vec4 1, 0, 32;
    %add;
    %store/vec4 v00000266dcf0f400_0, 0, 32;
    %jmp T_6.2;
T_6.3 ;
    %jmp T_6.1;
T_6.0 ;
    %pushi/vec4 0, 0, 32;
    %store/vec4 v00000266dcf0f400_0, 0, 32;
T_6.4 ;
    %load/vec4 v00000266dcf0f400_0;
    %cmpi/s 26, 0, 32;
    %jmp/0xz T_6.5, 5;
    %load/vec4 v00000266dcf0f400_0;
    %pad/s 64;
    %muli 2, 0, 64;
    %ix/vec4/s 4;
    %load/vec4a v00000266dcf5d020, 4;
    %pad/u 55;
    %load/vec4 v00000266dcf0f400_0;
    %pad/s 65;
    %muli 2, 0, 65;
    %addi 1, 0, 65;
    %ix/vec4/s 4;
    %load/vec4a v00000266dcf5d020, 4;
    %concati/vec4 0, 0, 1;
    %pad/u 55;
    %add;
    %ix/getv/s 3, v00000266dcf0f400_0;
    %ix/load 4, 0, 0; Constant delay
    %assign/vec4/a/d v00000266dcf5d0c0, 0, 4;
    ; show_stmt_assign_vector: Get l-value for compressed += operand
    %load/vec4 v00000266dcf0f400_0;
    %pushi/vec4 1, 0, 32;
    %add;
    %store/vec4 v00000266dcf0f400_0, 0, 32;
    %jmp T_6.4;
T_6.5 ;
    %ix/load 4, 52, 0;
    %flag_set/imm 4, 0;
    %load/vec4a v00000266dcf5d020, 4;
    %pad/u 55;
    %ix/load 3, 26, 0;
    %flag_set/imm 4, 0;
    %ix/load 4, 0, 0; Constant delay
    %assign/vec4/a/d v00000266dcf5d0c0, 0, 4;
T_6.1 ;
    %jmp T_6;
    .thread T_6;
    .scope S_00000266dcf2f140;
T_7 ;
    %wait E_00000266dcf1fc90;
    %load/vec4 v00000266dd2d1730_0;
    %nor/r;
    %flag_set/vec4 8;
    %jmp/0xz  T_7.0, 8;
    %pushi/vec4 0, 0, 1;
    %assign/vec4 v00000266dcf5dde0_0, 0;
    %pushi/vec4 0, 0, 1;
    %assign/vec4 v00000266dcf5c9e0_0, 0;
    %pushi/vec4 0, 0, 12;
    %assign/vec4 v00000266dcf5d200_0, 0;
    %pushi/vec4 0, 0, 32;
    %store/vec4 v00000266dcf0f400_0, 0, 32;
T_7.2 ;
    %load/vec4 v00000266dcf0f400_0;
    %cmpi/s 13, 0, 32;
    %flag_or 5, 4;
    %jmp/0xz T_7.3, 5;
    %pushi/vec4 0, 0, 57;
    %ix/getv/s 3, v00000266dcf0f400_0;
    %ix/load 4, 0, 0; Constant delay
    %assign/vec4/a/d v00000266dcf5e7e0, 0, 4;
    ; show_stmt_assign_vector: Get l-value for compressed += operand
    %load/vec4 v00000266dcf0f400_0;
    %pushi/vec4 1, 0, 32;
    %add;
    %store/vec4 v00000266dcf0f400_0, 0, 32;
    %jmp T_7.2;
T_7.3 ;
    %jmp T_7.1;
T_7.0 ;
    %load/vec4 v00000266dcf5d980_0;
    %assign/vec4 v00000266dcf5dde0_0, 0;
    %load/vec4 v00000266dcf5d160_0;
    %assign/vec4 v00000266dcf5c9e0_0, 0;
    %load/vec4 v00000266dcf5e880_0;
    %assign/vec4 v00000266dcf5d200_0, 0;
    %pushi/vec4 0, 0, 32;
    %store/vec4 v00000266dcf0f400_0, 0, 32;
T_7.4 ;
    %load/vec4 v00000266dcf0f400_0;
    %cmpi/s 13, 0, 32;
    %jmp/0xz T_7.5, 5;
    %load/vec4 v00000266dcf0f400_0;
    %pad/s 64;
    %muli 2, 0, 64;
    %ix/vec4/s 4;
    %load/vec4a v00000266dcf5d0c0, 4;
    %pad/u 57;
    %load/vec4 v00000266dcf0f400_0;
    %pad/s 65;
    %muli 2, 0, 65;
    %addi 1, 0, 65;
    %ix/vec4/s 4;
    %load/vec4a v00000266dcf5d0c0, 4;
    %concati/vec4 0, 0, 2;
    %add;
    %ix/getv/s 3, v00000266dcf0f400_0;
    %ix/load 4, 0, 0; Constant delay
    %assign/vec4/a/d v00000266dcf5e7e0, 0, 4;
    ; show_stmt_assign_vector: Get l-value for compressed += operand
    %load/vec4 v00000266dcf0f400_0;
    %pushi/vec4 1, 0, 32;
    %add;
    %store/vec4 v00000266dcf0f400_0, 0, 32;
    %jmp T_7.4;
T_7.5 ;
    %ix/load 4, 26, 0;
    %flag_set/imm 4, 0;
    %load/vec4a v00000266dcf5d0c0, 4;
    %pad/u 57;
    %ix/load 3, 13, 0;
    %flag_set/imm 4, 0;
    %ix/load 4, 0, 0; Constant delay
    %assign/vec4/a/d v00000266dcf5e7e0, 0, 4;
T_7.1 ;
    %jmp T_7;
    .thread T_7;
    .scope S_00000266dcf2f140;
T_8 ;
    %wait E_00000266dcf1fc90;
    %load/vec4 v00000266dd2d1730_0;
    %nor/r;
    %flag_set/vec4 8;
    %jmp/0xz  T_8.0, 8;
    %pushi/vec4 0, 0, 1;
    %assign/vec4 v00000266dcf5d340_0, 0;
    %pushi/vec4 0, 0, 1;
    %assign/vec4 v00000266dcf5d480_0, 0;
    %pushi/vec4 0, 0, 12;
    %assign/vec4 v00000266dcf5de80_0, 0;
    %pushi/vec4 0, 0, 32;
    %store/vec4 v00000266dcf0f400_0, 0, 32;
T_8.2 ;
    %load/vec4 v00000266dcf0f400_0;
    %cmpi/s 7, 0, 32;
    %flag_or 5, 4;
    %jmp/0xz T_8.3, 5;
    %pushi/vec4 0, 0, 61;
    %ix/getv/s 3, v00000266dcf0f400_0;
    %ix/load 4, 0, 0; Constant delay
    %assign/vec4/a/d v00000266dcf5d2a0, 0, 4;
    ; show_stmt_assign_vector: Get l-value for compressed += operand
    %load/vec4 v00000266dcf0f400_0;
    %pushi/vec4 1, 0, 32;
    %add;
    %store/vec4 v00000266dcf0f400_0, 0, 32;
    %jmp T_8.2;
T_8.3 ;
    %jmp T_8.1;
T_8.0 ;
    %load/vec4 v00000266dcf5dde0_0;
    %assign/vec4 v00000266dcf5d340_0, 0;
    %load/vec4 v00000266dcf5c9e0_0;
    %assign/vec4 v00000266dcf5d480_0, 0;
    %load/vec4 v00000266dcf5d200_0;
    %assign/vec4 v00000266dcf5de80_0, 0;
    %pushi/vec4 0, 0, 32;
    %store/vec4 v00000266dcf0f400_0, 0, 32;
T_8.4 ;
    %load/vec4 v00000266dcf0f400_0;
    %cmpi/s 5, 0, 32;
    %flag_or 5, 4;
    %jmp/0xz T_8.5, 5;
    %load/vec4 v00000266dcf0f400_0;
    %pad/s 64;
    %muli 2, 0, 64;
    %ix/vec4/s 4;
    %load/vec4a v00000266dcf5e7e0, 4;
    %pad/u 61;
    %load/vec4 v00000266dcf0f400_0;
    %pad/s 65;
    %muli 2, 0, 65;
    %addi 1, 0, 65;
    %ix/vec4/s 4;
    %load/vec4a v00000266dcf5e7e0, 4;
    %concati/vec4 0, 0, 4;
    %add;
    %ix/getv/s 3, v00000266dcf0f400_0;
    %ix/load 4, 0, 0; Constant delay
    %assign/vec4/a/d v00000266dcf5d2a0, 0, 4;
    ; show_stmt_assign_vector: Get l-value for compressed += operand
    %load/vec4 v00000266dcf0f400_0;
    %pushi/vec4 1, 0, 32;
    %add;
    %store/vec4 v00000266dcf0f400_0, 0, 32;
    %jmp T_8.4;
T_8.5 ;
    %ix/load 4, 12, 0;
    %flag_set/imm 4, 0;
    %load/vec4a v00000266dcf5e7e0, 4;
    %pad/u 61;
    %ix/load 3, 6, 0;
    %flag_set/imm 4, 0;
    %ix/load 4, 0, 0; Constant delay
    %assign/vec4/a/d v00000266dcf5d2a0, 0, 4;
    %ix/load 4, 13, 0;
    %flag_set/imm 4, 0;
    %load/vec4a v00000266dcf5e7e0, 4;
    %pad/u 61;
    %ix/load 3, 7, 0;
    %flag_set/imm 4, 0;
    %ix/load 4, 0, 0; Constant delay
    %assign/vec4/a/d v00000266dcf5d2a0, 0, 4;
T_8.1 ;
    %jmp T_8;
    .thread T_8;
    .scope S_00000266dcf2f140;
T_9 ;
    %wait E_00000266dcf1fc90;
    %load/vec4 v00000266dd2d1730_0;
    %nor/r;
    %flag_set/vec4 8;
    %jmp/0xz  T_9.0, 8;
    %pushi/vec4 0, 0, 1;
    %assign/vec4 v00000266dcf5cbc0_0, 0;
    %pushi/vec4 0, 0, 1;
    %assign/vec4 v00000266dcf5d520_0, 0;
    %pushi/vec4 0, 0, 12;
    %assign/vec4 v00000266dcf5df20_0, 0;
    %pushi/vec4 0, 0, 32;
    %store/vec4 v00000266dcf0f400_0, 0, 32;
T_9.2 ;
    %load/vec4 v00000266dcf0f400_0;
    %cmpi/s 4, 0, 32;
    %flag_or 5, 4;
    %jmp/0xz T_9.3, 5;
    %pushi/vec4 0, 0, 69;
    %ix/getv/s 3, v00000266dcf0f400_0;
    %ix/load 4, 0, 0; Constant delay
    %assign/vec4/a/d v00000266dcf5ca80, 0, 4;
    ; show_stmt_assign_vector: Get l-value for compressed += operand
    %load/vec4 v00000266dcf0f400_0;
    %pushi/vec4 1, 0, 32;
    %add;
    %store/vec4 v00000266dcf0f400_0, 0, 32;
    %jmp T_9.2;
T_9.3 ;
    %jmp T_9.1;
T_9.0 ;
    %load/vec4 v00000266dcf5d340_0;
    %assign/vec4 v00000266dcf5cbc0_0, 0;
    %load/vec4 v00000266dcf5d480_0;
    %assign/vec4 v00000266dcf5d520_0, 0;
    %load/vec4 v00000266dcf5de80_0;
    %assign/vec4 v00000266dcf5df20_0, 0;
    %pushi/vec4 0, 0, 32;
    %store/vec4 v00000266dcf0f400_0, 0, 32;
T_9.4 ;
    %load/vec4 v00000266dcf0f400_0;
    %cmpi/s 2, 0, 32;
    %flag_or 5, 4;
    %jmp/0xz T_9.5, 5;
    %load/vec4 v00000266dcf0f400_0;
    %pad/s 64;
    %muli 2, 0, 64;
    %ix/vec4/s 4;
    %load/vec4a v00000266dcf5d2a0, 4;
    %pad/u 69;
    %load/vec4 v00000266dcf0f400_0;
    %pad/s 65;
    %muli 2, 0, 65;
    %addi 1, 0, 65;
    %ix/vec4/s 4;
    %load/vec4a v00000266dcf5d2a0, 4;
    %concati/vec4 0, 0, 8;
    %add;
    %ix/getv/s 3, v00000266dcf0f400_0;
    %ix/load 4, 0, 0; Constant delay
    %assign/vec4/a/d v00000266dcf5ca80, 0, 4;
    ; show_stmt_assign_vector: Get l-value for compressed += operand
    %load/vec4 v00000266dcf0f400_0;
    %pushi/vec4 1, 0, 32;
    %add;
    %store/vec4 v00000266dcf0f400_0, 0, 32;
    %jmp T_9.4;
T_9.5 ;
    %ix/load 4, 6, 0;
    %flag_set/imm 4, 0;
    %load/vec4a v00000266dcf5d2a0, 4;
    %pad/u 69;
    %ix/load 3, 3, 0;
    %flag_set/imm 4, 0;
    %ix/load 4, 0, 0; Constant delay
    %assign/vec4/a/d v00000266dcf5ca80, 0, 4;
    %ix/load 4, 7, 0;
    %flag_set/imm 4, 0;
    %load/vec4a v00000266dcf5d2a0, 4;
    %pad/u 69;
    %ix/load 3, 4, 0;
    %flag_set/imm 4, 0;
    %ix/load 4, 0, 0; Constant delay
    %assign/vec4/a/d v00000266dcf5ca80, 0, 4;
T_9.1 ;
    %jmp T_9;
    .thread T_9;
    .scope S_00000266dcf2f140;
T_10 ;
    %wait E_00000266dcf1fc90;
    %load/vec4 v00000266dd2d1730_0;
    %nor/r;
    %flag_set/vec4 8;
    %jmp/0xz  T_10.0, 8;
    %pushi/vec4 0, 0, 1;
    %assign/vec4 v00000266dcf5cb20_0, 0;
    %pushi/vec4 0, 0, 1;
    %assign/vec4 v00000266dcf5cc60_0, 0;
    %pushi/vec4 0, 0, 12;
    %assign/vec4 v00000266dcf5d5c0_0, 0;
    %pushi/vec4 0, 0, 32;
    %store/vec4 v00000266dcf0f400_0, 0, 32;
T_10.2 ;
    %load/vec4 v00000266dcf0f400_0;
    %cmpi/s 3, 0, 32;
    %flag_or 5, 4;
    %jmp/0xz T_10.3, 5;
    %pushi/vec4 0, 0, 85;
    %ix/getv/s 3, v00000266dcf0f400_0;
    %ix/load 4, 0, 0; Constant delay
    %assign/vec4/a/d v00000266dcf5da20, 0, 4;
    ; show_stmt_assign_vector: Get l-value for compressed += operand
    %load/vec4 v00000266dcf0f400_0;
    %pushi/vec4 1, 0, 32;
    %add;
    %store/vec4 v00000266dcf0f400_0, 0, 32;
    %jmp T_10.2;
T_10.3 ;
    %jmp T_10.1;
T_10.0 ;
    %load/vec4 v00000266dcf5cbc0_0;
    %assign/vec4 v00000266dcf5cb20_0, 0;
    %load/vec4 v00000266dcf5d520_0;
    %assign/vec4 v00000266dcf5cc60_0, 0;
    %load/vec4 v00000266dcf5df20_0;
    %assign/vec4 v00000266dcf5d5c0_0, 0;
    %ix/load 4, 0, 0;
    %flag_set/imm 4, 0;
    %load/vec4a v00000266dcf5ca80, 4;
    %pad/u 85;
    %ix/load 4, 1, 0;
    %flag_set/imm 4, 0;
    %load/vec4a v00000266dcf5ca80, 4;
    %concati/vec4 0, 0, 16;
    %add;
    %ix/load 3, 0, 0;
    %flag_set/imm 4, 0;
    %ix/load 4, 0, 0; Constant delay
    %assign/vec4/a/d v00000266dcf5da20, 0, 4;
    %ix/load 4, 2, 0;
    %flag_set/imm 4, 0;
    %load/vec4a v00000266dcf5ca80, 4;
    %pad/u 85;
    %ix/load 3, 1, 0;
    %flag_set/imm 4, 0;
    %ix/load 4, 0, 0; Constant delay
    %assign/vec4/a/d v00000266dcf5da20, 0, 4;
    %ix/load 4, 3, 0;
    %flag_set/imm 4, 0;
    %load/vec4a v00000266dcf5ca80, 4;
    %pad/u 85;
    %ix/load 3, 2, 0;
    %flag_set/imm 4, 0;
    %ix/load 4, 0, 0; Constant delay
    %assign/vec4/a/d v00000266dcf5da20, 0, 4;
    %ix/load 4, 4, 0;
    %flag_set/imm 4, 0;
    %load/vec4a v00000266dcf5ca80, 4;
    %pad/u 85;
    %ix/load 3, 3, 0;
    %flag_set/imm 4, 0;
    %ix/load 4, 0, 0; Constant delay
    %assign/vec4/a/d v00000266dcf5da20, 0, 4;
T_10.1 ;
    %jmp T_10;
    .thread T_10;
    .scope S_00000266dcf2f140;
T_11 ;
    %wait E_00000266dcf1fc90;
    %load/vec4 v00000266dd2d1730_0;
    %nor/r;
    %flag_set/vec4 8;
    %jmp/0xz  T_11.0, 8;
    %pushi/vec4 0, 0, 1;
    %assign/vec4 v00000266dcf5e100_0, 0;
    %pushi/vec4 0, 0, 1;
    %assign/vec4 v00000266dcf5e2e0_0, 0;
    %pushi/vec4 0, 0, 12;
    %assign/vec4 v00000266dcf5dac0_0, 0;
    %pushi/vec4 0, 0, 32;
    %assign/vec4 v00000266dcf5dfc0_0, 0;
    %pushi/vec4 0, 0, 4;
    %assign/vec4 v00000266dcf5e060_0, 0;
    %pushi/vec4 0, 0, 54;
    %assign/vec4 v00000266dcf5e380_0, 0;
    %pushi/vec4 0, 0, 17;
    %assign/vec4 v00000266dcf5e420_0, 0;
    %pushi/vec4 0, 0, 17;
    %assign/vec4 v00000266dcf5e560_0, 0;
    %pushi/vec4 0, 0, 38;
    %assign/vec4 v00000266dd2d29f0_0, 0;
    %jmp T_11.1;
T_11.0 ;
    %load/vec4 v00000266dcf5cb20_0;
    %assign/vec4 v00000266dcf5e100_0, 0;
    %load/vec4 v00000266dcf5cc60_0;
    %assign/vec4 v00000266dcf5e2e0_0, 0;
    %load/vec4 v00000266dcf5d5c0_0;
    %assign/vec4 v00000266dcf5dac0_0, 0;
    %ix/load 4, 0, 0;
    %flag_set/imm 4, 0;
    %load/vec4a v00000266dcf5da20, 4;
    %parti/s 32, 0, 2;
    %assign/vec4 v00000266dcf5dfc0_0, 0;
    %ix/load 4, 2, 0;
    %flag_set/imm 4, 0;
    %load/vec4a v00000266dcf5da20, 4;
    %parti/s 4, 0, 2;
    %assign/vec4 v00000266dcf5e060_0, 0;
    %ix/load 4, 0, 0;
    %flag_set/imm 4, 0;
    %load/vec4a v00000266dcf5da20, 4;
    %parti/s 37, 48, 7;
    %pad/u 54;
    %ix/load 4, 1, 0;
    %flag_set/imm 4, 0;
    %load/vec4a v00000266dcf5da20, 4;
    %parti/s 53, 16, 6;
    %pad/u 54;
    %add;
    %assign/vec4 v00000266dcf5e380_0, 0;
    %ix/load 4, 0, 0;
    %flag_set/imm 4, 0;
    %load/vec4a v00000266dcf5da20, 4;
    %parti/s 16, 32, 7;
    %pad/u 17;
    %ix/load 4, 1, 0;
    %flag_set/imm 4, 0;
    %load/vec4a v00000266dcf5da20, 4;
    %parti/s 16, 0, 2;
    %pad/u 17;
    %add;
    %assign/vec4 v00000266dcf5e420_0, 0;
    %ix/load 4, 2, 0;
    %flag_set/imm 4, 0;
    %load/vec4a v00000266dcf5da20, 4;
    %parti/s 16, 41, 7;
    %pad/u 17;
    %ix/load 4, 3, 0;
    %flag_set/imm 4, 0;
    %load/vec4a v00000266dcf5da20, 4;
    %parti/s 16, 37, 7;
    %pad/u 17;
    %add;
    %assign/vec4 v00000266dcf5e560_0, 0;
    %ix/load 4, 2, 0;
    %flag_set/imm 4, 0;
    %load/vec4a v00000266dcf5da20, 4;
    %parti/s 37, 4, 4;
    %pad/u 38;
    %ix/load 4, 3, 0;
    %flag_set/imm 4, 0;
    %load/vec4a v00000266dcf5da20, 4;
    %parti/s 37, 0, 2;
    %pad/u 38;
    %add;
    %assign/vec4 v00000266dd2d29f0_0, 0;
T_11.1 ;
    %jmp T_11;
    .thread T_11;
    .scope S_00000266dcf2f140;
T_12 ;
    %wait E_00000266dcf1fc90;
    %load/vec4 v00000266dd2d1730_0;
    %nor/r;
    %flag_set/vec4 8;
    %jmp/0xz  T_12.0, 8;
    %pushi/vec4 0, 0, 1;
    %assign/vec4 v00000266dd2d2770_0, 0;
    %pushi/vec4 0, 0, 1;
    %assign/vec4 v00000266dd2d21d0_0, 0;
    %pushi/vec4 0, 0, 12;
    %assign/vec4 v00000266dd2d2270_0, 0;
    %pushi/vec4 0, 0, 102;
    %assign/vec4 v00000266dd2d2950_0, 0;
    %pushi/vec4 0, 0, 58;
    %assign/vec4 v00000266dd2d2130_0, 0;
    %jmp T_12.1;
T_12.0 ;
    %load/vec4 v00000266dcf5e100_0;
    %assign/vec4 v00000266dd2d2770_0, 0;
    %load/vec4 v00000266dcf5e2e0_0;
    %assign/vec4 v00000266dd2d21d0_0, 0;
    %load/vec4 v00000266dcf5dac0_0;
    %assign/vec4 v00000266dd2d2270_0, 0;
    %load/vec4 v00000266dd2d2f90_0;
    %load/vec4 v00000266dcf5e420_0;
    %parti/s 16, 0, 2;
    %concat/vec4; draw_concat_vec4
    %load/vec4 v00000266dcf5dfc0_0;
    %concat/vec4; draw_concat_vec4
    %assign/vec4 v00000266dd2d2950_0, 0;
    %load/vec4 v00000266dd2d17d0_0;
    %load/vec4 v00000266dd2d29f0_0;
    %parti/s 37, 0, 2;
    %concat/vec4; draw_concat_vec4
    %load/vec4 v00000266dcf5e060_0;
    %concat/vec4; draw_concat_vec4
    %assign/vec4 v00000266dd2d2130_0, 0;
T_12.1 ;
    %jmp T_12;
    .thread T_12;
    .scope S_00000266dcf2f140;
T_13 ;
    %wait E_00000266dcf1fc90;
    %load/vec4 v00000266dd2d1730_0;
    %nor/r;
    %flag_set/vec4 8;
    %jmp/0xz  T_13.0, 8;
    %pushi/vec4 0, 0, 1;
    %assign/vec4 v00000266dcf0e5a0_0, 0;
    %pushi/vec4 0, 0, 1;
    %assign/vec4 v00000266dcf0e640_0, 0;
    %pushi/vec4 0, 0, 12;
    %assign/vec4 v00000266dcf0e500_0, 0;
    %pushi/vec4 0, 0, 48;
    %assign/vec4 v00000266dcf0f900_0, 0;
    %pushi/vec4 0, 0, 32;
    %assign/vec4 v00000266dcf0e460_0, 0;
    %pushi/vec4 0, 0, 28;
    %assign/vec4 v00000266dcf0de20_0, 0;
    %jmp T_13.1;
T_13.0 ;
    %load/vec4 v00000266dd2d2770_0;
    %assign/vec4 v00000266dcf0e5a0_0, 0;
    %load/vec4 v00000266dd2d21d0_0;
    %assign/vec4 v00000266dcf0e640_0, 0;
    %load/vec4 v00000266dd2d2270_0;
    %assign/vec4 v00000266dcf0e500_0, 0;
    %load/vec4 v00000266dd2d2950_0;
    %parti/s 48, 0, 2;
    %assign/vec4 v00000266dcf0f900_0, 0;
    %load/vec4 v00000266dd2d2950_0;
    %parti/s 31, 48, 7;
    %pad/u 32;
    %load/vec4 v00000266dd2d2130_0;
    %parti/s 31, 0, 2;
    %pad/u 32;
    %add;
    %assign/vec4 v00000266dcf0e460_0, 0;
    %load/vec4 v00000266dd2d2950_0;
    %parti/s 23, 79, 8;
    %pad/u 28;
    %load/vec4 v00000266dd2d2130_0;
    %parti/s 27, 31, 6;
    %pad/u 28;
    %add;
    %assign/vec4 v00000266dcf0de20_0, 0;
T_13.1 ;
    %jmp T_13;
    .thread T_13;
    .scope S_00000266dcf2f140;
T_14 ;
    %wait E_00000266dcf1fc90;
    %load/vec4 v00000266dd2d1730_0;
    %nor/r;
    %flag_set/vec4 8;
    %jmp/0xz  T_14.0, 8;
    %pushi/vec4 0, 0, 1;
    %assign/vec4 v00000266dce9f8a0_0, 0;
    %pushi/vec4 0, 0, 1;
    %assign/vec4 v00000266dcf5e600_0, 0;
    %pushi/vec4 0, 0, 12;
    %assign/vec4 v00000266dcf0e6e0_0, 0;
    %pushi/vec4 0, 0, 106;
    %assign/vec4 v00000266dcf0e780_0, 0;
    %jmp T_14.1;
T_14.0 ;
    %load/vec4 v00000266dcf0e5a0_0;
    %assign/vec4 v00000266dce9f8a0_0, 0;
    %load/vec4 v00000266dcf0e640_0;
    %assign/vec4 v00000266dcf5e600_0, 0;
    %load/vec4 v00000266dcf0e500_0;
    %assign/vec4 v00000266dcf0e6e0_0, 0;
    %load/vec4 v00000266dce9f4e0_0;
    %load/vec4 v00000266dcf0e460_0;
    %parti/s 31, 0, 2;
    %concat/vec4; draw_concat_vec4
    %load/vec4 v00000266dcf0f900_0;
    %concat/vec4; draw_concat_vec4
    %assign/vec4 v00000266dcf0e780_0, 0;
T_14.1 ;
    %jmp T_14;
    .thread T_14;
    .scope S_00000266dcf2f140;
T_15 ;
    %wait E_00000266dcf1fc90;
    %load/vec4 v00000266dd2d1730_0;
    %nor/r;
    %flag_set/vec4 8;
    %jmp/0xz  T_15.0, 8;
    %pushi/vec4 0, 0, 1;
    %assign/vec4 v00000266dcf5d840_0, 0;
    %pushi/vec4 0, 0, 1;
    %assign/vec4 v00000266dcf5cd00_0, 0;
    %pushi/vec4 0, 0, 11;
    %assign/vec4 v00000266dcf5e740_0, 0;
    %pushi/vec4 0, 0, 106;
    %assign/vec4 v00000266dcf5e1a0_0, 0;
    %jmp T_15.1;
T_15.0 ;
    %load/vec4 v00000266dce9f8a0_0;
    %assign/vec4 v00000266dcf5d840_0, 0;
    %load/vec4 v00000266dcf5e600_0;
    %assign/vec4 v00000266dcf5cd00_0, 0;
    %load/vec4 v00000266dcf0e780_0;
    %parti/s 1, 105, 8;
    %cmpi/e 1, 0, 1;
    %jmp/0xz  T_15.2, 4;
    %load/vec4 v00000266dcf0e6e0_0;
    %addi 1, 0, 12;
    %pad/u 11;
    %assign/vec4 v00000266dcf5e740_0, 0;
    %load/vec4 v00000266dcf0e780_0;
    %ix/load 4, 1, 0;
    %flag_set/imm 4, 0;
    %shiftr 4;
    %assign/vec4 v00000266dcf5e1a0_0, 0;
    %jmp T_15.3;
T_15.2 ;
    %load/vec4 v00000266dcf0e6e0_0;
    %pad/u 11;
    %assign/vec4 v00000266dcf5e740_0, 0;
    %load/vec4 v00000266dcf0e780_0;
    %assign/vec4 v00000266dcf5e1a0_0, 0;
T_15.3 ;
T_15.1 ;
    %jmp T_15;
    .thread T_15;
    .scope S_00000266dcf2f140;
T_16 ;
    %wait E_00000266dcf1fc90;
    %load/vec4 v00000266dd2d1730_0;
    %nor/r;
    %flag_set/vec4 8;
    %jmp/0xz  T_16.0, 8;
    %pushi/vec4 0, 0, 1;
    %assign/vec4 v00000266dcf5db60_0, 0;
    %pushi/vec4 0, 0, 1;
    %assign/vec4 v00000266dcf5d700_0, 0;
    %pushi/vec4 0, 0, 11;
    %assign/vec4 v00000266dcf5d3e0_0, 0;
    %pushi/vec4 0, 0, 52;
    %assign/vec4 v00000266dcf5cda0_0, 0;
    %jmp T_16.1;
T_16.0 ;
    %load/vec4 v00000266dcf5d840_0;
    %assign/vec4 v00000266dcf5db60_0, 0;
    %load/vec4 v00000266dcf5cd00_0;
    %assign/vec4 v00000266dcf5d700_0, 0;
    %load/vec4 v00000266dcf5e740_0;
    %assign/vec4 v00000266dcf5d3e0_0, 0;
    %load/vec4 v00000266dd2d1eb0_0;
    %flag_set/vec4 8;
    %jmp/0xz  T_16.2, 8;
    %load/vec4 v00000266dcf5e1a0_0;
    %parti/s 52, 52, 7;
    %addi 1, 0, 52;
    %assign/vec4 v00000266dcf5cda0_0, 0;
    %jmp T_16.3;
T_16.2 ;
    %load/vec4 v00000266dcf5e1a0_0;
    %parti/s 52, 52, 7;
    %assign/vec4 v00000266dcf5cda0_0, 0;
T_16.3 ;
T_16.1 ;
    %jmp T_16;
    .thread T_16;
    .scope S_00000266dcf2e820;
T_17 ;
    %pushi/vec4 0, 0, 32;
    %store/vec4 v00000266dd2d19b0_0, 0, 32;
    %pushi/vec4 100000, 0, 32;
    %store/vec4 v00000266dd2d1370_0, 0, 32;
    %pushi/vec4 0, 0, 32;
    %store/vec4 v00000266dd2d2ef0_0, 0, 32;
    %pushi/vec4 0, 0, 32;
    %store/vec4 v00000266dd2d1f50_0, 0, 32;
    %end;
    .thread T_17;
    .scope S_00000266dcf2e820;
T_18 ;
    %pushi/vec4 0, 0, 1;
    %store/vec4 v00000266dd2d1410_0, 0, 1;
T_18.0 ;
    %delay 5000, 0;
    %load/vec4 v00000266dd2d1410_0;
    %inv;
    %store/vec4 v00000266dd2d1410_0, 0, 1;
    %jmp T_18.0;
    %end;
    .thread T_18;
    .scope S_00000266dcf2e820;
T_19 ;
    %pushi/vec4 0, 0, 1;
    %store/vec4 v00000266dd2d2a90_0, 0, 1;
    %pushi/vec4 2, 0, 32;
T_19.0 %dup/vec4;
    %pushi/vec4 0, 0, 32;
    %cmp/s;
    %jmp/1xz T_19.1, 5;
    %jmp/1 T_19.1, 4;
    %pushi/vec4 1, 0, 32;
    %sub;
    %wait E_00000266dcf1f210;
    %jmp T_19.0;
T_19.1 ;
    %pop/vec4 1;
    %pushi/vec4 1, 0, 1;
    %store/vec4 v00000266dd2d2a90_0, 0, 1;
    %end;
    .thread T_19;
    .scope S_00000266dcf2e820;
T_20 ;
    %vpi_func 2 53 "$fopen" 32, "./py/golden.dat", "r" {0 0 0};
    %store/vec4 v00000266dd2d1ff0_0, 0, 32;
    %load/vec4 v00000266dd2d1ff0_0;
    %nor/r;
    %flag_set/vec4 8;
    %jmp/0xz  T_20.0, 8;
    %vpi_call 2 55 "$display", "\342\235\214 Error: Cannot open golden.dat" {0 0 0};
    %vpi_call 2 56 "$finish" {0 0 0};
T_20.0 ;
T_20.2 ;
    %vpi_func 2 60 "$feof" 32, v00000266dd2d1ff0_0 {0 0 0};
    %nor/r;
    %flag_set/vec4 8;
    %jmp/0xz T_20.3, 8;
    %vpi_func 2 61 "$fscanf" 32, v00000266dd2d1ff0_0, "%h %h %h\012", v00000266dd2d1b90_0, v00000266dd2d2c70_0, v00000266dd2d2d10_0 {0 0 0};
    %store/vec4 v00000266dd2d2bd0_0, 0, 32;
    %load/vec4 v00000266dd2d2bd0_0;
    %cmpi/e 3, 0, 32;
    %jmp/0xz  T_20.4, 4;
    %load/vec4 v00000266dd2d1b90_0;
    %ix/getv/s 4, v00000266dd2d19b0_0;
    %store/vec4a v00000266dd2d1e10, 4, 0;
    %load/vec4 v00000266dd2d2c70_0;
    %ix/getv/s 4, v00000266dd2d19b0_0;
    %store/vec4a v00000266dd2d12d0, 4, 0;
    %load/vec4 v00000266dd2d2d10_0;
    %ix/getv/s 4, v00000266dd2d19b0_0;
    %store/vec4a v00000266dd2d1230, 4, 0;
    %load/vec4 v00000266dd2d19b0_0;
    %addi 1, 0, 32;
    %store/vec4 v00000266dd2d19b0_0, 0, 32;
    %jmp T_20.5;
T_20.4 ;
    %vpi_call 2 68 "$display", "\342\232\240\357\270\217 Warning: Invalid line format at index %0d", v00000266dd2d19b0_0 {0 0 0};
T_20.5 ;
    %jmp T_20.2;
T_20.3 ;
    %vpi_call 2 71 "$fclose", v00000266dd2d1ff0_0 {0 0 0};
    %vpi_call 2 72 "$display", "\342\234\205 Loaded %0d test patterns from golden.dat", v00000266dd2d19b0_0 {0 0 0};
    %end;
    .thread T_20;
    .scope S_00000266dcf2e820;
T_21 ;
    %pushi/vec4 0, 0, 1;
    %store/vec4 v00000266dd2d23b0_0, 0, 1;
T_21.0 ;
    %load/vec4 v00000266dd2d2a90_0;
    %pad/u 32;
    %pushi/vec4 1, 0, 32;
    %cmp/e;
    %flag_get/vec4 4;
    %cmpi/ne 1, 0, 1;
    %jmp/0xz T_21.1, 6;
    %wait E_00000266dcf1f510;
    %jmp T_21.0;
T_21.1 ;
    %pushi/vec4 0, 0, 32;
    %store/vec4 v00000266dd2d1190_0, 0, 32;
T_21.2 ;
    %load/vec4 v00000266dd2d1190_0;
    %load/vec4 v00000266dd2d19b0_0;
    %cmp/s;
    %jmp/0xz T_21.3, 5;
    %wait E_00000266dcf1f550;
    %pushi/vec4 1, 0, 1;
    %assign/vec4 v00000266dd2d23b0_0, 0;
    %ix/getv/s 4, v00000266dd2d1190_0;
    %load/vec4a v00000266dd2d1e10, 4;
    %assign/vec4 v00000266dd2d2810_0, 0;
    %ix/getv/s 4, v00000266dd2d1190_0;
    %load/vec4a v00000266dd2d12d0, 4;
    %assign/vec4 v00000266dd2d2090_0, 0;
    %load/vec4 v00000266dd2d1190_0;
    %addi 1, 0, 32;
    %store/vec4 v00000266dd2d1190_0, 0, 32;
    %jmp T_21.2;
T_21.3 ;
    %wait E_00000266dcf1f550;
    %pushi/vec4 0, 0, 1;
    %assign/vec4 v00000266dd2d23b0_0, 0;
    %pushi/vec4 0, 0, 64;
    %assign/vec4 v00000266dd2d2810_0, 0;
    %pushi/vec4 0, 0, 64;
    %assign/vec4 v00000266dd2d2090_0, 0;
    %end;
    .thread T_21;
    .scope S_00000266dcf2e820;
T_22 ;
T_22.0 ;
    %load/vec4 v00000266dd2d1370_0;
    %cmpi/s 0, 0, 32;
    %flag_or 5, 4; GT is !LE
    %flag_inv 5;
    %jmp/0xz T_22.1, 5;
    %wait E_00000266dcf1f210;
    %load/vec4 v00000266dd2d1370_0;
    %subi 1, 0, 32;
    %store/vec4 v00000266dd2d1370_0, 0, 32;
    %jmp T_22.0;
T_22.1 ;
    %vpi_call 2 100 "$display", $time, "Simualtion Hang ...." {0 0 0};
    %vpi_call 2 101 "$finish" {0 0 0};
    %end;
    .thread T_22;
    .scope S_00000266dcf2e820;
T_23 ;
T_23.0 ;
    %load/vec4 v00000266dd2d2a90_0;
    %pad/u 32;
    %pushi/vec4 1, 0, 32;
    %cmp/e;
    %flag_get/vec4 4;
    %cmpi/ne 1, 0, 1;
    %jmp/0xz T_23.1, 6;
    %wait E_00000266dcf1f510;
    %jmp T_23.0;
T_23.1 ;
    %pushi/vec4 14, 0, 32;
T_23.2 %dup/vec4;
    %pushi/vec4 0, 0, 32;
    %cmp/s;
    %jmp/1xz T_23.3, 5;
    %jmp/1 T_23.3, 4;
    %pushi/vec4 1, 0, 32;
    %sub;
    %wait E_00000266dcf1f210;
    %jmp T_23.2;
T_23.3 ;
    %pop/vec4 1;
T_23.4 ;
    %load/vec4 v00000266dd2d2ef0_0;
    %cmpi/s 1000, 0, 32;
    %jmp/0xz T_23.5, 5;
    %wait E_00000266dcf1f210;
    %load/vec4 v00000266dd2d2310_0;
    %ix/getv/s 4, v00000266dd2d2ef0_0;
    %load/vec4a v00000266dd2d1230, 4;
    %cmp/ne;
    %jmp/0xz  T_23.6, 4;
    %vpi_call 2 114 "$display", "\342\235\214 [Mismatch] Pattern %0d: result = %h, expected = %h", v00000266dd2d2ef0_0, v00000266dd2d2310_0, &A<v00000266dd2d1230, v00000266dd2d2ef0_0 > {0 0 0};
    %load/vec4 v00000266dd2d1f50_0;
    %addi 1, 0, 32;
    %store/vec4 v00000266dd2d1f50_0, 0, 32;
    %jmp T_23.7;
T_23.6 ;
    %vpi_call 2 118 "$display", "\342\234\205 [Match] Pattern %0d: result = %h, expected = %h", v00000266dd2d2ef0_0, v00000266dd2d2310_0, &A<v00000266dd2d1230, v00000266dd2d2ef0_0 > {0 0 0};
T_23.7 ;
    %load/vec4 v00000266dd2d2ef0_0;
    %addi 1, 0, 32;
    %store/vec4 v00000266dd2d2ef0_0, 0, 32;
    %jmp T_23.4;
T_23.5 ;
    %vpi_call 2 123 "$display", "\360\237\216\257 Test completed: %0d errors out of %0d patterns", v00000266dd2d1f50_0, v00000266dd2d19b0_0 {0 0 0};
    %load/vec4 v00000266dd2d1f50_0;
    %cmpi/e 0, 0, 32;
    %jmp/0xz  T_23.8, 4;
    %vpi_call 2 125 "$display", "\360\237\216\211 ALL PASS!" {0 0 0};
    %jmp T_23.9;
T_23.8 ;
    %vpi_call 2 127 "$display", "\342\232\240\357\270\217 Some mismatches found. Please check your design." {0 0 0};
T_23.9 ;
    %pushi/vec4 10, 0, 32;
T_23.10 %dup/vec4;
    %pushi/vec4 0, 0, 32;
    %cmp/s;
    %jmp/1xz T_23.11, 5;
    %jmp/1 T_23.11, 4;
    %pushi/vec4 1, 0, 32;
    %sub;
    %wait E_00000266dcf1f210;
    %jmp T_23.10;
T_23.11 ;
    %pop/vec4 1;
    %vpi_call 2 129 "$finish" {0 0 0};
    %end;
    .thread T_23;
    .scope S_00000266dcf2e820;
T_24 ;
    %vpi_call 2 133 "$dumpfile", "mul.vcd" {0 0 0};
    %vpi_call 2 134 "$dumpvars" {0 0 0};
    %end;
    .thread T_24;
# The file index is used to find the file name in the following table.
:file_names 4;
    "N/A";
    "<interactive>";
    "FLOAT_MUL_tb.v";
    "./FLOAT_MUL.v";
