#! /c/Source/iverilog-install/bin/vvp
:ivl_version "12.0 (devel)" "(s20150603-1110-g18392a46)";
:ivl_delay_selection "TYPICAL";
:vpi_time_precision + 0;
:vpi_module "C:\iverilog\lib\ivl\system.vpi";
:vpi_module "C:\iverilog\lib\ivl\vhdl_sys.vpi";
:vpi_module "C:\iverilog\lib\ivl\vhdl_textio.vpi";
:vpi_module "C:\iverilog\lib\ivl\v2005_math.vpi";
:vpi_module "C:\iverilog\lib\ivl\va_math.vpi";
S_000001330a9c1620 .scope module, "FLOAT_MUL" "FLOAT_MUL" 2 6;
 .timescale 0 0;
    .port_info 0 /INPUT 64 "num1";
    .port_info 1 /INPUT 64 "num2";
    .port_info 2 /INPUT 1 "clk";
    .port_info 3 /INPUT 1 "rstn";
    .port_info 4 /OUTPUT 64 "result";
    .port_info 5 /INPUT 1 "valid";
    .port_info 6 /OUTPUT 1 "ready";
P_000001330a922720 .param/l "BIAS" 1 2 16, +C4<00000000000000000000001111111111>;
P_000001330a922758 .param/l "BIT" 1 2 15, +C4<00000000000000000000000001000000>;
P_000001330a922790 .param/l "EXPONENT_LEN" 1 2 17, +C4<00000000000000000000000000001011>;
P_000001330a9227c8 .param/l "MANTISSA_LEN" 1 2 18, +C4<00000000000000000000000000110100>;
L_000001330a9b0e10 .functor OR 1, L_000001330a9b1040, L_000001330a9b09b0, C4<0>, C4<0>;
L_000001330a9b1040 .functor NOT 1, L_000001330ad5fdc0, C4<0>, C4<0>, C4<0>;
L_000001330a9b09b0 .functor NOT 1, L_000001330ad5f1e0, C4<0>, C4<0>, C4<0>;
L_000001330a9b0be0 .functor NOT 1, L_000001330ad5e2e0, C4<0>, C4<0>, C4<0>;
L_000001330a9b0d30 .functor NOT 1, L_000001330ad5f000, C4<0>, C4<0>, C4<0>;
L_000001330a9b1430 .functor BUFZ 1, v000001330ad5d4f0_0, C4<0>, C4<0>, C4<0>;
L_000001330a9b15f0 .functor OR 1, L_000001330ad5f460, L_000001330ad5e420, C4<0>, C4<0>;
L_000001330a9b0c50 .functor OR 1, L_000001330a9b15f0, L_000001330ad5e740, C4<0>, C4<0>;
L_000001330a9b0860 .functor AND 1, L_000001330ad5e920, L_000001330a9b0c50, C4<1>, C4<1>;
v000001330a9a9ad0_0 .net "Guard", 0 0, L_000001330ad5e920;  1 drivers
v000001330a9a9030_0 .net "LSB", 0 0, L_000001330ad5e740;  1 drivers
v000001330a9a9990_0 .net "Round", 0 0, L_000001330ad5f460;  1 drivers
v000001330a9a8270_0 .net "Sticky", 0 0, L_000001330ad5e420;  1 drivers
v000001330a9a89f0_0 .net *"_ivl_11", 0 0, L_000001330ad5f1e0;  1 drivers
v000001330a9a8450_0 .net *"_ivl_15", 10 0, L_000001330ad5eb00;  1 drivers
v000001330a9a8310_0 .net *"_ivl_17", 0 0, L_000001330ad5e2e0;  1 drivers
v000001330a9a9490_0 .net *"_ivl_21", 10 0, L_000001330ad5eec0;  1 drivers
v000001330a9a83b0_0 .net *"_ivl_23", 0 0, L_000001330ad5f000;  1 drivers
v000001330a9a9350_0 .net *"_ivl_27", 0 0, L_000001330ad5f280;  1 drivers
v000001330a9a7ff0_0 .net *"_ivl_28", 53 0, L_000001330ad5e600;  1 drivers
v000001330a9a9530_0 .net *"_ivl_3", 62 0, L_000001330ad5e6a0;  1 drivers
L_000001330ad600c8 .functor BUFT 1, C4<00000000000000000000000000000000000000000000000000000>, C4<0>, C4<0>, C4<0>;
v000001330a9a97b0_0 .net *"_ivl_31", 52 0, L_000001330ad600c8;  1 drivers
v000001330a9a8590_0 .net *"_ivl_35", 0 0, L_000001330ad5eba0;  1 drivers
v000001330a9a8090_0 .net *"_ivl_36", 16 0, L_000001330ad5fe60;  1 drivers
L_000001330ad60110 .functor BUFT 1, C4<0000000000000000>, C4<0>, C4<0>, C4<0>;
v000001330a9a8130_0 .net *"_ivl_39", 15 0, L_000001330ad60110;  1 drivers
v000001330a9a8630_0 .net *"_ivl_43", 0 0, L_000001330ad5f140;  1 drivers
v000001330a9a8a90_0 .net *"_ivl_44", 27 0, L_000001330ad5ec40;  1 drivers
L_000001330ad60158 .functor BUFT 1, C4<000000000000000000000000000>, C4<0>, C4<0>, C4<0>;
v000001330a9a9a30_0 .net *"_ivl_47", 26 0, L_000001330ad60158;  1 drivers
v000001330a9a9c10_0 .net *"_ivl_48", 27 0, L_000001330ad5e240;  1 drivers
v000001330a9a8b30_0 .net *"_ivl_5", 0 0, L_000001330ad5fdc0;  1 drivers
v000001330a9a84f0_0 .net *"_ivl_61", 49 0, L_000001330ad5f5a0;  1 drivers
v000001330a9a90d0_0 .net *"_ivl_64", 0 0, L_000001330a9b15f0;  1 drivers
v000001330a9a93f0_0 .net *"_ivl_66", 0 0, L_000001330a9b0c50;  1 drivers
v000001330a9a86d0_0 .net *"_ivl_9", 62 0, L_000001330ad5f320;  1 drivers
v000001330a9a9d50_0 .net "check_denor1", 0 0, L_000001330a9b0be0;  1 drivers
v000001330a9a8770_0 .net "check_denor2", 0 0, L_000001330a9b0d30;  1 drivers
o000001330a9c6068 .functor BUFZ 1, C4<z>; HiZ drive
v000001330a9a8bd0_0 .net "clk", 0 0, o000001330a9c6068;  0 drivers
v000001330a9a8810_0 .var/i "i", 31 0;
o000001330a9c60c8 .functor BUFZ 64, C4<zzzzzzzzzzzzzzzzzzzzzzzzzzzzzzzzzzzzzzzzzzzzzzzzzzzzzzzzzzzzzzzz>; HiZ drive
v000001330a9a8d10_0 .net "num1", 63 0, o000001330a9c60c8;  0 drivers
v000001330a9a88b0_0 .net "num1_zero", 0 0, L_000001330a9b1040;  1 drivers
o000001330a9c6128 .functor BUFZ 64, C4<zzzzzzzzzzzzzzzzzzzzzzzzzzzzzzzzzzzzzzzzzzzzzzzzzzzzzzzzzzzzzzzz>; HiZ drive
v000001330a9a8db0_0 .net "num2", 63 0, o000001330a9c6128;  0 drivers
v000001330a9a8950_0 .net "num2_zero", 0 0, L_000001330a9b09b0;  1 drivers
v000001330a9a9170_0 .var "pip0_num1", 63 0;
v000001330a9a9b70_0 .var "pip0_num2", 63 0;
v000001330a9a8e50_0 .var "pip0_valid", 0 0;
v000001330a9a8ef0_0 .var "pip10_AB_remain", 47 0;
v000001330a9a9210_0 .var "pip10_exponent", 11 0;
v000001330a9a8f90_0 .var "pip10_m", 27 0;
v000001330a9a92b0_0 .var "pip10_n", 31 0;
v000001330a9a95d0_0 .var "pip10_sign", 0 0;
v000001330a9a9670_0 .var "pip10_valid", 0 0;
v000001330a9a9cb0_0 .var "pip11_exponent", 11 0;
v000001330a9a9710_0 .var "pip11_mantissa", 105 0;
v000001330a9a98f0_0 .net "pip11_mn", 26 0, L_000001330ad5e380;  1 drivers
v000001330a9a9df0_0 .var "pip11_sign", 0 0;
v000001330a9a9e90_0 .var "pip11_valid", 0 0;
v000001330a948d40_0 .var "pip12_exponent", 10 0;
v000001330a949ba0_0 .var "pip12_mantissa", 105 0;
v000001330a948de0_0 .var "pip12_sign", 0 0;
v000001330a948e80_0 .var "pip12_valid", 0 0;
v000001330ad5def0_0 .var "pip13_exponent", 10 0;
v000001330ad5c5f0_0 .var "pip13_mantissa", 51 0;
v000001330ad5d590_0 .var "pip13_sign", 0 0;
v000001330ad5d4f0_0 .var "pip13_valid", 0 0;
v000001330ad5d090_0 .var "pip1_exponent1", 10 0;
v000001330ad5d770_0 .var "pip1_exponent2", 10 0;
v000001330ad5df90 .array "pip1_mantissa1", 0 52, 52 0;
v000001330ad5ccd0_0 .var "pip1_mantissa2", 52 0;
v000001330ad5c370_0 .var "pip1_sign1", 0 0;
v000001330ad5da90_0 .var "pip1_sign2", 0 0;
v000001330ad5d450_0 .var "pip1_valid", 0 0;
v000001330ad5caf0_0 .var "pip1_zero", 0 0;
v000001330ad5d270_0 .var "pip2_exponent", 11 0;
v000001330ad5c0f0 .array "pip2_mantissa", 0 52, 52 0;
v000001330ad5cb90_0 .var "pip2_sign", 0 0;
v000001330ad5d630_0 .var "pip2_valid", 0 0;
v000001330ad5c190_0 .var "pip2_zero", 0 0;
v000001330ad5c2d0_0 .var "pip3_exponent", 11 0;
v000001330ad5d950 .array "pip3_mantissa", 0 26, 54 0;
v000001330ad5c550_0 .var "pip3_sign", 0 0;
v000001330ad5c690_0 .var "pip3_valid", 0 0;
v000001330ad5dd10_0 .var "pip4_exponent", 11 0;
v000001330ad5d8b0 .array "pip4_mantissa", 0 13, 56 0;
v000001330ad5c870_0 .var "pip4_sign", 0 0;
v000001330ad5c730_0 .var "pip4_valid", 0 0;
v000001330ad5c230_0 .var "pip5_exponent", 11 0;
v000001330ad5ce10 .array "pip5_mantissa", 0 7, 60 0;
v000001330ad5c910_0 .var "pip5_sign", 0 0;
v000001330ad5d810_0 .var "pip5_valid", 0 0;
v000001330ad5cc30_0 .var "pip6_exponent", 11 0;
v000001330ad5d3b0 .array "pip6_mantissa", 0 4, 68 0;
v000001330ad5c9b0_0 .var "pip6_sign", 0 0;
v000001330ad5c7d0_0 .var "pip6_valid", 0 0;
v000001330ad5d9f0_0 .var "pip7_exponent", 11 0;
v000001330ad5cd70 .array "pip7_mantissa", 0 3, 84 0;
v000001330ad5c410_0 .var "pip7_sign", 0 0;
v000001330ad5ceb0_0 .var "pip7_valid", 0 0;
v000001330ad5cf50_0 .var "pip8_A_remain", 31 0;
v000001330ad5c4b0_0 .var "pip8_C_remain", 3 0;
v000001330ad5ca50_0 .var "pip8_exponent", 11 0;
v000001330ad5cff0_0 .var "pip8_sign", 0 0;
v000001330ad5d130_0 .var "pip8_valid", 0 0;
v000001330ad5d1d0_0 .var "pip8_w", 53 0;
v000001330ad5d310_0 .var "pip8_x", 16 0;
v000001330ad5d6d0_0 .var "pip8_y", 16 0;
v000001330ad5db30_0 .var "pip8_z", 37 0;
v000001330ad5dbd0_0 .var "pip9_AB", 101 0;
v000001330ad5dc70_0 .var "pip9_CD", 57 0;
v000001330ad5ddb0_0 .var "pip9_exponent", 11 0;
v000001330ad5de50_0 .var "pip9_sign", 0 0;
v000001330ad5f0a0_0 .var "pip9_valid", 0 0;
v000001330ad5fd20_0 .net "pip9_w", 53 0, L_000001330ad5e100;  1 drivers
v000001330ad5f8c0_0 .net "pip9_y", 16 0, L_000001330ad5e1a0;  1 drivers
v000001330ad5f640_0 .net "ready", 0 0, L_000001330a9b1430;  1 drivers
v000001330ad5f500_0 .net "result", 63 0, L_000001330ad5f6e0;  1 drivers
v000001330ad5fc80_0 .net "round_up", 0 0, L_000001330a9b0860;  1 drivers
o000001330a9c6e18 .functor BUFZ 1, C4<z>; HiZ drive
v000001330ad5f3c0_0 .net "rstn", 0 0, o000001330a9c6e18;  0 drivers
o000001330a9c6e48 .functor BUFZ 1, C4<z>; HiZ drive
v000001330ad5ece0_0 .net "valid", 0 0, o000001330a9c6e48;  0 drivers
v000001330ad5ef60_0 .net "zero", 0 0, L_000001330a9b0e10;  1 drivers
E_000001330a9be070/0 .event negedge, v000001330ad5f3c0_0;
E_000001330a9be070/1 .event posedge, v000001330a9a8bd0_0;
E_000001330a9be070 .event/or E_000001330a9be070/0, E_000001330a9be070/1;
L_000001330ad5e6a0 .part v000001330a9a9170_0, 0, 63;
L_000001330ad5fdc0 .reduce/or L_000001330ad5e6a0;
L_000001330ad5f320 .part v000001330a9a9b70_0, 0, 63;
L_000001330ad5f1e0 .reduce/or L_000001330ad5f320;
L_000001330ad5eb00 .part v000001330a9a9170_0, 52, 11;
L_000001330ad5e2e0 .reduce/or L_000001330ad5eb00;
L_000001330ad5eec0 .part v000001330a9a9b70_0, 52, 11;
L_000001330ad5f000 .reduce/or L_000001330ad5eec0;
L_000001330ad5f280 .part v000001330ad5d310_0, 16, 1;
L_000001330ad5e600 .concat [ 1 53 0 0], L_000001330ad5f280, L_000001330ad600c8;
L_000001330ad5e100 .arith/sum 54, v000001330ad5d1d0_0, L_000001330ad5e600;
L_000001330ad5eba0 .part v000001330ad5db30_0, 37, 1;
L_000001330ad5fe60 .concat [ 1 16 0 0], L_000001330ad5eba0, L_000001330ad60110;
L_000001330ad5e1a0 .arith/sum 17, v000001330ad5d6d0_0, L_000001330ad5fe60;
L_000001330ad5f140 .part v000001330a9a92b0_0, 31, 1;
L_000001330ad5ec40 .concat [ 1 27 0 0], L_000001330ad5f140, L_000001330ad60158;
L_000001330ad5e240 .arith/sum 28, v000001330a9a8f90_0, L_000001330ad5ec40;
L_000001330ad5e380 .part L_000001330ad5e240, 0, 27;
L_000001330ad5e740 .part v000001330a949ba0_0, 52, 1;
L_000001330ad5e920 .part v000001330a949ba0_0, 51, 1;
L_000001330ad5f460 .part v000001330a949ba0_0, 50, 1;
L_000001330ad5f5a0 .part v000001330a949ba0_0, 0, 50;
L_000001330ad5e420 .reduce/or L_000001330ad5f5a0;
L_000001330ad5f6e0 .concat [ 52 11 1 0], v000001330ad5c5f0_0, v000001330ad5def0_0, v000001330ad5d590_0;
    .scope S_000001330a9c1620;
T_0 ;
    %wait E_000001330a9be070;
    %load/vec4 v000001330ad5f3c0_0;
    %nor/r;
    %flag_set/vec4 8;
    %jmp/0xz  T_0.0, 8;
    %pushi/vec4 0, 0, 64;
    %assign/vec4 v000001330a9a9170_0, 0;
    %pushi/vec4 0, 0, 64;
    %assign/vec4 v000001330a9a9b70_0, 0;
    %pushi/vec4 0, 0, 1;
    %assign/vec4 v000001330a9a8e50_0, 0;
    %jmp T_0.1;
T_0.0 ;
    %load/vec4 v000001330a9a8d10_0;
    %assign/vec4 v000001330a9a9170_0, 0;
    %load/vec4 v000001330a9a8db0_0;
    %assign/vec4 v000001330a9a9b70_0, 0;
    %load/vec4 v000001330ad5ece0_0;
    %assign/vec4 v000001330a9a8e50_0, 0;
T_0.1 ;
    %jmp T_0;
    .thread T_0;
    .scope S_000001330a9c1620;
T_1 ;
    %wait E_000001330a9be070;
    %load/vec4 v000001330ad5f3c0_0;
    %nor/r;
    %flag_set/vec4 8;
    %jmp/0xz  T_1.0, 8;
    %pushi/vec4 0, 0, 1;
    %assign/vec4 v000001330ad5c370_0, 0;
    %pushi/vec4 0, 0, 1;
    %assign/vec4 v000001330ad5da90_0, 0;
    %pushi/vec4 0, 0, 1;
    %assign/vec4 v000001330ad5d450_0, 0;
    %pushi/vec4 0, 0, 11;
    %assign/vec4 v000001330ad5d090_0, 0;
    %pushi/vec4 0, 0, 11;
    %assign/vec4 v000001330ad5d770_0, 0;
    %pushi/vec4 0, 0, 1;
    %assign/vec4 v000001330ad5caf0_0, 0;
    %jmp T_1.1;
T_1.0 ;
    %load/vec4 v000001330a9a9170_0;
    %parti/s 1, 63, 7;
    %assign/vec4 v000001330ad5c370_0, 0;
    %load/vec4 v000001330a9a9b70_0;
    %parti/s 1, 63, 7;
    %assign/vec4 v000001330ad5da90_0, 0;
    %load/vec4 v000001330a9a8e50_0;
    %assign/vec4 v000001330ad5d450_0, 0;
    %load/vec4 v000001330a9a9d50_0;
    %flag_set/vec4 8;
    %jmp/0xz  T_1.2, 8;
    %pushi/vec4 1, 0, 11;
    %assign/vec4 v000001330ad5d090_0, 0;
    %jmp T_1.3;
T_1.2 ;
    %load/vec4 v000001330a9a9170_0;
    %parti/s 11, 52, 7;
    %assign/vec4 v000001330ad5d090_0, 0;
T_1.3 ;
    %load/vec4 v000001330a9a8770_0;
    %flag_set/vec4 8;
    %jmp/0xz  T_1.4, 8;
    %pushi/vec4 1, 0, 11;
    %assign/vec4 v000001330ad5d770_0, 0;
    %jmp T_1.5;
T_1.4 ;
    %load/vec4 v000001330a9a9b70_0;
    %parti/s 11, 52, 7;
    %assign/vec4 v000001330ad5d770_0, 0;
T_1.5 ;
    %load/vec4 v000001330ad5ef60_0;
    %assign/vec4 v000001330ad5caf0_0, 0;
T_1.1 ;
    %jmp T_1;
    .thread T_1;
    .scope S_000001330a9c1620;
T_2 ;
    %wait E_000001330a9be070;
    %load/vec4 v000001330ad5f3c0_0;
    %nor/r;
    %flag_set/vec4 8;
    %jmp/0xz  T_2.0, 8;
    %pushi/vec4 0, 0, 32;
    %store/vec4 v000001330a9a8810_0, 0, 32;
T_2.2 ;
    %load/vec4 v000001330a9a8810_0;
    %cmpi/s 53, 0, 32;
    %jmp/0xz T_2.3, 5;
    %pushi/vec4 0, 0, 53;
    %ix/getv/s 3, v000001330a9a8810_0;
    %ix/load 4, 0, 0; Constant delay
    %assign/vec4/a/d v000001330ad5df90, 0, 4;
    %load/vec4 v000001330a9a8810_0;
    %addi 1, 0, 32;
    %store/vec4 v000001330a9a8810_0, 0, 32;
    %jmp T_2.2;
T_2.3 ;
    %pushi/vec4 0, 0, 53;
    %assign/vec4 v000001330ad5ccd0_0, 0;
    %jmp T_2.1;
T_2.0 ;
    %pushi/vec4 0, 0, 32;
    %store/vec4 v000001330a9a8810_0, 0, 32;
T_2.4 ;
    %load/vec4 v000001330a9a8810_0;
    %cmpi/s 52, 0, 32;
    %flag_or 5, 4;
    %jmp/0xz T_2.5, 5;
    %load/vec4 v000001330a9a9d50_0;
    %flag_set/vec4 8;
    %jmp/0xz  T_2.6, 8;
    %pushi/vec4 0, 0, 1;
    %load/vec4 v000001330a9a9170_0;
    %parti/s 52, 0, 2;
    %concat/vec4; draw_concat_vec4
    %ix/getv/s 3, v000001330a9a8810_0;
    %ix/load 4, 0, 0; Constant delay
    %assign/vec4/a/d v000001330ad5df90, 0, 4;
    %jmp T_2.7;
T_2.6 ;
    %pushi/vec4 1, 0, 1;
    %load/vec4 v000001330a9a9170_0;
    %parti/s 52, 0, 2;
    %concat/vec4; draw_concat_vec4
    %ix/getv/s 3, v000001330a9a8810_0;
    %ix/load 4, 0, 0; Constant delay
    %assign/vec4/a/d v000001330ad5df90, 0, 4;
T_2.7 ;
    %load/vec4 v000001330a9a8810_0;
    %addi 1, 0, 32;
    %store/vec4 v000001330a9a8810_0, 0, 32;
    %jmp T_2.4;
T_2.5 ;
    %load/vec4 v000001330a9a8770_0;
    %flag_set/vec4 8;
    %jmp/0xz  T_2.8, 8;
    %pushi/vec4 0, 0, 1;
    %load/vec4 v000001330a9a9b70_0;
    %parti/s 52, 0, 2;
    %concat/vec4; draw_concat_vec4
    %assign/vec4 v000001330ad5ccd0_0, 0;
    %jmp T_2.9;
T_2.8 ;
    %pushi/vec4 1, 0, 1;
    %load/vec4 v000001330a9a9b70_0;
    %parti/s 52, 0, 2;
    %concat/vec4; draw_concat_vec4
    %assign/vec4 v000001330ad5ccd0_0, 0;
T_2.9 ;
T_2.1 ;
    %jmp T_2;
    .thread T_2;
    .scope S_000001330a9c1620;
T_3 ;
    %wait E_000001330a9be070;
    %load/vec4 v000001330ad5f3c0_0;
    %nor/r;
    %flag_set/vec4 8;
    %jmp/0xz  T_3.0, 8;
    %pushi/vec4 0, 0, 1;
    %assign/vec4 v000001330ad5cb90_0, 0;
    %pushi/vec4 0, 0, 12;
    %assign/vec4 v000001330ad5d270_0, 0;
    %pushi/vec4 0, 0, 1;
    %assign/vec4 v000001330ad5c190_0, 0;
    %pushi/vec4 0, 0, 1;
    %assign/vec4 v000001330ad5d630_0, 0;
    %jmp T_3.1;
T_3.0 ;
    %load/vec4 v000001330ad5c370_0;
    %load/vec4 v000001330ad5da90_0;
    %xor;
    %assign/vec4 v000001330ad5cb90_0, 0;
    %load/vec4 v000001330ad5d090_0;
    %pad/u 12;
    %load/vec4 v000001330ad5d770_0;
    %pad/u 12;
    %add;
    %assign/vec4 v000001330ad5d270_0, 0;
    %load/vec4 v000001330ad5caf0_0;
    %assign/vec4 v000001330ad5c190_0, 0;
    %load/vec4 v000001330ad5d450_0;
    %assign/vec4 v000001330ad5d630_0, 0;
T_3.1 ;
    %jmp T_3;
    .thread T_3;
    .scope S_000001330a9c1620;
T_4 ;
    %wait E_000001330a9be070;
    %load/vec4 v000001330ad5f3c0_0;
    %nor/r;
    %flag_set/vec4 8;
    %jmp/0xz  T_4.0, 8;
    %pushi/vec4 0, 0, 32;
    %store/vec4 v000001330a9a8810_0, 0, 32;
T_4.2 ;
    %load/vec4 v000001330a9a8810_0;
    %cmpi/s 53, 0, 32;
    %jmp/0xz T_4.3, 5;
    %pushi/vec4 0, 0, 53;
    %ix/getv/s 3, v000001330a9a8810_0;
    %ix/load 4, 0, 0; Constant delay
    %assign/vec4/a/d v000001330ad5c0f0, 0, 4;
    ; show_stmt_assign_vector: Get l-value for compressed += operand
    %load/vec4 v000001330a9a8810_0;
    %pushi/vec4 1, 0, 32;
    %add;
    %store/vec4 v000001330a9a8810_0, 0, 32;
    %jmp T_4.2;
T_4.3 ;
    %jmp T_4.1;
T_4.0 ;
    %pushi/vec4 0, 0, 32;
    %store/vec4 v000001330a9a8810_0, 0, 32;
T_4.4 ;
    %load/vec4 v000001330a9a8810_0;
    %cmpi/s 53, 0, 32;
    %jmp/0xz T_4.5, 5;
    %ix/getv/s 4, v000001330a9a8810_0;
    %load/vec4a v000001330ad5df90, 4;
    %load/vec4 v000001330ad5ccd0_0;
    %load/vec4 v000001330a9a8810_0;
    %part/s 1;
    %replicate 53;
    %and;
    %ix/getv/s 3, v000001330a9a8810_0;
    %ix/load 4, 0, 0; Constant delay
    %assign/vec4/a/d v000001330ad5c0f0, 0, 4;
    ; show_stmt_assign_vector: Get l-value for compressed += operand
    %load/vec4 v000001330a9a8810_0;
    %pushi/vec4 1, 0, 32;
    %add;
    %store/vec4 v000001330a9a8810_0, 0, 32;
    %jmp T_4.4;
T_4.5 ;
T_4.1 ;
    %jmp T_4;
    .thread T_4;
    .scope S_000001330a9c1620;
T_5 ;
    %wait E_000001330a9be070;
    %load/vec4 v000001330ad5f3c0_0;
    %nor/r;
    %flag_set/vec4 8;
    %jmp/0xz  T_5.0, 8;
    %pushi/vec4 0, 0, 1;
    %assign/vec4 v000001330ad5c550_0, 0;
    %pushi/vec4 0, 0, 12;
    %assign/vec4 v000001330ad5c2d0_0, 0;
    %pushi/vec4 0, 0, 1;
    %assign/vec4 v000001330ad5c690_0, 0;
    %jmp T_5.1;
T_5.0 ;
    %load/vec4 v000001330ad5d630_0;
    %assign/vec4 v000001330ad5c690_0, 0;
    %load/vec4 v000001330ad5c190_0;
    %flag_set/vec4 8;
    %jmp/0xz  T_5.2, 8;
    %pushi/vec4 0, 0, 12;
    %assign/vec4 v000001330ad5c2d0_0, 0;
    %pushi/vec4 0, 0, 1;
    %assign/vec4 v000001330ad5c550_0, 0;
    %jmp T_5.3;
T_5.2 ;
    %load/vec4 v000001330ad5d270_0;
    %pad/u 32;
    %subi 1023, 0, 32;
    %pad/u 12;
    %assign/vec4 v000001330ad5c2d0_0, 0;
    %load/vec4 v000001330ad5cb90_0;
    %assign/vec4 v000001330ad5c550_0, 0;
T_5.3 ;
T_5.1 ;
    %jmp T_5;
    .thread T_5;
    .scope S_000001330a9c1620;
T_6 ;
    %wait E_000001330a9be070;
    %load/vec4 v000001330ad5f3c0_0;
    %nor/r;
    %flag_set/vec4 8;
    %jmp/0xz  T_6.0, 8;
    %pushi/vec4 0, 0, 32;
    %store/vec4 v000001330a9a8810_0, 0, 32;
T_6.2 ;
    %load/vec4 v000001330a9a8810_0;
    %cmpi/s 26, 0, 32;
    %flag_or 5, 4;
    %jmp/0xz T_6.3, 5;
    %pushi/vec4 0, 0, 55;
    %ix/getv/s 3, v000001330a9a8810_0;
    %ix/load 4, 0, 0; Constant delay
    %assign/vec4/a/d v000001330ad5d950, 0, 4;
    ; show_stmt_assign_vector: Get l-value for compressed += operand
    %load/vec4 v000001330a9a8810_0;
    %pushi/vec4 1, 0, 32;
    %add;
    %store/vec4 v000001330a9a8810_0, 0, 32;
    %jmp T_6.2;
T_6.3 ;
    %jmp T_6.1;
T_6.0 ;
    %pushi/vec4 0, 0, 32;
    %store/vec4 v000001330a9a8810_0, 0, 32;
T_6.4 ;
    %load/vec4 v000001330a9a8810_0;
    %cmpi/s 26, 0, 32;
    %jmp/0xz T_6.5, 5;
    %load/vec4 v000001330a9a8810_0;
    %pad/s 64;
    %muli 2, 0, 64;
    %ix/vec4/s 4;
    %load/vec4a v000001330ad5c0f0, 4;
    %pad/u 55;
    %load/vec4 v000001330a9a8810_0;
    %pad/s 65;
    %muli 2, 0, 65;
    %addi 1, 0, 65;
    %ix/vec4/s 4;
    %load/vec4a v000001330ad5c0f0, 4;
    %concati/vec4 0, 0, 1;
    %pad/u 55;
    %add;
    %ix/getv/s 3, v000001330a9a8810_0;
    %ix/load 4, 0, 0; Constant delay
    %assign/vec4/a/d v000001330ad5d950, 0, 4;
    ; show_stmt_assign_vector: Get l-value for compressed += operand
    %load/vec4 v000001330a9a8810_0;
    %pushi/vec4 1, 0, 32;
    %add;
    %store/vec4 v000001330a9a8810_0, 0, 32;
    %jmp T_6.4;
T_6.5 ;
    %ix/load 4, 52, 0;
    %flag_set/imm 4, 0;
    %load/vec4a v000001330ad5c0f0, 4;
    %pad/u 55;
    %ix/load 3, 26, 0;
    %flag_set/imm 4, 0;
    %ix/load 4, 0, 0; Constant delay
    %assign/vec4/a/d v000001330ad5d950, 0, 4;
T_6.1 ;
    %jmp T_6;
    .thread T_6;
    .scope S_000001330a9c1620;
T_7 ;
    %wait E_000001330a9be070;
    %load/vec4 v000001330ad5f3c0_0;
    %nor/r;
    %flag_set/vec4 8;
    %jmp/0xz  T_7.0, 8;
    %pushi/vec4 0, 0, 1;
    %assign/vec4 v000001330ad5c870_0, 0;
    %pushi/vec4 0, 0, 1;
    %assign/vec4 v000001330ad5c730_0, 0;
    %pushi/vec4 0, 0, 12;
    %assign/vec4 v000001330ad5dd10_0, 0;
    %pushi/vec4 0, 0, 32;
    %store/vec4 v000001330a9a8810_0, 0, 32;
T_7.2 ;
    %load/vec4 v000001330a9a8810_0;
    %cmpi/s 13, 0, 32;
    %flag_or 5, 4;
    %jmp/0xz T_7.3, 5;
    %pushi/vec4 0, 0, 57;
    %ix/getv/s 3, v000001330a9a8810_0;
    %ix/load 4, 0, 0; Constant delay
    %assign/vec4/a/d v000001330ad5d8b0, 0, 4;
    ; show_stmt_assign_vector: Get l-value for compressed += operand
    %load/vec4 v000001330a9a8810_0;
    %pushi/vec4 1, 0, 32;
    %add;
    %store/vec4 v000001330a9a8810_0, 0, 32;
    %jmp T_7.2;
T_7.3 ;
    %jmp T_7.1;
T_7.0 ;
    %load/vec4 v000001330ad5c550_0;
    %assign/vec4 v000001330ad5c870_0, 0;
    %load/vec4 v000001330ad5c690_0;
    %assign/vec4 v000001330ad5c730_0, 0;
    %load/vec4 v000001330ad5c2d0_0;
    %assign/vec4 v000001330ad5dd10_0, 0;
    %pushi/vec4 0, 0, 32;
    %store/vec4 v000001330a9a8810_0, 0, 32;
T_7.4 ;
    %load/vec4 v000001330a9a8810_0;
    %cmpi/s 13, 0, 32;
    %jmp/0xz T_7.5, 5;
    %load/vec4 v000001330a9a8810_0;
    %pad/s 64;
    %muli 2, 0, 64;
    %ix/vec4/s 4;
    %load/vec4a v000001330ad5d950, 4;
    %pad/u 57;
    %load/vec4 v000001330a9a8810_0;
    %pad/s 65;
    %muli 2, 0, 65;
    %addi 1, 0, 65;
    %ix/vec4/s 4;
    %load/vec4a v000001330ad5d950, 4;
    %concati/vec4 0, 0, 2;
    %add;
    %ix/getv/s 3, v000001330a9a8810_0;
    %ix/load 4, 0, 0; Constant delay
    %assign/vec4/a/d v000001330ad5d8b0, 0, 4;
    ; show_stmt_assign_vector: Get l-value for compressed += operand
    %load/vec4 v000001330a9a8810_0;
    %pushi/vec4 1, 0, 32;
    %add;
    %store/vec4 v000001330a9a8810_0, 0, 32;
    %jmp T_7.4;
T_7.5 ;
    %ix/load 4, 26, 0;
    %flag_set/imm 4, 0;
    %load/vec4a v000001330ad5d950, 4;
    %pad/u 57;
    %ix/load 3, 13, 0;
    %flag_set/imm 4, 0;
    %ix/load 4, 0, 0; Constant delay
    %assign/vec4/a/d v000001330ad5d8b0, 0, 4;
T_7.1 ;
    %jmp T_7;
    .thread T_7;
    .scope S_000001330a9c1620;
T_8 ;
    %wait E_000001330a9be070;
    %load/vec4 v000001330ad5f3c0_0;
    %nor/r;
    %flag_set/vec4 8;
    %jmp/0xz  T_8.0, 8;
    %pushi/vec4 0, 0, 1;
    %assign/vec4 v000001330ad5c910_0, 0;
    %pushi/vec4 0, 0, 1;
    %assign/vec4 v000001330ad5d810_0, 0;
    %pushi/vec4 0, 0, 12;
    %assign/vec4 v000001330ad5c230_0, 0;
    %pushi/vec4 0, 0, 32;
    %store/vec4 v000001330a9a8810_0, 0, 32;
T_8.2 ;
    %load/vec4 v000001330a9a8810_0;
    %cmpi/s 7, 0, 32;
    %flag_or 5, 4;
    %jmp/0xz T_8.3, 5;
    %pushi/vec4 0, 0, 61;
    %ix/getv/s 3, v000001330a9a8810_0;
    %ix/load 4, 0, 0; Constant delay
    %assign/vec4/a/d v000001330ad5ce10, 0, 4;
    ; show_stmt_assign_vector: Get l-value for compressed += operand
    %load/vec4 v000001330a9a8810_0;
    %pushi/vec4 1, 0, 32;
    %add;
    %store/vec4 v000001330a9a8810_0, 0, 32;
    %jmp T_8.2;
T_8.3 ;
    %jmp T_8.1;
T_8.0 ;
    %load/vec4 v000001330ad5c870_0;
    %assign/vec4 v000001330ad5c910_0, 0;
    %load/vec4 v000001330ad5c730_0;
    %assign/vec4 v000001330ad5d810_0, 0;
    %load/vec4 v000001330ad5dd10_0;
    %assign/vec4 v000001330ad5c230_0, 0;
    %pushi/vec4 0, 0, 32;
    %store/vec4 v000001330a9a8810_0, 0, 32;
T_8.4 ;
    %load/vec4 v000001330a9a8810_0;
    %cmpi/s 5, 0, 32;
    %flag_or 5, 4;
    %jmp/0xz T_8.5, 5;
    %load/vec4 v000001330a9a8810_0;
    %pad/s 64;
    %muli 2, 0, 64;
    %ix/vec4/s 4;
    %load/vec4a v000001330ad5d8b0, 4;
    %pad/u 61;
    %load/vec4 v000001330a9a8810_0;
    %pad/s 65;
    %muli 2, 0, 65;
    %addi 1, 0, 65;
    %ix/vec4/s 4;
    %load/vec4a v000001330ad5d8b0, 4;
    %concati/vec4 0, 0, 4;
    %add;
    %ix/getv/s 3, v000001330a9a8810_0;
    %ix/load 4, 0, 0; Constant delay
    %assign/vec4/a/d v000001330ad5ce10, 0, 4;
    ; show_stmt_assign_vector: Get l-value for compressed += operand
    %load/vec4 v000001330a9a8810_0;
    %pushi/vec4 1, 0, 32;
    %add;
    %store/vec4 v000001330a9a8810_0, 0, 32;
    %jmp T_8.4;
T_8.5 ;
    %ix/load 4, 12, 0;
    %flag_set/imm 4, 0;
    %load/vec4a v000001330ad5d8b0, 4;
    %pad/u 61;
    %ix/load 3, 6, 0;
    %flag_set/imm 4, 0;
    %ix/load 4, 0, 0; Constant delay
    %assign/vec4/a/d v000001330ad5ce10, 0, 4;
    %ix/load 4, 13, 0;
    %flag_set/imm 4, 0;
    %load/vec4a v000001330ad5d8b0, 4;
    %pad/u 61;
    %ix/load 3, 7, 0;
    %flag_set/imm 4, 0;
    %ix/load 4, 0, 0; Constant delay
    %assign/vec4/a/d v000001330ad5ce10, 0, 4;
T_8.1 ;
    %jmp T_8;
    .thread T_8;
    .scope S_000001330a9c1620;
T_9 ;
    %wait E_000001330a9be070;
    %load/vec4 v000001330ad5f3c0_0;
    %nor/r;
    %flag_set/vec4 8;
    %jmp/0xz  T_9.0, 8;
    %pushi/vec4 0, 0, 1;
    %assign/vec4 v000001330ad5c9b0_0, 0;
    %pushi/vec4 0, 0, 1;
    %assign/vec4 v000001330ad5c7d0_0, 0;
    %pushi/vec4 0, 0, 12;
    %assign/vec4 v000001330ad5cc30_0, 0;
    %pushi/vec4 0, 0, 32;
    %store/vec4 v000001330a9a8810_0, 0, 32;
T_9.2 ;
    %load/vec4 v000001330a9a8810_0;
    %cmpi/s 4, 0, 32;
    %flag_or 5, 4;
    %jmp/0xz T_9.3, 5;
    %pushi/vec4 0, 0, 69;
    %ix/getv/s 3, v000001330a9a8810_0;
    %ix/load 4, 0, 0; Constant delay
    %assign/vec4/a/d v000001330ad5d3b0, 0, 4;
    ; show_stmt_assign_vector: Get l-value for compressed += operand
    %load/vec4 v000001330a9a8810_0;
    %pushi/vec4 1, 0, 32;
    %add;
    %store/vec4 v000001330a9a8810_0, 0, 32;
    %jmp T_9.2;
T_9.3 ;
    %jmp T_9.1;
T_9.0 ;
    %load/vec4 v000001330ad5c910_0;
    %assign/vec4 v000001330ad5c9b0_0, 0;
    %load/vec4 v000001330ad5d810_0;
    %assign/vec4 v000001330ad5c7d0_0, 0;
    %load/vec4 v000001330ad5c230_0;
    %assign/vec4 v000001330ad5cc30_0, 0;
    %pushi/vec4 0, 0, 32;
    %store/vec4 v000001330a9a8810_0, 0, 32;
T_9.4 ;
    %load/vec4 v000001330a9a8810_0;
    %cmpi/s 2, 0, 32;
    %flag_or 5, 4;
    %jmp/0xz T_9.5, 5;
    %load/vec4 v000001330a9a8810_0;
    %pad/s 64;
    %muli 2, 0, 64;
    %ix/vec4/s 4;
    %load/vec4a v000001330ad5ce10, 4;
    %pad/u 69;
    %load/vec4 v000001330a9a8810_0;
    %pad/s 65;
    %muli 2, 0, 65;
    %addi 1, 0, 65;
    %ix/vec4/s 4;
    %load/vec4a v000001330ad5ce10, 4;
    %concati/vec4 0, 0, 8;
    %add;
    %ix/getv/s 3, v000001330a9a8810_0;
    %ix/load 4, 0, 0; Constant delay
    %assign/vec4/a/d v000001330ad5d3b0, 0, 4;
    ; show_stmt_assign_vector: Get l-value for compressed += operand
    %load/vec4 v000001330a9a8810_0;
    %pushi/vec4 1, 0, 32;
    %add;
    %store/vec4 v000001330a9a8810_0, 0, 32;
    %jmp T_9.4;
T_9.5 ;
    %ix/load 4, 6, 0;
    %flag_set/imm 4, 0;
    %load/vec4a v000001330ad5ce10, 4;
    %pad/u 69;
    %ix/load 3, 3, 0;
    %flag_set/imm 4, 0;
    %ix/load 4, 0, 0; Constant delay
    %assign/vec4/a/d v000001330ad5d3b0, 0, 4;
    %ix/load 4, 7, 0;
    %flag_set/imm 4, 0;
    %load/vec4a v000001330ad5ce10, 4;
    %pad/u 69;
    %ix/load 3, 4, 0;
    %flag_set/imm 4, 0;
    %ix/load 4, 0, 0; Constant delay
    %assign/vec4/a/d v000001330ad5d3b0, 0, 4;
T_9.1 ;
    %jmp T_9;
    .thread T_9;
    .scope S_000001330a9c1620;
T_10 ;
    %wait E_000001330a9be070;
    %load/vec4 v000001330ad5f3c0_0;
    %nor/r;
    %flag_set/vec4 8;
    %jmp/0xz  T_10.0, 8;
    %pushi/vec4 0, 0, 1;
    %assign/vec4 v000001330ad5c410_0, 0;
    %pushi/vec4 0, 0, 1;
    %assign/vec4 v000001330ad5ceb0_0, 0;
    %pushi/vec4 0, 0, 12;
    %assign/vec4 v000001330ad5d9f0_0, 0;
    %pushi/vec4 0, 0, 32;
    %store/vec4 v000001330a9a8810_0, 0, 32;
T_10.2 ;
    %load/vec4 v000001330a9a8810_0;
    %cmpi/s 3, 0, 32;
    %flag_or 5, 4;
    %jmp/0xz T_10.3, 5;
    %pushi/vec4 0, 0, 85;
    %ix/getv/s 3, v000001330a9a8810_0;
    %ix/load 4, 0, 0; Constant delay
    %assign/vec4/a/d v000001330ad5cd70, 0, 4;
    ; show_stmt_assign_vector: Get l-value for compressed += operand
    %load/vec4 v000001330a9a8810_0;
    %pushi/vec4 1, 0, 32;
    %add;
    %store/vec4 v000001330a9a8810_0, 0, 32;
    %jmp T_10.2;
T_10.3 ;
    %jmp T_10.1;
T_10.0 ;
    %load/vec4 v000001330ad5c9b0_0;
    %assign/vec4 v000001330ad5c410_0, 0;
    %load/vec4 v000001330ad5c7d0_0;
    %assign/vec4 v000001330ad5ceb0_0, 0;
    %load/vec4 v000001330ad5cc30_0;
    %assign/vec4 v000001330ad5d9f0_0, 0;
    %ix/load 4, 0, 0;
    %flag_set/imm 4, 0;
    %load/vec4a v000001330ad5d3b0, 4;
    %pad/u 85;
    %ix/load 4, 1, 0;
    %flag_set/imm 4, 0;
    %load/vec4a v000001330ad5d3b0, 4;
    %concati/vec4 0, 0, 16;
    %add;
    %ix/load 3, 0, 0;
    %flag_set/imm 4, 0;
    %ix/load 4, 0, 0; Constant delay
    %assign/vec4/a/d v000001330ad5cd70, 0, 4;
    %ix/load 4, 2, 0;
    %flag_set/imm 4, 0;
    %load/vec4a v000001330ad5d3b0, 4;
    %pad/u 85;
    %ix/load 3, 1, 0;
    %flag_set/imm 4, 0;
    %ix/load 4, 0, 0; Constant delay
    %assign/vec4/a/d v000001330ad5cd70, 0, 4;
    %ix/load 4, 3, 0;
    %flag_set/imm 4, 0;
    %load/vec4a v000001330ad5d3b0, 4;
    %pad/u 85;
    %ix/load 3, 2, 0;
    %flag_set/imm 4, 0;
    %ix/load 4, 0, 0; Constant delay
    %assign/vec4/a/d v000001330ad5cd70, 0, 4;
    %ix/load 4, 4, 0;
    %flag_set/imm 4, 0;
    %load/vec4a v000001330ad5d3b0, 4;
    %pad/u 85;
    %ix/load 3, 3, 0;
    %flag_set/imm 4, 0;
    %ix/load 4, 0, 0; Constant delay
    %assign/vec4/a/d v000001330ad5cd70, 0, 4;
T_10.1 ;
    %jmp T_10;
    .thread T_10;
    .scope S_000001330a9c1620;
T_11 ;
    %wait E_000001330a9be070;
    %load/vec4 v000001330ad5f3c0_0;
    %nor/r;
    %flag_set/vec4 8;
    %jmp/0xz  T_11.0, 8;
    %pushi/vec4 0, 0, 1;
    %assign/vec4 v000001330ad5cff0_0, 0;
    %pushi/vec4 0, 0, 1;
    %assign/vec4 v000001330ad5d130_0, 0;
    %pushi/vec4 0, 0, 12;
    %assign/vec4 v000001330ad5ca50_0, 0;
    %pushi/vec4 0, 0, 32;
    %assign/vec4 v000001330ad5cf50_0, 0;
    %pushi/vec4 0, 0, 4;
    %assign/vec4 v000001330ad5c4b0_0, 0;
    %pushi/vec4 0, 0, 54;
    %assign/vec4 v000001330ad5d1d0_0, 0;
    %pushi/vec4 0, 0, 17;
    %assign/vec4 v000001330ad5d310_0, 0;
    %pushi/vec4 0, 0, 17;
    %assign/vec4 v000001330ad5d6d0_0, 0;
    %pushi/vec4 0, 0, 38;
    %assign/vec4 v000001330ad5db30_0, 0;
    %jmp T_11.1;
T_11.0 ;
    %load/vec4 v000001330ad5c410_0;
    %assign/vec4 v000001330ad5cff0_0, 0;
    %load/vec4 v000001330ad5ceb0_0;
    %assign/vec4 v000001330ad5d130_0, 0;
    %load/vec4 v000001330ad5d9f0_0;
    %assign/vec4 v000001330ad5ca50_0, 0;
    %ix/load 4, 0, 0;
    %flag_set/imm 4, 0;
    %load/vec4a v000001330ad5cd70, 4;
    %parti/s 32, 0, 2;
    %assign/vec4 v000001330ad5cf50_0, 0;
    %ix/load 4, 2, 0;
    %flag_set/imm 4, 0;
    %load/vec4a v000001330ad5cd70, 4;
    %parti/s 4, 0, 2;
    %assign/vec4 v000001330ad5c4b0_0, 0;
    %ix/load 4, 0, 0;
    %flag_set/imm 4, 0;
    %load/vec4a v000001330ad5cd70, 4;
    %parti/s 37, 48, 7;
    %pad/u 54;
    %ix/load 4, 1, 0;
    %flag_set/imm 4, 0;
    %load/vec4a v000001330ad5cd70, 4;
    %parti/s 53, 16, 6;
    %pad/u 54;
    %add;
    %assign/vec4 v000001330ad5d1d0_0, 0;
    %ix/load 4, 0, 0;
    %flag_set/imm 4, 0;
    %load/vec4a v000001330ad5cd70, 4;
    %parti/s 16, 32, 7;
    %pad/u 17;
    %ix/load 4, 1, 0;
    %flag_set/imm 4, 0;
    %load/vec4a v000001330ad5cd70, 4;
    %parti/s 16, 0, 2;
    %pad/u 17;
    %add;
    %assign/vec4 v000001330ad5d310_0, 0;
    %ix/load 4, 2, 0;
    %flag_set/imm 4, 0;
    %load/vec4a v000001330ad5cd70, 4;
    %parti/s 16, 41, 7;
    %pad/u 17;
    %ix/load 4, 3, 0;
    %flag_set/imm 4, 0;
    %load/vec4a v000001330ad5cd70, 4;
    %parti/s 16, 37, 7;
    %pad/u 17;
    %add;
    %assign/vec4 v000001330ad5d6d0_0, 0;
    %ix/load 4, 2, 0;
    %flag_set/imm 4, 0;
    %load/vec4a v000001330ad5cd70, 4;
    %parti/s 37, 4, 4;
    %pad/u 38;
    %ix/load 4, 3, 0;
    %flag_set/imm 4, 0;
    %load/vec4a v000001330ad5cd70, 4;
    %parti/s 37, 0, 2;
    %pad/u 38;
    %add;
    %assign/vec4 v000001330ad5db30_0, 0;
T_11.1 ;
    %jmp T_11;
    .thread T_11;
    .scope S_000001330a9c1620;
T_12 ;
    %wait E_000001330a9be070;
    %load/vec4 v000001330ad5f3c0_0;
    %nor/r;
    %flag_set/vec4 8;
    %jmp/0xz  T_12.0, 8;
    %pushi/vec4 0, 0, 1;
    %assign/vec4 v000001330ad5de50_0, 0;
    %pushi/vec4 0, 0, 1;
    %assign/vec4 v000001330ad5f0a0_0, 0;
    %pushi/vec4 0, 0, 12;
    %assign/vec4 v000001330ad5ddb0_0, 0;
    %pushi/vec4 0, 0, 102;
    %assign/vec4 v000001330ad5dbd0_0, 0;
    %pushi/vec4 0, 0, 58;
    %assign/vec4 v000001330ad5dc70_0, 0;
    %jmp T_12.1;
T_12.0 ;
    %load/vec4 v000001330ad5cff0_0;
    %assign/vec4 v000001330ad5de50_0, 0;
    %load/vec4 v000001330ad5d130_0;
    %assign/vec4 v000001330ad5f0a0_0, 0;
    %load/vec4 v000001330ad5ca50_0;
    %assign/vec4 v000001330ad5ddb0_0, 0;
    %load/vec4 v000001330ad5fd20_0;
    %load/vec4 v000001330ad5d310_0;
    %parti/s 16, 0, 2;
    %concat/vec4; draw_concat_vec4
    %load/vec4 v000001330ad5cf50_0;
    %concat/vec4; draw_concat_vec4
    %assign/vec4 v000001330ad5dbd0_0, 0;
    %load/vec4 v000001330ad5f8c0_0;
    %load/vec4 v000001330ad5db30_0;
    %parti/s 37, 0, 2;
    %concat/vec4; draw_concat_vec4
    %load/vec4 v000001330ad5c4b0_0;
    %concat/vec4; draw_concat_vec4
    %assign/vec4 v000001330ad5dc70_0, 0;
T_12.1 ;
    %jmp T_12;
    .thread T_12;
    .scope S_000001330a9c1620;
T_13 ;
    %wait E_000001330a9be070;
    %load/vec4 v000001330ad5f3c0_0;
    %nor/r;
    %flag_set/vec4 8;
    %jmp/0xz  T_13.0, 8;
    %pushi/vec4 0, 0, 1;
    %assign/vec4 v000001330a9a95d0_0, 0;
    %pushi/vec4 0, 0, 1;
    %assign/vec4 v000001330a9a9670_0, 0;
    %pushi/vec4 0, 0, 12;
    %assign/vec4 v000001330a9a9210_0, 0;
    %pushi/vec4 0, 0, 48;
    %assign/vec4 v000001330a9a8ef0_0, 0;
    %pushi/vec4 0, 0, 32;
    %assign/vec4 v000001330a9a92b0_0, 0;
    %pushi/vec4 0, 0, 28;
    %assign/vec4 v000001330a9a8f90_0, 0;
    %jmp T_13.1;
T_13.0 ;
    %load/vec4 v000001330ad5de50_0;
    %assign/vec4 v000001330a9a95d0_0, 0;
    %load/vec4 v000001330ad5f0a0_0;
    %assign/vec4 v000001330a9a9670_0, 0;
    %load/vec4 v000001330ad5ddb0_0;
    %assign/vec4 v000001330a9a9210_0, 0;
    %load/vec4 v000001330ad5dbd0_0;
    %parti/s 48, 0, 2;
    %assign/vec4 v000001330a9a8ef0_0, 0;
    %load/vec4 v000001330ad5dbd0_0;
    %parti/s 31, 48, 7;
    %pad/u 32;
    %load/vec4 v000001330ad5dc70_0;
    %parti/s 31, 0, 2;
    %pad/u 32;
    %add;
    %assign/vec4 v000001330a9a92b0_0, 0;
    %load/vec4 v000001330ad5dbd0_0;
    %parti/s 23, 79, 8;
    %pad/u 28;
    %load/vec4 v000001330ad5dc70_0;
    %parti/s 27, 31, 6;
    %pad/u 28;
    %add;
    %assign/vec4 v000001330a9a8f90_0, 0;
T_13.1 ;
    %jmp T_13;
    .thread T_13;
    .scope S_000001330a9c1620;
T_14 ;
    %wait E_000001330a9be070;
    %load/vec4 v000001330ad5f3c0_0;
    %nor/r;
    %flag_set/vec4 8;
    %jmp/0xz  T_14.0, 8;
    %pushi/vec4 0, 0, 1;
    %assign/vec4 v000001330a9a9df0_0, 0;
    %pushi/vec4 0, 0, 1;
    %assign/vec4 v000001330a9a9e90_0, 0;
    %pushi/vec4 0, 0, 12;
    %assign/vec4 v000001330a9a9cb0_0, 0;
    %pushi/vec4 0, 0, 106;
    %assign/vec4 v000001330a9a9710_0, 0;
    %jmp T_14.1;
T_14.0 ;
    %load/vec4 v000001330a9a95d0_0;
    %assign/vec4 v000001330a9a9df0_0, 0;
    %load/vec4 v000001330a9a9670_0;
    %assign/vec4 v000001330a9a9e90_0, 0;
    %load/vec4 v000001330a9a9210_0;
    %assign/vec4 v000001330a9a9cb0_0, 0;
    %load/vec4 v000001330a9a98f0_0;
    %load/vec4 v000001330a9a92b0_0;
    %parti/s 31, 0, 2;
    %concat/vec4; draw_concat_vec4
    %load/vec4 v000001330a9a8ef0_0;
    %concat/vec4; draw_concat_vec4
    %assign/vec4 v000001330a9a9710_0, 0;
T_14.1 ;
    %jmp T_14;
    .thread T_14;
    .scope S_000001330a9c1620;
T_15 ;
    %wait E_000001330a9be070;
    %load/vec4 v000001330ad5f3c0_0;
    %nor/r;
    %flag_set/vec4 8;
    %jmp/0xz  T_15.0, 8;
    %pushi/vec4 0, 0, 1;
    %assign/vec4 v000001330a948de0_0, 0;
    %pushi/vec4 0, 0, 1;
    %assign/vec4 v000001330a948e80_0, 0;
    %pushi/vec4 0, 0, 11;
    %assign/vec4 v000001330a948d40_0, 0;
    %pushi/vec4 0, 0, 106;
    %assign/vec4 v000001330a949ba0_0, 0;
    %jmp T_15.1;
T_15.0 ;
    %load/vec4 v000001330a9a9df0_0;
    %assign/vec4 v000001330a948de0_0, 0;
    %load/vec4 v000001330a9a9e90_0;
    %assign/vec4 v000001330a948e80_0, 0;
    %load/vec4 v000001330a9a9710_0;
    %parti/s 1, 105, 8;
    %cmpi/e 1, 0, 1;
    %jmp/0xz  T_15.2, 4;
    %load/vec4 v000001330a9a9cb0_0;
    %addi 1, 0, 12;
    %pad/u 11;
    %assign/vec4 v000001330a948d40_0, 0;
    %load/vec4 v000001330a9a9710_0;
    %ix/load 4, 1, 0;
    %flag_set/imm 4, 0;
    %shiftr 4;
    %assign/vec4 v000001330a949ba0_0, 0;
    %jmp T_15.3;
T_15.2 ;
    %load/vec4 v000001330a9a9cb0_0;
    %pad/u 11;
    %assign/vec4 v000001330a948d40_0, 0;
    %load/vec4 v000001330a9a9710_0;
    %assign/vec4 v000001330a949ba0_0, 0;
T_15.3 ;
T_15.1 ;
    %jmp T_15;
    .thread T_15;
    .scope S_000001330a9c1620;
T_16 ;
    %wait E_000001330a9be070;
    %load/vec4 v000001330ad5f3c0_0;
    %nor/r;
    %flag_set/vec4 8;
    %jmp/0xz  T_16.0, 8;
    %pushi/vec4 0, 0, 1;
    %assign/vec4 v000001330ad5d590_0, 0;
    %pushi/vec4 0, 0, 1;
    %assign/vec4 v000001330ad5d4f0_0, 0;
    %pushi/vec4 0, 0, 11;
    %assign/vec4 v000001330ad5def0_0, 0;
    %pushi/vec4 0, 0, 52;
    %assign/vec4 v000001330ad5c5f0_0, 0;
    %jmp T_16.1;
T_16.0 ;
    %load/vec4 v000001330a948de0_0;
    %assign/vec4 v000001330ad5d590_0, 0;
    %load/vec4 v000001330a948e80_0;
    %assign/vec4 v000001330ad5d4f0_0, 0;
    %load/vec4 v000001330a948d40_0;
    %assign/vec4 v000001330ad5def0_0, 0;
    %load/vec4 v000001330ad5fc80_0;
    %flag_set/vec4 8;
    %jmp/0xz  T_16.2, 8;
    %load/vec4 v000001330a949ba0_0;
    %parti/s 52, 52, 7;
    %addi 1, 0, 52;
    %assign/vec4 v000001330ad5c5f0_0, 0;
    %jmp T_16.3;
T_16.2 ;
    %load/vec4 v000001330a949ba0_0;
    %parti/s 52, 52, 7;
    %assign/vec4 v000001330ad5c5f0_0, 0;
T_16.3 ;
T_16.1 ;
    %jmp T_16;
    .thread T_16;
# The file index is used to find the file name in the following table.
:file_names 3;
    "N/A";
    "<interactive>";
    "FLOAT_MUL.v";
