#! /c/Source/iverilog-install/bin/vvp
:ivl_version "12.0 (devel)" "(s20150603-1110-g18392a46)";
:ivl_delay_selection "TYPICAL";
:vpi_time_precision + 0;
:vpi_module "C:\iverilog\lib\ivl\system.vpi";
:vpi_module "C:\iverilog\lib\ivl\vhdl_sys.vpi";
:vpi_module "C:\iverilog\lib\ivl\vhdl_textio.vpi";
:vpi_module "C:\iverilog\lib\ivl\v2005_math.vpi";
:vpi_module "C:\iverilog\lib\ivl\va_math.vpi";
S_000001d1d7dd4680 .scope module, "FLOAT_ADD" "FLOAT_ADD" 2 6;
 .timescale 0 0;
    .port_info 0 /INPUT 64 "num1";
    .port_info 1 /INPUT 64 "num2";
    .port_info 2 /INPUT 1 "clk";
    .port_info 3 /INPUT 1 "rstn";
    .port_info 4 /INPUT 1 "valid";
    .port_info 5 /OUTPUT 64 "result";
    .port_info 6 /OUTPUT 1 "ready";
P_000001d1d7da2720 .param/l "BIAS" 1 2 16, +C4<00000000000000000000001111111111>;
P_000001d1d7da2758 .param/l "BIT" 1 2 15, +C4<00000000000000000000000001000000>;
P_000001d1d7da2790 .param/l "EXPONENT_LEN" 1 2 17, +C4<00000000000000000000000000001011>;
P_000001d1d7da27c8 .param/l "MANTISSA_LEN" 1 2 18, +C4<00000000000000000000000000110100>;
L_000001d1d7e0b740 .functor NOT 1, L_000001d1d7e7ab50, C4<0>, C4<0>, C4<0>;
L_000001d1d7e0b3c0 .functor NOT 1, L_000001d1d7e7d970, C4<0>, C4<0>, C4<0>;
L_000001d1d7e0abe0 .functor OR 1, L_000001d1d7e7c2f0, L_000001d1d7e7ce30, C4<0>, C4<0>;
L_000001d1d7e0b820 .functor OR 1, L_000001d1d7e0abe0, L_000001d1d7e7bdf0, C4<0>, C4<0>;
L_000001d1d7e0b580 .functor AND 1, L_000001d1d7e7be90, L_000001d1d7e0b820, C4<1>, C4<1>;
L_000001d1d7e0acc0 .functor OR 1, L_000001d1d7e7bf30, L_000001d1d7e7cb10, C4<0>, C4<0>;
L_000001d1d7e0b5f0 .functor OR 1, L_000001d1d7e0acc0, L_000001d1d7e7c390, C4<0>, C4<0>;
L_000001d1d7e0b970 .functor AND 1, L_000001d1d7e7c930, L_000001d1d7e0b5f0, C4<1>, C4<1>;
L_000001d1d7e0b9e0 .functor BUFZ 1, v000001d1d7e7a510_0, C4<0>, C4<0>, C4<0>;
v000001d1d7dd05a0_0 .net "Guard_1", 0 0, L_000001d1d7e7be90;  1 drivers
v000001d1d7dd0d20_0 .net "Guard_2", 0 0, L_000001d1d7e7c930;  1 drivers
v000001d1d7dcfec0_0 .net "LSB_1", 0 0, L_000001d1d7e7bdf0;  1 drivers
v000001d1d7dd0b40_0 .net "LSB_2", 0 0, L_000001d1d7e7c390;  1 drivers
v000001d1d7dd1400_0 .net "Round_1", 0 0, L_000001d1d7e7c2f0;  1 drivers
v000001d1d7dd1ae0_0 .net "Round_2", 0 0, L_000001d1d7e7bf30;  1 drivers
v000001d1d7dd1860_0 .net "Sticky_1", 0 0, L_000001d1d7e7ce30;  1 drivers
v000001d1d7dd0280_0 .net "Sticky_2", 0 0, L_000001d1d7e7cb10;  1 drivers
v000001d1d7dd03c0_0 .net *"_ivl_1", 0 0, L_000001d1d7e7ab50;  1 drivers
L_000001d1d81d00d0 .functor BUFT 1, C4<0000000000000000000000000000000000000000000000000000>, C4<0>, C4<0>, C4<0>;
v000001d1d7dd14a0_0 .net/2u *"_ivl_12", 51 0, L_000001d1d81d00d0;  1 drivers
L_000001d1d81d0118 .functor BUFT 1, C4<000000000000>, C4<0>, C4<0>, C4<0>;
v000001d1d7dd1c20_0 .net *"_ivl_16", 11 0, L_000001d1d81d0118;  1 drivers
v000001d1d7dd0320_0 .net *"_ivl_19", 11 0, L_000001d1d7e7d1f0;  1 drivers
v000001d1d7dd0000_0 .net *"_ivl_35", 49 0, L_000001d1d7e7c430;  1 drivers
v000001d1d7dd0aa0_0 .net *"_ivl_45", 49 0, L_000001d1d7e7c4d0;  1 drivers
v000001d1d7dd0be0_0 .net *"_ivl_48", 0 0, L_000001d1d7e0abe0;  1 drivers
v000001d1d7dd1540_0 .net *"_ivl_5", 0 0, L_000001d1d7e7d970;  1 drivers
v000001d1d7dd0c80_0 .net *"_ivl_50", 0 0, L_000001d1d7e0b820;  1 drivers
v000001d1d7dd0640_0 .net *"_ivl_54", 0 0, L_000001d1d7e0acc0;  1 drivers
v000001d1d7dd0fa0_0 .net *"_ivl_56", 0 0, L_000001d1d7e0b5f0;  1 drivers
L_000001d1d81d0088 .functor BUFT 1, C4<0000000000000000000000000000000000000000000000000000>, C4<0>, C4<0>, C4<0>;
v000001d1d7dd0960_0 .net/2u *"_ivl_8", 51 0, L_000001d1d81d0088;  1 drivers
v000001d1d7dd1b80_0 .net "check_denor1", 0 0, L_000001d1d7e0b740;  1 drivers
v000001d1d7dd06e0_0 .net "check_denor2", 0 0, L_000001d1d7e0b3c0;  1 drivers
o000001d1d7e28848 .functor BUFZ 1, C4<z>; HiZ drive
v000001d1d7dd0a00_0 .net "clk", 0 0, o000001d1d7e28848;  0 drivers
v000001d1d7dd01e0_0 .var/i "i", 31 0;
o000001d1d7e288a8 .functor BUFZ 64, C4<zzzzzzzzzzzzzzzzzzzzzzzzzzzzzzzzzzzzzzzzzzzzzzzzzzzzzzzzzzzzzzzz>; HiZ drive
v000001d1d7dd0500_0 .net "num1", 63 0, o000001d1d7e288a8;  0 drivers
o000001d1d7e288d8 .functor BUFZ 64, C4<zzzzzzzzzzzzzzzzzzzzzzzzzzzzzzzzzzzzzzzzzzzzzzzzzzzzzzzzzzzzzzzz>; HiZ drive
v000001d1d7dd0dc0_0 .net "num2", 63 0, o000001d1d7e288d8;  0 drivers
v000001d1d7dd0780_0 .var "pip1_exponent1", 10 0;
v000001d1d7dd0e60_0 .var "pip1_exponent2", 10 0;
v000001d1d7dd1a40_0 .var "pip1_mantissa1", 51 0;
v000001d1d7dd15e0_0 .var "pip1_mantissa2", 51 0;
v000001d1d7dd00a0_0 .var "pip1_sign1", 0 0;
v000001d1d7dd1720_0 .var "pip1_sign2", 0 0;
v000001d1d7dd19a0_0 .var "pip1_valid", 0 0;
v000001d1d7dd1900_0 .var "pip2_exponent1", 10 0;
v000001d1d7dd0820_0 .var "pip2_exponent2", 10 0;
v000001d1d7dd08c0_0 .var/s "pip2_exponent_diff", 11 0;
v000001d1d7dd1040_0 .var "pip2_mantissa1", 52 0;
v000001d1d7dcff60_0 .net "pip2_mantissa1_shift", 104 0, L_000001d1d7e7c9d0;  1 drivers
v000001d1d7dd17c0_0 .net "pip2_mantissa1_shifted", 104 0, L_000001d1d7e7c110;  1 drivers
v000001d1d7dd10e0_0 .var "pip2_mantissa2", 52 0;
v000001d1d7dd1180_0 .net "pip2_mantissa2_shift", 104 0, L_000001d1d7e7bd50;  1 drivers
v000001d1d7dcfe20_0 .net "pip2_mantissa2_shifted", 104 0, L_000001d1d7e7d290;  1 drivers
v000001d1d7dd1220_0 .var "pip2_sign1", 0 0;
v000001d1d7dd12c0_0 .var "pip2_sign2", 0 0;
v000001d1d7e79c50_0 .var "pip2_valid", 0 0;
v000001d1d7e79bb0_0 .var "pip3_exponent1", 10 0;
v000001d1d7e7a1f0_0 .var "pip3_exponent2", 10 0;
v000001d1d7e7b0f0_0 .var "pip3_mantissa1", 52 0;
v000001d1d7e7b370_0 .var "pip3_mantissa1_next", 52 0;
v000001d1d7e7a0b0_0 .net "pip3_mantissa1_tmp", 52 0, L_000001d1d7e7d330;  1 drivers
v000001d1d7e7abf0_0 .var "pip3_mantissa2", 52 0;
v000001d1d7e7b230_0 .var "pip3_mantissa2_next", 52 0;
v000001d1d7e7a150_0 .net "pip3_mantissa2_tmp", 52 0, L_000001d1d7e7ca70;  1 drivers
v000001d1d7e7b5f0_0 .var "pip3_sign1", 0 0;
v000001d1d7e79a70_0 .var "pip3_sign2", 0 0;
v000001d1d7e7a5b0_0 .var "pip3_valid", 0 0;
v000001d1d7e79b10_0 .var "pip4_compare", 0 0;
v000001d1d7e7a970_0 .var "pip4_exponent1", 10 0;
v000001d1d7e7a470_0 .var "pip4_exponent2", 10 0;
v000001d1d7e7b730_0 .var "pip4_mantissaA", 52 0;
v000001d1d7e7af10_0 .var "pip4_mantissaB", 52 0;
v000001d1d7e79ed0_0 .var "pip4_sign1", 0 0;
v000001d1d7e79cf0_0 .var "pip4_sign2", 0 0;
v000001d1d7e7b190_0 .var "pip4_valid", 0 0;
v000001d1d7e79f70_0 .var/s "pip5_add", 53 0;
v000001d1d7e7a790_0 .var "pip5_complement", 0 0;
v000001d1d7e7b550_0 .var "pip5_complement_tmp", 0 0;
v000001d1d7e7ad30_0 .var "pip5_exponent", 10 0;
v000001d1d7e79d90_0 .var/s "pip5_mantissa", 53 0;
v000001d1d7e79930_0 .var "pip5_sign", 0 0;
v000001d1d7e7a290_0 .var "pip5_sign_tmp", 0 0;
v000001d1d7e7a330_0 .var/s "pip5_sub", 53 0;
v000001d1d7e7b2d0_0 .var "pip5_valid", 0 0;
v000001d1d7e7ac90_0 .var "pip6_exponent", 10 0;
v000001d1d7e7add0_0 .var "pip6_mantissa", 53 0;
v000001d1d7e7b410_0 .var "pip6_sign", 0 0;
v000001d1d7e7b4b0_0 .var "pip6_valid", 0 0;
v000001d1d7e7ae70_0 .var "pip7_exponent", 10 0;
v000001d1d7e7afb0_0 .var "pip7_mantissa", 53 0;
v000001d1d7e79e30_0 .var "pip7_sign", 0 0;
v000001d1d7e7a830_0 .var "pip7_valid", 0 0;
v000001d1d7e7a010_0 .var "pip8_exponent", 10 0;
v000001d1d7e7b050_0 .var "pip8_mantissa", 51 0;
v000001d1d7e7a3d0_0 .var "pip8_mantissa_shift", 53 0;
v000001d1d7e7b690_0 .var "pip8_sign", 0 0;
v000001d1d7e7a510_0 .var "pip8_valid", 0 0;
v000001d1d7e7a6f0_0 .net "ready", 0 0, L_000001d1d7e0b9e0;  1 drivers
v000001d1d7e79890_0 .net "result", 63 0, L_000001d1d7e7bfd0;  1 drivers
v000001d1d7e7a650_0 .net "round_up1", 0 0, L_000001d1d7e0b580;  1 drivers
v000001d1d7e799d0_0 .net "round_up2", 0 0, L_000001d1d7e0b970;  1 drivers
o000001d1d7e29508 .functor BUFZ 1, C4<z>; HiZ drive
v000001d1d7e7a8d0_0 .net "rstn", 0 0, o000001d1d7e29508;  0 drivers
v000001d1d7e7aa10_0 .var/s "shift", 5 0;
o000001d1d7e29568 .functor BUFZ 1, C4<z>; HiZ drive
v000001d1d7e7aab0_0 .net "valid", 0 0, o000001d1d7e29568;  0 drivers
E_000001d1d7e190a0/0 .event negedge, v000001d1d7e7a8d0_0;
E_000001d1d7e190a0/1 .event posedge, v000001d1d7dd0a00_0;
E_000001d1d7e190a0 .event/or E_000001d1d7e190a0/0, E_000001d1d7e190a0/1;
E_000001d1d7e19ce0 .event anyedge, v000001d1d7e7afb0_0, v000001d1d7e7aa10_0;
E_000001d1d7e195e0/0 .event anyedge, v000001d1d7e7b730_0, v000001d1d7e7af10_0, v000001d1d7e79b10_0, v000001d1d7e79ed0_0;
E_000001d1d7e195e0/1 .event anyedge, v000001d1d7e79cf0_0;
E_000001d1d7e195e0 .event/or E_000001d1d7e195e0/0, E_000001d1d7e195e0/1;
E_000001d1d7e19960 .event anyedge, v000001d1d7e7a650_0, v000001d1d7e7a0b0_0, v000001d1d7e799d0_0, v000001d1d7e7a150_0;
L_000001d1d7e7ab50 .reduce/or v000001d1d7dd0780_0;
L_000001d1d7e7d970 .reduce/or v000001d1d7dd0e60_0;
L_000001d1d7e7c9d0 .concat [ 52 53 0 0], L_000001d1d81d0088, v000001d1d7dd1040_0;
L_000001d1d7e7bd50 .concat [ 52 53 0 0], L_000001d1d81d00d0, v000001d1d7dd10e0_0;
L_000001d1d7e7d1f0 .arith/sub 12, L_000001d1d81d0118, v000001d1d7dd08c0_0;
L_000001d1d7e7c110 .shift/r 105, L_000001d1d7e7c9d0, L_000001d1d7e7d1f0;
L_000001d1d7e7d290 .shift/r 105, L_000001d1d7e7bd50, v000001d1d7dd08c0_0;
L_000001d1d7e7d330 .part L_000001d1d7e7c110, 52, 53;
L_000001d1d7e7ca70 .part L_000001d1d7e7d290, 52, 53;
L_000001d1d7e7bdf0 .part L_000001d1d7e7c110, 52, 1;
L_000001d1d7e7be90 .part L_000001d1d7e7c110, 51, 1;
L_000001d1d7e7c2f0 .part L_000001d1d7e7c110, 50, 1;
L_000001d1d7e7c430 .part L_000001d1d7e7c110, 0, 50;
L_000001d1d7e7ce30 .reduce/or L_000001d1d7e7c430;
L_000001d1d7e7c390 .part L_000001d1d7e7d290, 52, 1;
L_000001d1d7e7c930 .part L_000001d1d7e7d290, 51, 1;
L_000001d1d7e7bf30 .part L_000001d1d7e7d290, 50, 1;
L_000001d1d7e7c4d0 .part L_000001d1d7e7d290, 0, 50;
L_000001d1d7e7cb10 .reduce/or L_000001d1d7e7c4d0;
L_000001d1d7e7bfd0 .concat [ 52 11 1 0], v000001d1d7e7b050_0, v000001d1d7e7a010_0, v000001d1d7e7b690_0;
    .scope S_000001d1d7dd4680;
T_0 ;
    %wait E_000001d1d7e190a0;
    %load/vec4 v000001d1d7e7a8d0_0;
    %nor/r;
    %flag_set/vec4 8;
    %jmp/0xz  T_0.0, 8;
    %pushi/vec4 0, 0, 1;
    %assign/vec4 v000001d1d7dd00a0_0, 0;
    %pushi/vec4 0, 0, 1;
    %assign/vec4 v000001d1d7dd1720_0, 0;
    %pushi/vec4 0, 0, 11;
    %assign/vec4 v000001d1d7dd0780_0, 0;
    %pushi/vec4 0, 0, 11;
    %assign/vec4 v000001d1d7dd0e60_0, 0;
    %pushi/vec4 0, 0, 52;
    %assign/vec4 v000001d1d7dd1a40_0, 0;
    %pushi/vec4 0, 0, 52;
    %assign/vec4 v000001d1d7dd15e0_0, 0;
    %pushi/vec4 0, 0, 1;
    %assign/vec4 v000001d1d7dd19a0_0, 0;
    %jmp T_0.1;
T_0.0 ;
    %load/vec4 v000001d1d7dd0500_0;
    %parti/s 1, 63, 7;
    %assign/vec4 v000001d1d7dd00a0_0, 0;
    %load/vec4 v000001d1d7dd0dc0_0;
    %parti/s 1, 63, 7;
    %assign/vec4 v000001d1d7dd1720_0, 0;
    %load/vec4 v000001d1d7dd0500_0;
    %parti/s 11, 52, 7;
    %assign/vec4 v000001d1d7dd0780_0, 0;
    %load/vec4 v000001d1d7dd0dc0_0;
    %parti/s 11, 52, 7;
    %assign/vec4 v000001d1d7dd0e60_0, 0;
    %load/vec4 v000001d1d7dd0500_0;
    %parti/s 52, 0, 2;
    %assign/vec4 v000001d1d7dd1a40_0, 0;
    %load/vec4 v000001d1d7dd0dc0_0;
    %parti/s 52, 0, 2;
    %assign/vec4 v000001d1d7dd15e0_0, 0;
    %load/vec4 v000001d1d7e7aab0_0;
    %assign/vec4 v000001d1d7dd19a0_0, 0;
T_0.1 ;
    %jmp T_0;
    .thread T_0;
    .scope S_000001d1d7dd4680;
T_1 ;
    %wait E_000001d1d7e190a0;
    %load/vec4 v000001d1d7e7a8d0_0;
    %nor/r;
    %flag_set/vec4 8;
    %jmp/0xz  T_1.0, 8;
    %pushi/vec4 0, 0, 1;
    %assign/vec4 v000001d1d7dd1220_0, 0;
    %pushi/vec4 0, 0, 1;
    %assign/vec4 v000001d1d7dd12c0_0, 0;
    %pushi/vec4 0, 0, 1;
    %assign/vec4 v000001d1d7e79c50_0, 0;
    %pushi/vec4 0, 0, 11;
    %assign/vec4 v000001d1d7dd1900_0, 0;
    %pushi/vec4 0, 0, 11;
    %assign/vec4 v000001d1d7dd0820_0, 0;
    %pushi/vec4 0, 0, 53;
    %assign/vec4 v000001d1d7dd1040_0, 0;
    %pushi/vec4 0, 0, 53;
    %assign/vec4 v000001d1d7dd10e0_0, 0;
    %pushi/vec4 0, 0, 12;
    %assign/vec4 v000001d1d7dd08c0_0, 0;
    %jmp T_1.1;
T_1.0 ;
    %load/vec4 v000001d1d7dd00a0_0;
    %assign/vec4 v000001d1d7dd1220_0, 0;
    %load/vec4 v000001d1d7dd1720_0;
    %assign/vec4 v000001d1d7dd12c0_0, 0;
    %load/vec4 v000001d1d7dd19a0_0;
    %assign/vec4 v000001d1d7e79c50_0, 0;
    %load/vec4 v000001d1d7dd0780_0;
    %assign/vec4 v000001d1d7dd1900_0, 0;
    %load/vec4 v000001d1d7dd0e60_0;
    %assign/vec4 v000001d1d7dd0820_0, 0;
    %load/vec4 v000001d1d7dd0780_0;
    %pad/u 12;
    %load/vec4 v000001d1d7dd0e60_0;
    %pad/u 12;
    %sub;
    %assign/vec4 v000001d1d7dd08c0_0, 0;
    %load/vec4 v000001d1d7dd1b80_0;
    %flag_set/vec4 8;
    %jmp/0xz  T_1.2, 8;
    %pushi/vec4 0, 0, 1;
    %load/vec4 v000001d1d7dd1a40_0;
    %concat/vec4; draw_concat_vec4
    %assign/vec4 v000001d1d7dd1040_0, 0;
    %jmp T_1.3;
T_1.2 ;
    %pushi/vec4 1, 0, 1;
    %load/vec4 v000001d1d7dd1a40_0;
    %concat/vec4; draw_concat_vec4
    %assign/vec4 v000001d1d7dd1040_0, 0;
T_1.3 ;
    %load/vec4 v000001d1d7dd06e0_0;
    %flag_set/vec4 8;
    %jmp/0xz  T_1.4, 8;
    %pushi/vec4 0, 0, 1;
    %load/vec4 v000001d1d7dd15e0_0;
    %concat/vec4; draw_concat_vec4
    %assign/vec4 v000001d1d7dd10e0_0, 0;
    %jmp T_1.5;
T_1.4 ;
    %pushi/vec4 1, 0, 1;
    %load/vec4 v000001d1d7dd15e0_0;
    %concat/vec4; draw_concat_vec4
    %assign/vec4 v000001d1d7dd10e0_0, 0;
T_1.5 ;
T_1.1 ;
    %jmp T_1;
    .thread T_1;
    .scope S_000001d1d7dd4680;
T_2 ;
    %wait E_000001d1d7e190a0;
    %load/vec4 v000001d1d7e7a8d0_0;
    %nor/r;
    %flag_set/vec4 8;
    %jmp/0xz  T_2.0, 8;
    %pushi/vec4 0, 0, 1;
    %assign/vec4 v000001d1d7e7b5f0_0, 0;
    %pushi/vec4 0, 0, 1;
    %assign/vec4 v000001d1d7e79a70_0, 0;
    %pushi/vec4 0, 0, 11;
    %assign/vec4 v000001d1d7e79bb0_0, 0;
    %pushi/vec4 0, 0, 11;
    %assign/vec4 v000001d1d7e7a1f0_0, 0;
    %pushi/vec4 0, 0, 53;
    %assign/vec4 v000001d1d7e7b0f0_0, 0;
    %pushi/vec4 0, 0, 53;
    %assign/vec4 v000001d1d7e7abf0_0, 0;
    %pushi/vec4 0, 0, 1;
    %assign/vec4 v000001d1d7e7a5b0_0, 0;
    %jmp T_2.1;
T_2.0 ;
    %load/vec4 v000001d1d7dd1220_0;
    %assign/vec4 v000001d1d7e7b5f0_0, 0;
    %load/vec4 v000001d1d7dd12c0_0;
    %assign/vec4 v000001d1d7e79a70_0, 0;
    %load/vec4 v000001d1d7e79c50_0;
    %assign/vec4 v000001d1d7e7a5b0_0, 0;
    %load/vec4 v000001d1d7dd08c0_0;
    %pad/s 32;
    %cmpi/s 0, 0, 32;
    %flag_inv 5; GE is !LT
    %jmp/0xz  T_2.2, 5;
    %load/vec4 v000001d1d7dd1900_0;
    %assign/vec4 v000001d1d7e79bb0_0, 0;
    %load/vec4 v000001d1d7dd1900_0;
    %assign/vec4 v000001d1d7e7a1f0_0, 0;
    %load/vec4 v000001d1d7dd1040_0;
    %assign/vec4 v000001d1d7e7b0f0_0, 0;
    %load/vec4 v000001d1d7e7b230_0;
    %assign/vec4 v000001d1d7e7abf0_0, 0;
    %jmp T_2.3;
T_2.2 ;
    %load/vec4 v000001d1d7dd0820_0;
    %assign/vec4 v000001d1d7e79bb0_0, 0;
    %load/vec4 v000001d1d7dd0820_0;
    %assign/vec4 v000001d1d7e7a1f0_0, 0;
    %load/vec4 v000001d1d7e7b370_0;
    %assign/vec4 v000001d1d7e7b0f0_0, 0;
    %load/vec4 v000001d1d7dd10e0_0;
    %assign/vec4 v000001d1d7e7abf0_0, 0;
T_2.3 ;
T_2.1 ;
    %jmp T_2;
    .thread T_2;
    .scope S_000001d1d7dd4680;
T_3 ;
    %wait E_000001d1d7e19960;
    %load/vec4 v000001d1d7e7a650_0;
    %flag_set/vec4 8;
    %jmp/0xz  T_3.0, 8;
    %load/vec4 v000001d1d7e7a0b0_0;
    %addi 1, 0, 53;
    %store/vec4 v000001d1d7e7b370_0, 0, 53;
    %jmp T_3.1;
T_3.0 ;
    %load/vec4 v000001d1d7e7a0b0_0;
    %store/vec4 v000001d1d7e7b370_0, 0, 53;
T_3.1 ;
    %load/vec4 v000001d1d7e799d0_0;
    %flag_set/vec4 8;
    %jmp/0xz  T_3.2, 8;
    %load/vec4 v000001d1d7e7a150_0;
    %addi 1, 0, 53;
    %store/vec4 v000001d1d7e7b230_0, 0, 53;
    %jmp T_3.3;
T_3.2 ;
    %load/vec4 v000001d1d7e7a150_0;
    %store/vec4 v000001d1d7e7b230_0, 0, 53;
T_3.3 ;
    %jmp T_3;
    .thread T_3, $push;
    .scope S_000001d1d7dd4680;
T_4 ;
    %wait E_000001d1d7e190a0;
    %load/vec4 v000001d1d7e7a8d0_0;
    %nor/r;
    %flag_set/vec4 8;
    %jmp/0xz  T_4.0, 8;
    %pushi/vec4 0, 0, 1;
    %assign/vec4 v000001d1d7e79ed0_0, 0;
    %pushi/vec4 0, 0, 1;
    %assign/vec4 v000001d1d7e79cf0_0, 0;
    %pushi/vec4 0, 0, 11;
    %assign/vec4 v000001d1d7e7a970_0, 0;
    %pushi/vec4 0, 0, 11;
    %assign/vec4 v000001d1d7e7a470_0, 0;
    %pushi/vec4 0, 0, 53;
    %assign/vec4 v000001d1d7e7b730_0, 0;
    %pushi/vec4 0, 0, 53;
    %assign/vec4 v000001d1d7e7af10_0, 0;
    %pushi/vec4 0, 0, 1;
    %assign/vec4 v000001d1d7e79b10_0, 0;
    %pushi/vec4 0, 0, 1;
    %assign/vec4 v000001d1d7e7b190_0, 0;
    %jmp T_4.1;
T_4.0 ;
    %load/vec4 v000001d1d7e7b5f0_0;
    %assign/vec4 v000001d1d7e79ed0_0, 0;
    %load/vec4 v000001d1d7e79a70_0;
    %assign/vec4 v000001d1d7e79cf0_0, 0;
    %load/vec4 v000001d1d7e79bb0_0;
    %assign/vec4 v000001d1d7e7a970_0, 0;
    %load/vec4 v000001d1d7e7a1f0_0;
    %assign/vec4 v000001d1d7e7a470_0, 0;
    %load/vec4 v000001d1d7e7a5b0_0;
    %assign/vec4 v000001d1d7e7b190_0, 0;
    %load/vec4 v000001d1d7e7b5f0_0;
    %load/vec4 v000001d1d7e79a70_0;
    %concat/vec4; draw_concat_vec4
    %dup/vec4;
    %pushi/vec4 0, 0, 2;
    %cmp/u;
    %jmp/1 T_4.2, 6;
    %dup/vec4;
    %pushi/vec4 1, 0, 2;
    %cmp/u;
    %jmp/1 T_4.3, 6;
    %dup/vec4;
    %pushi/vec4 2, 0, 2;
    %cmp/u;
    %jmp/1 T_4.4, 6;
    %dup/vec4;
    %pushi/vec4 3, 0, 2;
    %cmp/u;
    %jmp/1 T_4.5, 6;
    %load/vec4 v000001d1d7e7b0f0_0;
    %assign/vec4 v000001d1d7e7b730_0, 0;
    %load/vec4 v000001d1d7e7abf0_0;
    %assign/vec4 v000001d1d7e7af10_0, 0;
    %jmp T_4.7;
T_4.2 ;
    %load/vec4 v000001d1d7e7b0f0_0;
    %assign/vec4 v000001d1d7e7b730_0, 0;
    %load/vec4 v000001d1d7e7abf0_0;
    %assign/vec4 v000001d1d7e7af10_0, 0;
    %jmp T_4.7;
T_4.3 ;
    %load/vec4 v000001d1d7e7b0f0_0;
    %assign/vec4 v000001d1d7e7b730_0, 0;
    %load/vec4 v000001d1d7e7abf0_0;
    %assign/vec4 v000001d1d7e7af10_0, 0;
    %jmp T_4.7;
T_4.4 ;
    %load/vec4 v000001d1d7e7abf0_0;
    %assign/vec4 v000001d1d7e7b730_0, 0;
    %load/vec4 v000001d1d7e7b0f0_0;
    %assign/vec4 v000001d1d7e7af10_0, 0;
    %jmp T_4.7;
T_4.5 ;
    %load/vec4 v000001d1d7e7b0f0_0;
    %assign/vec4 v000001d1d7e7b730_0, 0;
    %load/vec4 v000001d1d7e7abf0_0;
    %assign/vec4 v000001d1d7e7af10_0, 0;
    %jmp T_4.7;
T_4.7 ;
    %pop/vec4 1;
    %load/vec4 v000001d1d7e7abf0_0;
    %load/vec4 v000001d1d7e7b0f0_0;
    %cmp/u;
    %flag_mov 8, 5;
    %jmp/0 T_4.8, 8;
    %pushi/vec4 1, 0, 2;
    %jmp/1 T_4.9, 8;
T_4.8 ; End of true expr.
    %pushi/vec4 0, 0, 2;
    %jmp/0 T_4.9, 8;
 ; End of false expr.
    %blend;
T_4.9;
    %pad/s 1;
    %assign/vec4 v000001d1d7e79b10_0, 0;
T_4.1 ;
    %jmp T_4;
    .thread T_4;
    .scope S_000001d1d7dd4680;
T_5 ;
    %wait E_000001d1d7e190a0;
    %load/vec4 v000001d1d7e7a8d0_0;
    %nor/r;
    %flag_set/vec4 8;
    %jmp/0xz  T_5.0, 8;
    %pushi/vec4 0, 0, 1;
    %assign/vec4 v000001d1d7e79930_0, 0;
    %pushi/vec4 0, 0, 11;
    %assign/vec4 v000001d1d7e7ad30_0, 0;
    %pushi/vec4 0, 0, 1;
    %assign/vec4 v000001d1d7e7a790_0, 0;
    %pushi/vec4 0, 0, 54;
    %assign/vec4 v000001d1d7e79d90_0, 0;
    %pushi/vec4 0, 0, 1;
    %assign/vec4 v000001d1d7e7b2d0_0, 0;
    %jmp T_5.1;
T_5.0 ;
    %load/vec4 v000001d1d7e7b190_0;
    %assign/vec4 v000001d1d7e7b2d0_0, 0;
    %load/vec4 v000001d1d7e7a330_0;
    %nor/r;
    %load/vec4 v000001d1d7e79ed0_0;
    %load/vec4 v000001d1d7e79cf0_0;
    %xor;
    %and;
    %flag_set/vec4 8;
    %jmp/0xz  T_5.2, 8;
    %pushi/vec4 0, 0, 1;
    %assign/vec4 v000001d1d7e79930_0, 0;
    %pushi/vec4 0, 0, 11;
    %assign/vec4 v000001d1d7e7ad30_0, 0;
    %jmp T_5.3;
T_5.2 ;
    %load/vec4 v000001d1d7e7a290_0;
    %assign/vec4 v000001d1d7e79930_0, 0;
    %load/vec4 v000001d1d7e7a970_0;
    %load/vec4 v000001d1d7e7a470_0;
    %and;
    %assign/vec4 v000001d1d7e7ad30_0, 0;
T_5.3 ;
    %load/vec4 v000001d1d7e7b550_0;
    %assign/vec4 v000001d1d7e7a790_0, 0;
    %load/vec4 v000001d1d7e79ed0_0;
    %load/vec4 v000001d1d7e79cf0_0;
    %xor;
    %flag_set/vec4 8;
    %jmp/0xz  T_5.4, 8;
    %load/vec4 v000001d1d7e7a330_0;
    %assign/vec4 v000001d1d7e79d90_0, 0;
    %jmp T_5.5;
T_5.4 ;
    %load/vec4 v000001d1d7e79f70_0;
    %assign/vec4 v000001d1d7e79d90_0, 0;
T_5.5 ;
T_5.1 ;
    %jmp T_5;
    .thread T_5;
    .scope S_000001d1d7dd4680;
T_6 ;
    %wait E_000001d1d7e195e0;
    %load/vec4 v000001d1d7e7b730_0;
    %pad/u 54;
    %load/vec4 v000001d1d7e7af10_0;
    %pad/u 54;
    %add;
    %store/vec4 v000001d1d7e79f70_0, 0, 54;
    %load/vec4 v000001d1d7e7b730_0;
    %pad/u 54;
    %load/vec4 v000001d1d7e7af10_0;
    %pad/u 54;
    %sub;
    %store/vec4 v000001d1d7e7a330_0, 0, 54;
    %load/vec4 v000001d1d7e79b10_0;
    %flag_set/vec4 8;
    %jmp/0xz  T_6.0, 8;
    %load/vec4 v000001d1d7e79ed0_0;
    %store/vec4 v000001d1d7e7a290_0, 0, 1;
    %jmp T_6.1;
T_6.0 ;
    %load/vec4 v000001d1d7e79cf0_0;
    %store/vec4 v000001d1d7e7a290_0, 0, 1;
T_6.1 ;
    %load/vec4 v000001d1d7e79ed0_0;
    %load/vec4 v000001d1d7e79cf0_0;
    %concat/vec4; draw_concat_vec4
    %dup/vec4;
    %pushi/vec4 0, 0, 2;
    %cmp/u;
    %jmp/1 T_6.2, 6;
    %dup/vec4;
    %pushi/vec4 1, 0, 2;
    %cmp/u;
    %jmp/1 T_6.3, 6;
    %dup/vec4;
    %pushi/vec4 2, 0, 2;
    %cmp/u;
    %jmp/1 T_6.4, 6;
    %dup/vec4;
    %pushi/vec4 3, 0, 2;
    %cmp/u;
    %jmp/1 T_6.5, 6;
    %jmp T_6.6;
T_6.2 ;
    %pushi/vec4 0, 0, 1;
    %store/vec4 v000001d1d7e7b550_0, 0, 1;
    %jmp T_6.6;
T_6.3 ;
    %load/vec4 v000001d1d7e79b10_0;
    %inv;
    %flag_set/vec4 8;
    %jmp/0xz  T_6.7, 8;
    %pushi/vec4 1, 0, 1;
    %store/vec4 v000001d1d7e7b550_0, 0, 1;
    %jmp T_6.8;
T_6.7 ;
    %pushi/vec4 0, 0, 1;
    %store/vec4 v000001d1d7e7b550_0, 0, 1;
T_6.8 ;
    %jmp T_6.6;
T_6.4 ;
    %load/vec4 v000001d1d7e79b10_0;
    %flag_set/vec4 8;
    %jmp/0xz  T_6.9, 8;
    %pushi/vec4 1, 0, 1;
    %store/vec4 v000001d1d7e7b550_0, 0, 1;
    %jmp T_6.10;
T_6.9 ;
    %pushi/vec4 0, 0, 1;
    %store/vec4 v000001d1d7e7b550_0, 0, 1;
T_6.10 ;
    %jmp T_6.6;
T_6.5 ;
    %pushi/vec4 0, 0, 1;
    %store/vec4 v000001d1d7e7b550_0, 0, 1;
    %jmp T_6.6;
T_6.6 ;
    %pop/vec4 1;
    %jmp T_6;
    .thread T_6, $push;
    .scope S_000001d1d7dd4680;
T_7 ;
    %wait E_000001d1d7e190a0;
    %load/vec4 v000001d1d7e7a8d0_0;
    %nor/r;
    %flag_set/vec4 8;
    %jmp/0xz  T_7.0, 8;
    %pushi/vec4 0, 0, 1;
    %assign/vec4 v000001d1d7e7b410_0, 0;
    %pushi/vec4 0, 0, 11;
    %assign/vec4 v000001d1d7e7ac90_0, 0;
    %pushi/vec4 0, 0, 54;
    %assign/vec4 v000001d1d7e7add0_0, 0;
    %pushi/vec4 0, 0, 1;
    %assign/vec4 v000001d1d7e7b4b0_0, 0;
    %jmp T_7.1;
T_7.0 ;
    %load/vec4 v000001d1d7e7b2d0_0;
    %assign/vec4 v000001d1d7e7b4b0_0, 0;
    %load/vec4 v000001d1d7e79930_0;
    %assign/vec4 v000001d1d7e7b410_0, 0;
    %load/vec4 v000001d1d7e7ad30_0;
    %assign/vec4 v000001d1d7e7ac90_0, 0;
    %load/vec4 v000001d1d7e7a790_0;
    %flag_set/vec4 8;
    %jmp/0xz  T_7.2, 8;
    %load/vec4 v000001d1d7e79d90_0;
    %inv;
    %addi 1, 0, 54;
    %assign/vec4 v000001d1d7e7add0_0, 0;
    %jmp T_7.3;
T_7.2 ;
    %load/vec4 v000001d1d7e79d90_0;
    %assign/vec4 v000001d1d7e7add0_0, 0;
T_7.3 ;
T_7.1 ;
    %jmp T_7;
    .thread T_7;
    .scope S_000001d1d7dd4680;
T_8 ;
    %wait E_000001d1d7e190a0;
    %load/vec4 v000001d1d7e7a8d0_0;
    %nor/r;
    %flag_set/vec4 8;
    %jmp/0xz  T_8.0, 8;
    %pushi/vec4 0, 0, 1;
    %assign/vec4 v000001d1d7e79e30_0, 0;
    %pushi/vec4 0, 0, 11;
    %assign/vec4 v000001d1d7e7ae70_0, 0;
    %pushi/vec4 0, 0, 54;
    %assign/vec4 v000001d1d7e7afb0_0, 0;
    %pushi/vec4 0, 0, 1;
    %assign/vec4 v000001d1d7e7a830_0, 0;
    %jmp T_8.1;
T_8.0 ;
    %load/vec4 v000001d1d7e7b4b0_0;
    %assign/vec4 v000001d1d7e7a830_0, 0;
    %load/vec4 v000001d1d7e7b410_0;
    %assign/vec4 v000001d1d7e79e30_0, 0;
    %load/vec4 v000001d1d7e7add0_0;
    %parti/s 1, 53, 7;
    %pad/u 32;
    %cmpi/e 1, 0, 32;
    %jmp/0xz  T_8.2, 4;
    %load/vec4 v000001d1d7e7ac90_0;
    %addi 1, 0, 11;
    %assign/vec4 v000001d1d7e7ae70_0, 0;
    %load/vec4 v000001d1d7e7add0_0;
    %parti/s 1, 0, 2;
    %load/vec4 v000001d1d7e7add0_0;
    %parti/s 1, 1, 2;
    %and;
    %flag_set/vec4 8;
    %jmp/0xz  T_8.4, 8;
    %pushi/vec4 0, 0, 1;
    %load/vec4 v000001d1d7e7add0_0;
    %parti/s 53, 1, 2;
    %concat/vec4; draw_concat_vec4
    %addi 1, 0, 54;
    %assign/vec4 v000001d1d7e7afb0_0, 0;
    %jmp T_8.5;
T_8.4 ;
    %pushi/vec4 0, 0, 1;
    %load/vec4 v000001d1d7e7add0_0;
    %parti/s 53, 1, 2;
    %concat/vec4; draw_concat_vec4
    %assign/vec4 v000001d1d7e7afb0_0, 0;
T_8.5 ;
    %jmp T_8.3;
T_8.2 ;
    %load/vec4 v000001d1d7e7ac90_0;
    %assign/vec4 v000001d1d7e7ae70_0, 0;
    %load/vec4 v000001d1d7e7add0_0;
    %assign/vec4 v000001d1d7e7afb0_0, 0;
T_8.3 ;
T_8.1 ;
    %jmp T_8;
    .thread T_8;
    .scope S_000001d1d7dd4680;
T_9 ;
    %wait E_000001d1d7e19ce0;
    %pushi/vec4 0, 0, 6;
    %store/vec4 v000001d1d7e7aa10_0, 0, 6;
    %pushi/vec4 51, 0, 32;
    %store/vec4 v000001d1d7dd01e0_0, 0, 32;
T_9.0 ;
    %load/vec4 v000001d1d7dd01e0_0;
    %cmpi/s 0, 0, 32;
    %flag_inv 5; GE is !LT
    %jmp/0xz T_9.1, 5;
    %load/vec4 v000001d1d7e7afb0_0;
    %load/vec4 v000001d1d7dd01e0_0;
    %part/s 1;
    %load/vec4 v000001d1d7e7aa10_0;
    %pad/s 32;
    %pushi/vec4 0, 0, 32;
    %cmp/e;
    %flag_get/vec4 4;
    %and;
    %flag_set/vec4 8;
    %jmp/0xz  T_9.2, 8;
    %pushi/vec4 52, 0, 32;
    %load/vec4 v000001d1d7dd01e0_0;
    %sub;
    %pad/s 6;
    %store/vec4 v000001d1d7e7aa10_0, 0, 6;
T_9.2 ;
    %load/vec4 v000001d1d7dd01e0_0;
    %subi 1, 0, 32;
    %store/vec4 v000001d1d7dd01e0_0, 0, 32;
    %jmp T_9.0;
T_9.1 ;
    %load/vec4 v000001d1d7e7afb0_0;
    %parti/s 1, 0, 2;
    %cmpi/e 1, 0, 1;
    %jmp/0xz  T_9.4, 4;
    %load/vec4 v000001d1d7e7afb0_0;
    %addi 1, 0, 54;
    %load/vec4 v000001d1d7e7aa10_0;
    %ix/vec4 4;
    %shiftl 4;
    %store/vec4 v000001d1d7e7a3d0_0, 0, 54;
    %jmp T_9.5;
T_9.4 ;
    %load/vec4 v000001d1d7e7afb0_0;
    %load/vec4 v000001d1d7e7aa10_0;
    %ix/vec4 4;
    %shiftl 4;
    %store/vec4 v000001d1d7e7a3d0_0, 0, 54;
T_9.5 ;
    %jmp T_9;
    .thread T_9, $push;
    .scope S_000001d1d7dd4680;
T_10 ;
    %wait E_000001d1d7e190a0;
    %load/vec4 v000001d1d7e7a8d0_0;
    %nor/r;
    %flag_set/vec4 8;
    %jmp/0xz  T_10.0, 8;
    %pushi/vec4 0, 0, 1;
    %assign/vec4 v000001d1d7e7b690_0, 0;
    %pushi/vec4 0, 0, 1;
    %assign/vec4 v000001d1d7e7a510_0, 0;
    %pushi/vec4 0, 0, 11;
    %assign/vec4 v000001d1d7e7a010_0, 0;
    %pushi/vec4 0, 0, 52;
    %assign/vec4 v000001d1d7e7b050_0, 0;
    %jmp T_10.1;
T_10.0 ;
    %load/vec4 v000001d1d7e79e30_0;
    %assign/vec4 v000001d1d7e7b690_0, 0;
    %load/vec4 v000001d1d7e7a830_0;
    %assign/vec4 v000001d1d7e7a510_0, 0;
    %load/vec4 v000001d1d7e7afb0_0;
    %parti/s 1, 52, 7;
    %cmpi/e 1, 0, 1;
    %jmp/0xz  T_10.2, 4;
    %load/vec4 v000001d1d7e7ae70_0;
    %assign/vec4 v000001d1d7e7a010_0, 0;
    %load/vec4 v000001d1d7e7afb0_0;
    %parti/s 52, 0, 2;
    %assign/vec4 v000001d1d7e7b050_0, 0;
    %jmp T_10.3;
T_10.2 ;
    %load/vec4 v000001d1d7e7ae70_0;
    %load/vec4 v000001d1d7e7aa10_0;
    %pad/u 11;
    %sub;
    %assign/vec4 v000001d1d7e7a010_0, 0;
    %load/vec4 v000001d1d7e7a3d0_0;
    %parti/s 52, 0, 2;
    %assign/vec4 v000001d1d7e7b050_0, 0;
T_10.3 ;
T_10.1 ;
    %jmp T_10;
    .thread T_10;
# The file index is used to find the file name in the following table.
:file_names 3;
    "N/A";
    "<interactive>";
    "FLOAT_ADD.v";
