#! /c/Source/iverilog-install/bin/vvp
:ivl_version "12.0 (devel)" "(s20150603-1110-g18392a46)";
:ivl_delay_selection "TYPICAL";
:vpi_time_precision - 12;
:vpi_module "C:\iverilog\lib\ivl\system.vpi";
:vpi_module "C:\iverilog\lib\ivl\vhdl_sys.vpi";
:vpi_module "C:\iverilog\lib\ivl\vhdl_textio.vpi";
:vpi_module "C:\iverilog\lib\ivl\v2005_math.vpi";
:vpi_module "C:\iverilog\lib\ivl\va_math.vpi";
S_0000020bcc7da920 .scope module, "FLOAT_ADD_tb" "FLOAT_ADD_tb" 2 5;
 .timescale -9 -12;
P_0000020bcc7daab0 .param/l "BIAS" 1 2 7, +C4<00000000000000000000001111111111>;
P_0000020bcc7daae8 .param/l "BIT" 1 2 6, +C4<00000000000000000000000001000000>;
P_0000020bcc7dab20 .param/l "EXPONENT_LEN" 1 2 8, +C4<00000000000000000000000000001011>;
P_0000020bcc7dab58 .param/l "MANTISSA_LEN" 1 2 9, +C4<00000000000000000000000000110100>;
P_0000020bcc7dab90 .param/l "N" 1 2 10, +C4<00000000000000000000001111101000>;
P_0000020bcc7dabc8 .param/l "PERIOD" 1 2 11, +C4<00000000000000000000000000000010>;
v0000020bccb806a0_0 .var "clk", 0 0;
v0000020bccb81820_0 .var/i "errors", 31 0;
v0000020bccb81dc0_0 .var/i "fd", 31 0;
v0000020bccb81780 .array "golden_result", 999 0, 63 0;
v0000020bccb81320_0 .var/i "i", 31 0;
v0000020bccb80d80_0 .var/i "j", 31 0;
v0000020bccb818c0_0 .var/i "k", 31 0;
v0000020bccb81460_0 .var "num1", 63 0;
v0000020bccb809c0 .array "num1_mem", 999 0, 63 0;
v0000020bccb81c80_0 .var "num2", 63 0;
v0000020bccb80e20 .array "num2_mem", 999 0, 63 0;
v0000020bccb80380_0 .var/i "r", 31 0;
v0000020bccb804c0_0 .net "ready", 0 0, L_0000020bcc7dc900;  1 drivers
v0000020bccb80a60_0 .net "result", 63 0, L_0000020bccb80100;  1 drivers
v0000020bccb80740_0 .var "rstn", 0 0;
v0000020bccb81aa0_0 .var "t1", 63 0;
v0000020bccb80ce0_0 .var "t2", 63 0;
v0000020bccb80b00_0 .var "t3", 63 0;
v0000020bccb81fa0_0 .var/i "timeout", 31 0;
v0000020bccb81960_0 .var "valid", 0 0;
E_0000020bcc7c82d0 .event posedge, v0000020bcc7c98e0_0;
E_0000020bcc7c8d90 .event anyedge, v0000020bcc82d5a0_0;
E_0000020bcc7c8e50 .event negedge, v0000020bcc7c98e0_0;
S_0000020bcc7b1090 .scope module, "uut" "FLOAT_ADD" 2 25, 3 6 0, S_0000020bcc7da920;
 .timescale -9 -12;
    .port_info 0 /INPUT 64 "num1";
    .port_info 1 /INPUT 64 "num2";
    .port_info 2 /INPUT 1 "clk";
    .port_info 3 /INPUT 1 "rstn";
    .port_info 4 /INPUT 1 "valid";
    .port_info 5 /OUTPUT 64 "result";
    .port_info 6 /OUTPUT 1 "ready";
P_0000020bcc7b1220 .param/l "BIAS" 1 3 16, +C4<00000000000000000000001111111111>;
P_0000020bcc7b1258 .param/l "BIT" 1 3 15, +C4<00000000000000000000000001000000>;
P_0000020bcc7b1290 .param/l "EXPONENT_LEN" 1 3 17, +C4<00000000000000000000000000001011>;
P_0000020bcc7b12c8 .param/l "MANTISSA_LEN" 1 3 18, +C4<00000000000000000000000000110100>;
L_0000020bcc7dc820 .functor NOT 1, L_0000020bccb80f60, C4<0>, C4<0>, C4<0>;
L_0000020bcc7dc3c0 .functor NOT 1, L_0000020bccb811e0, C4<0>, C4<0>, C4<0>;
L_0000020bcc7dca50 .functor OR 1, L_0000020bccb81280, L_0000020bccb81e60, C4<0>, C4<0>;
L_0000020bcc7dc660 .functor OR 1, L_0000020bcc7dca50, L_0000020bccb815a0, C4<0>, C4<0>;
L_0000020bcc7dc270 .functor AND 1, L_0000020bccb80c40, L_0000020bcc7dc660, C4<1>, C4<1>;
L_0000020bcc7dc890 .functor OR 1, L_0000020bccb80600, L_0000020bccb81140, C4<0>, C4<0>;
L_0000020bcc7dcac0 .functor OR 1, L_0000020bcc7dc890, L_0000020bccb80920, C4<0>, C4<0>;
L_0000020bcc7dcdd0 .functor AND 1, L_0000020bccb81000, L_0000020bcc7dcac0, C4<1>, C4<1>;
L_0000020bcc7dc900 .functor BUFZ 1, v0000020bcc82d0a0_0, C4<0>, C4<0>, C4<0>;
v0000020bcc7c9c00_0 .net "Guard_1", 0 0, L_0000020bccb80c40;  1 drivers
v0000020bcc7ca7e0_0 .net "Guard_2", 0 0, L_0000020bccb81000;  1 drivers
v0000020bcc7c9de0_0 .net "LSB_1", 0 0, L_0000020bccb815a0;  1 drivers
v0000020bcc7ca060_0 .net "LSB_2", 0 0, L_0000020bccb80920;  1 drivers
v0000020bcc7c9ca0_0 .net "Round_1", 0 0, L_0000020bccb81280;  1 drivers
v0000020bcc7ca740_0 .net "Round_2", 0 0, L_0000020bccb80600;  1 drivers
v0000020bcc7cae20_0 .net "Sticky_1", 0 0, L_0000020bccb81e60;  1 drivers
v0000020bcc7caba0_0 .net "Sticky_2", 0 0, L_0000020bccb81140;  1 drivers
v0000020bcc7c9020_0 .net *"_ivl_1", 0 0, L_0000020bccb80f60;  1 drivers
L_0000020bccb82110 .functor BUFT 1, C4<0000000000000000000000000000000000000000000000000000>, C4<0>, C4<0>, C4<0>;
v0000020bcc7c93e0_0 .net/2u *"_ivl_12", 51 0, L_0000020bccb82110;  1 drivers
L_0000020bccb82158 .functor BUFT 1, C4<000000000000>, C4<0>, C4<0>, C4<0>;
v0000020bcc7ca4c0_0 .net *"_ivl_16", 11 0, L_0000020bccb82158;  1 drivers
v0000020bcc7c8f80_0 .net *"_ivl_19", 11 0, L_0000020bccb80ba0;  1 drivers
v0000020bcc7ca100_0 .net *"_ivl_35", 49 0, L_0000020bccb81be0;  1 drivers
v0000020bcc7c9f20_0 .net *"_ivl_45", 49 0, L_0000020bccb810a0;  1 drivers
v0000020bcc7cac40_0 .net *"_ivl_48", 0 0, L_0000020bcc7dca50;  1 drivers
v0000020bcc7c9200_0 .net *"_ivl_5", 0 0, L_0000020bccb811e0;  1 drivers
v0000020bcc7cad80_0 .net *"_ivl_50", 0 0, L_0000020bcc7dc660;  1 drivers
v0000020bcc7c95c0_0 .net *"_ivl_54", 0 0, L_0000020bcc7dc890;  1 drivers
v0000020bcc7c9e80_0 .net *"_ivl_56", 0 0, L_0000020bcc7dcac0;  1 drivers
L_0000020bccb820c8 .functor BUFT 1, C4<0000000000000000000000000000000000000000000000000000>, C4<0>, C4<0>, C4<0>;
v0000020bcc7c9160_0 .net/2u *"_ivl_8", 51 0, L_0000020bccb820c8;  1 drivers
v0000020bcc7ca9c0_0 .net "check_denor1", 0 0, L_0000020bcc7dc820;  1 drivers
v0000020bcc7c9fc0_0 .net "check_denor2", 0 0, L_0000020bcc7dc3c0;  1 drivers
v0000020bcc7c98e0_0 .net "clk", 0 0, v0000020bccb806a0_0;  1 drivers
v0000020bcc7c90c0_0 .var/i "i", 31 0;
v0000020bcc7ca1a0_0 .net "num1", 63 0, v0000020bccb81460_0;  1 drivers
v0000020bcc7c92a0_0 .net "num2", 63 0, v0000020bccb81c80_0;  1 drivers
v0000020bcc7c9700_0 .var "pip1_exponent1", 10 0;
v0000020bcc7c9480_0 .var "pip1_exponent2", 10 0;
v0000020bcc7c9520_0 .var "pip1_mantissa1", 51 0;
v0000020bcc7c9660_0 .var "pip1_mantissa2", 51 0;
v0000020bcc7ca6a0_0 .var "pip1_sign1", 0 0;
v0000020bcc7ca240_0 .var "pip1_sign2", 0 0;
v0000020bcc7ca880_0 .var "pip1_valid", 0 0;
v0000020bcc7caa60_0 .var "pip2_exponent1", 10 0;
v0000020bcc7ca2e0_0 .var "pip2_exponent2", 10 0;
v0000020bcc7ca380_0 .var/s "pip2_exponent_diff", 11 0;
v0000020bcc7c97a0_0 .var "pip2_mantissa1", 52 0;
v0000020bcc7c9980_0 .net "pip2_mantissa1_shift", 104 0, L_0000020bccb80ec0;  1 drivers
v0000020bcc7ca420_0 .net "pip2_mantissa1_shifted", 104 0, L_0000020bccb807e0;  1 drivers
v0000020bcc7ca600_0 .var "pip2_mantissa2", 52 0;
v0000020bcc7cab00_0 .net "pip2_mantissa2_shift", 104 0, L_0000020bccb81a00;  1 drivers
v0000020bcc82d460_0 .net "pip2_mantissa2_shifted", 104 0, L_0000020bccb81640;  1 drivers
v0000020bcc82d960_0 .var "pip2_sign1", 0 0;
v0000020bcc82d640_0 .var "pip2_sign2", 0 0;
v0000020bcc82d1e0_0 .var "pip2_valid", 0 0;
v0000020bcc82c060_0 .var "pip3_exponent1", 10 0;
v0000020bcc82c920_0 .var "pip3_exponent2", 10 0;
v0000020bcc82c4c0_0 .var "pip3_mantissa1", 52 0;
v0000020bcc82c560_0 .var "pip3_mantissa1_next", 52 0;
v0000020bcc82c7e0_0 .net "pip3_mantissa1_tmp", 52 0, L_0000020bccb801a0;  1 drivers
v0000020bcc82c100_0 .var "pip3_mantissa2", 52 0;
v0000020bcc82d820_0 .var "pip3_mantissa2_next", 52 0;
v0000020bcc82c9c0_0 .net "pip3_mantissa2_tmp", 52 0, L_0000020bccb80880;  1 drivers
v0000020bcc82ca60_0 .var "pip3_sign1", 0 0;
v0000020bcc82c240_0 .var "pip3_sign2", 0 0;
v0000020bcc82da00_0 .var "pip3_valid", 0 0;
v0000020bcc82d780_0 .var "pip4_compare", 0 0;
v0000020bcc82cba0_0 .var "pip4_exponent1", 10 0;
v0000020bcc82cb00_0 .var "pip4_exponent2", 10 0;
v0000020bcc82de60_0 .var "pip4_mantissaA", 52 0;
v0000020bcc82d8c0_0 .var "pip4_mantissaB", 52 0;
v0000020bcc82d280_0 .var "pip4_sign1", 0 0;
v0000020bcc82cc40_0 .var "pip4_sign2", 0 0;
v0000020bcc82c600_0 .var "pip4_valid", 0 0;
v0000020bcc82d6e0_0 .var/s "pip5_add", 53 0;
v0000020bcc82c2e0_0 .var "pip5_complement", 0 0;
v0000020bcc82cf60_0 .var "pip5_complement_tmp", 0 0;
v0000020bcc82daa0_0 .var "pip5_exponent", 10 0;
v0000020bcc82c1a0_0 .var/s "pip5_mantissa", 53 0;
v0000020bcc82c880_0 .var "pip5_sign", 0 0;
v0000020bcc82cce0_0 .var "pip5_sign_tmp", 0 0;
v0000020bcc82db40_0 .var/s "pip5_sub", 53 0;
v0000020bcc82c6a0_0 .var "pip5_valid", 0 0;
v0000020bcc82cd80_0 .var "pip6_exponent", 10 0;
v0000020bcc82c380_0 .var "pip6_mantissa", 53 0;
v0000020bcc82dbe0_0 .var "pip6_sign", 0 0;
v0000020bcc82ce20_0 .var "pip6_valid", 0 0;
v0000020bcc82cec0_0 .var "pip7_exponent", 10 0;
v0000020bcc82dc80_0 .var "pip7_mantissa", 53 0;
v0000020bcc82c420_0 .var "pip7_sign", 0 0;
v0000020bcc82dd20_0 .var "pip7_valid", 0 0;
v0000020bcc82bfc0_0 .var "pip8_exponent", 10 0;
v0000020bcc82c740_0 .var "pip8_mantissa", 51 0;
v0000020bcc82d000_0 .var "pip8_mantissa_shift", 53 0;
v0000020bcc82ddc0_0 .var "pip8_sign", 0 0;
v0000020bcc82d0a0_0 .var "pip8_valid", 0 0;
v0000020bcc82d140_0 .net "ready", 0 0, L_0000020bcc7dc900;  alias, 1 drivers
v0000020bcc82d320_0 .net "result", 63 0, L_0000020bccb80100;  alias, 1 drivers
v0000020bcc82d3c0_0 .net "round_up1", 0 0, L_0000020bcc7dc270;  1 drivers
v0000020bcc82d500_0 .net "round_up2", 0 0, L_0000020bcc7dcdd0;  1 drivers
v0000020bcc82d5a0_0 .net "rstn", 0 0, v0000020bccb80740_0;  1 drivers
v0000020bccb81d20_0 .var/s "shift", 5 0;
v0000020bccb81b40_0 .net "valid", 0 0, v0000020bccb81960_0;  1 drivers
E_0000020bcc7c8650/0 .event negedge, v0000020bcc82d5a0_0;
E_0000020bcc7c8650/1 .event posedge, v0000020bcc7c98e0_0;
E_0000020bcc7c8650 .event/or E_0000020bcc7c8650/0, E_0000020bcc7c8650/1;
E_0000020bcc7c8990 .event anyedge, v0000020bcc82dc80_0, v0000020bccb81d20_0;
E_0000020bcc7c6250/0 .event anyedge, v0000020bcc82de60_0, v0000020bcc82d8c0_0, v0000020bcc82d780_0, v0000020bcc82d280_0;
E_0000020bcc7c6250/1 .event anyedge, v0000020bcc82cc40_0;
E_0000020bcc7c6250 .event/or E_0000020bcc7c6250/0, E_0000020bcc7c6250/1;
E_0000020bcc7c7b10 .event anyedge, v0000020bcc82d3c0_0, v0000020bcc82c7e0_0, v0000020bcc82d500_0, v0000020bcc82c9c0_0;
L_0000020bccb80f60 .reduce/or v0000020bcc7c9700_0;
L_0000020bccb811e0 .reduce/or v0000020bcc7c9480_0;
L_0000020bccb80ec0 .concat [ 52 53 0 0], L_0000020bccb820c8, v0000020bcc7c97a0_0;
L_0000020bccb81a00 .concat [ 52 53 0 0], L_0000020bccb82110, v0000020bcc7ca600_0;
L_0000020bccb80ba0 .arith/sub 12, L_0000020bccb82158, v0000020bcc7ca380_0;
L_0000020bccb807e0 .shift/r 105, L_0000020bccb80ec0, L_0000020bccb80ba0;
L_0000020bccb81640 .shift/r 105, L_0000020bccb81a00, v0000020bcc7ca380_0;
L_0000020bccb801a0 .part L_0000020bccb807e0, 52, 53;
L_0000020bccb80880 .part L_0000020bccb81640, 52, 53;
L_0000020bccb815a0 .part L_0000020bccb807e0, 52, 1;
L_0000020bccb80c40 .part L_0000020bccb807e0, 51, 1;
L_0000020bccb81280 .part L_0000020bccb807e0, 50, 1;
L_0000020bccb81be0 .part L_0000020bccb807e0, 0, 50;
L_0000020bccb81e60 .reduce/or L_0000020bccb81be0;
L_0000020bccb80920 .part L_0000020bccb81640, 52, 1;
L_0000020bccb81000 .part L_0000020bccb81640, 51, 1;
L_0000020bccb80600 .part L_0000020bccb81640, 50, 1;
L_0000020bccb810a0 .part L_0000020bccb81640, 0, 50;
L_0000020bccb81140 .reduce/or L_0000020bccb810a0;
L_0000020bccb80100 .concat [ 52 11 1 0], v0000020bcc82c740_0, v0000020bcc82bfc0_0, v0000020bcc82ddc0_0;
    .scope S_0000020bcc7b1090;
T_0 ;
    %wait E_0000020bcc7c8650;
    %load/vec4 v0000020bcc82d5a0_0;
    %nor/r;
    %flag_set/vec4 8;
    %jmp/0xz  T_0.0, 8;
    %pushi/vec4 0, 0, 1;
    %assign/vec4 v0000020bcc7ca6a0_0, 0;
    %pushi/vec4 0, 0, 1;
    %assign/vec4 v0000020bcc7ca240_0, 0;
    %pushi/vec4 0, 0, 11;
    %assign/vec4 v0000020bcc7c9700_0, 0;
    %pushi/vec4 0, 0, 11;
    %assign/vec4 v0000020bcc7c9480_0, 0;
    %pushi/vec4 0, 0, 52;
    %assign/vec4 v0000020bcc7c9520_0, 0;
    %pushi/vec4 0, 0, 52;
    %assign/vec4 v0000020bcc7c9660_0, 0;
    %pushi/vec4 0, 0, 1;
    %assign/vec4 v0000020bcc7ca880_0, 0;
    %jmp T_0.1;
T_0.0 ;
    %load/vec4 v0000020bcc7ca1a0_0;
    %parti/s 1, 63, 7;
    %assign/vec4 v0000020bcc7ca6a0_0, 0;
    %load/vec4 v0000020bcc7c92a0_0;
    %parti/s 1, 63, 7;
    %assign/vec4 v0000020bcc7ca240_0, 0;
    %load/vec4 v0000020bcc7ca1a0_0;
    %parti/s 11, 52, 7;
    %assign/vec4 v0000020bcc7c9700_0, 0;
    %load/vec4 v0000020bcc7c92a0_0;
    %parti/s 11, 52, 7;
    %assign/vec4 v0000020bcc7c9480_0, 0;
    %load/vec4 v0000020bcc7ca1a0_0;
    %parti/s 52, 0, 2;
    %assign/vec4 v0000020bcc7c9520_0, 0;
    %load/vec4 v0000020bcc7c92a0_0;
    %parti/s 52, 0, 2;
    %assign/vec4 v0000020bcc7c9660_0, 0;
    %load/vec4 v0000020bccb81b40_0;
    %assign/vec4 v0000020bcc7ca880_0, 0;
T_0.1 ;
    %jmp T_0;
    .thread T_0;
    .scope S_0000020bcc7b1090;
T_1 ;
    %wait E_0000020bcc7c8650;
    %load/vec4 v0000020bcc82d5a0_0;
    %nor/r;
    %flag_set/vec4 8;
    %jmp/0xz  T_1.0, 8;
    %pushi/vec4 0, 0, 1;
    %assign/vec4 v0000020bcc82d960_0, 0;
    %pushi/vec4 0, 0, 1;
    %assign/vec4 v0000020bcc82d640_0, 0;
    %pushi/vec4 0, 0, 1;
    %assign/vec4 v0000020bcc82d1e0_0, 0;
    %pushi/vec4 0, 0, 11;
    %assign/vec4 v0000020bcc7caa60_0, 0;
    %pushi/vec4 0, 0, 11;
    %assign/vec4 v0000020bcc7ca2e0_0, 0;
    %pushi/vec4 0, 0, 53;
    %assign/vec4 v0000020bcc7c97a0_0, 0;
    %pushi/vec4 0, 0, 53;
    %assign/vec4 v0000020bcc7ca600_0, 0;
    %pushi/vec4 0, 0, 12;
    %assign/vec4 v0000020bcc7ca380_0, 0;
    %jmp T_1.1;
T_1.0 ;
    %load/vec4 v0000020bcc7ca6a0_0;
    %assign/vec4 v0000020bcc82d960_0, 0;
    %load/vec4 v0000020bcc7ca240_0;
    %assign/vec4 v0000020bcc82d640_0, 0;
    %load/vec4 v0000020bcc7ca880_0;
    %assign/vec4 v0000020bcc82d1e0_0, 0;
    %load/vec4 v0000020bcc7c9700_0;
    %assign/vec4 v0000020bcc7caa60_0, 0;
    %load/vec4 v0000020bcc7c9480_0;
    %assign/vec4 v0000020bcc7ca2e0_0, 0;
    %load/vec4 v0000020bcc7c9700_0;
    %pad/u 12;
    %load/vec4 v0000020bcc7c9480_0;
    %pad/u 12;
    %sub;
    %assign/vec4 v0000020bcc7ca380_0, 0;
    %load/vec4 v0000020bcc7ca9c0_0;
    %flag_set/vec4 8;
    %jmp/0xz  T_1.2, 8;
    %pushi/vec4 0, 0, 1;
    %load/vec4 v0000020bcc7c9520_0;
    %concat/vec4; draw_concat_vec4
    %assign/vec4 v0000020bcc7c97a0_0, 0;
    %jmp T_1.3;
T_1.2 ;
    %pushi/vec4 1, 0, 1;
    %load/vec4 v0000020bcc7c9520_0;
    %concat/vec4; draw_concat_vec4
    %assign/vec4 v0000020bcc7c97a0_0, 0;
T_1.3 ;
    %load/vec4 v0000020bcc7c9fc0_0;
    %flag_set/vec4 8;
    %jmp/0xz  T_1.4, 8;
    %pushi/vec4 0, 0, 1;
    %load/vec4 v0000020bcc7c9660_0;
    %concat/vec4; draw_concat_vec4
    %assign/vec4 v0000020bcc7ca600_0, 0;
    %jmp T_1.5;
T_1.4 ;
    %pushi/vec4 1, 0, 1;
    %load/vec4 v0000020bcc7c9660_0;
    %concat/vec4; draw_concat_vec4
    %assign/vec4 v0000020bcc7ca600_0, 0;
T_1.5 ;
T_1.1 ;
    %jmp T_1;
    .thread T_1;
    .scope S_0000020bcc7b1090;
T_2 ;
    %wait E_0000020bcc7c8650;
    %load/vec4 v0000020bcc82d5a0_0;
    %nor/r;
    %flag_set/vec4 8;
    %jmp/0xz  T_2.0, 8;
    %pushi/vec4 0, 0, 1;
    %assign/vec4 v0000020bcc82ca60_0, 0;
    %pushi/vec4 0, 0, 1;
    %assign/vec4 v0000020bcc82c240_0, 0;
    %pushi/vec4 0, 0, 11;
    %assign/vec4 v0000020bcc82c060_0, 0;
    %pushi/vec4 0, 0, 11;
    %assign/vec4 v0000020bcc82c920_0, 0;
    %pushi/vec4 0, 0, 53;
    %assign/vec4 v0000020bcc82c4c0_0, 0;
    %pushi/vec4 0, 0, 53;
    %assign/vec4 v0000020bcc82c100_0, 0;
    %pushi/vec4 0, 0, 1;
    %assign/vec4 v0000020bcc82da00_0, 0;
    %jmp T_2.1;
T_2.0 ;
    %load/vec4 v0000020bcc82d960_0;
    %assign/vec4 v0000020bcc82ca60_0, 0;
    %load/vec4 v0000020bcc82d640_0;
    %assign/vec4 v0000020bcc82c240_0, 0;
    %load/vec4 v0000020bcc82d1e0_0;
    %assign/vec4 v0000020bcc82da00_0, 0;
    %load/vec4 v0000020bcc7ca380_0;
    %pad/s 32;
    %cmpi/s 0, 0, 32;
    %flag_inv 5; GE is !LT
    %jmp/0xz  T_2.2, 5;
    %load/vec4 v0000020bcc7caa60_0;
    %assign/vec4 v0000020bcc82c060_0, 0;
    %load/vec4 v0000020bcc7caa60_0;
    %assign/vec4 v0000020bcc82c920_0, 0;
    %load/vec4 v0000020bcc7c97a0_0;
    %assign/vec4 v0000020bcc82c4c0_0, 0;
    %load/vec4 v0000020bcc82d820_0;
    %assign/vec4 v0000020bcc82c100_0, 0;
    %jmp T_2.3;
T_2.2 ;
    %load/vec4 v0000020bcc7ca2e0_0;
    %assign/vec4 v0000020bcc82c060_0, 0;
    %load/vec4 v0000020bcc7ca2e0_0;
    %assign/vec4 v0000020bcc82c920_0, 0;
    %load/vec4 v0000020bcc82c560_0;
    %assign/vec4 v0000020bcc82c4c0_0, 0;
    %load/vec4 v0000020bcc7ca600_0;
    %assign/vec4 v0000020bcc82c100_0, 0;
T_2.3 ;
T_2.1 ;
    %jmp T_2;
    .thread T_2;
    .scope S_0000020bcc7b1090;
T_3 ;
    %wait E_0000020bcc7c7b10;
    %load/vec4 v0000020bcc82d3c0_0;
    %flag_set/vec4 8;
    %jmp/0xz  T_3.0, 8;
    %load/vec4 v0000020bcc82c7e0_0;
    %addi 1, 0, 53;
    %store/vec4 v0000020bcc82c560_0, 0, 53;
    %jmp T_3.1;
T_3.0 ;
    %load/vec4 v0000020bcc82c7e0_0;
    %store/vec4 v0000020bcc82c560_0, 0, 53;
T_3.1 ;
    %load/vec4 v0000020bcc82d500_0;
    %flag_set/vec4 8;
    %jmp/0xz  T_3.2, 8;
    %load/vec4 v0000020bcc82c9c0_0;
    %addi 1, 0, 53;
    %store/vec4 v0000020bcc82d820_0, 0, 53;
    %jmp T_3.3;
T_3.2 ;
    %load/vec4 v0000020bcc82c9c0_0;
    %store/vec4 v0000020bcc82d820_0, 0, 53;
T_3.3 ;
    %jmp T_3;
    .thread T_3, $push;
    .scope S_0000020bcc7b1090;
T_4 ;
    %wait E_0000020bcc7c8650;
    %load/vec4 v0000020bcc82d5a0_0;
    %nor/r;
    %flag_set/vec4 8;
    %jmp/0xz  T_4.0, 8;
    %pushi/vec4 0, 0, 1;
    %assign/vec4 v0000020bcc82d280_0, 0;
    %pushi/vec4 0, 0, 1;
    %assign/vec4 v0000020bcc82cc40_0, 0;
    %pushi/vec4 0, 0, 11;
    %assign/vec4 v0000020bcc82cba0_0, 0;
    %pushi/vec4 0, 0, 11;
    %assign/vec4 v0000020bcc82cb00_0, 0;
    %pushi/vec4 0, 0, 53;
    %assign/vec4 v0000020bcc82de60_0, 0;
    %pushi/vec4 0, 0, 53;
    %assign/vec4 v0000020bcc82d8c0_0, 0;
    %pushi/vec4 0, 0, 1;
    %assign/vec4 v0000020bcc82d780_0, 0;
    %pushi/vec4 0, 0, 1;
    %assign/vec4 v0000020bcc82c600_0, 0;
    %jmp T_4.1;
T_4.0 ;
    %load/vec4 v0000020bcc82ca60_0;
    %assign/vec4 v0000020bcc82d280_0, 0;
    %load/vec4 v0000020bcc82c240_0;
    %assign/vec4 v0000020bcc82cc40_0, 0;
    %load/vec4 v0000020bcc82c060_0;
    %assign/vec4 v0000020bcc82cba0_0, 0;
    %load/vec4 v0000020bcc82c920_0;
    %assign/vec4 v0000020bcc82cb00_0, 0;
    %load/vec4 v0000020bcc82da00_0;
    %assign/vec4 v0000020bcc82c600_0, 0;
    %load/vec4 v0000020bcc82ca60_0;
    %load/vec4 v0000020bcc82c240_0;
    %concat/vec4; draw_concat_vec4
    %dup/vec4;
    %pushi/vec4 0, 0, 2;
    %cmp/u;
    %jmp/1 T_4.2, 6;
    %dup/vec4;
    %pushi/vec4 1, 0, 2;
    %cmp/u;
    %jmp/1 T_4.3, 6;
    %dup/vec4;
    %pushi/vec4 2, 0, 2;
    %cmp/u;
    %jmp/1 T_4.4, 6;
    %dup/vec4;
    %pushi/vec4 3, 0, 2;
    %cmp/u;
    %jmp/1 T_4.5, 6;
    %load/vec4 v0000020bcc82c4c0_0;
    %assign/vec4 v0000020bcc82de60_0, 0;
    %load/vec4 v0000020bcc82c100_0;
    %assign/vec4 v0000020bcc82d8c0_0, 0;
    %jmp T_4.7;
T_4.2 ;
    %load/vec4 v0000020bcc82c4c0_0;
    %assign/vec4 v0000020bcc82de60_0, 0;
    %load/vec4 v0000020bcc82c100_0;
    %assign/vec4 v0000020bcc82d8c0_0, 0;
    %jmp T_4.7;
T_4.3 ;
    %load/vec4 v0000020bcc82c4c0_0;
    %assign/vec4 v0000020bcc82de60_0, 0;
    %load/vec4 v0000020bcc82c100_0;
    %assign/vec4 v0000020bcc82d8c0_0, 0;
    %jmp T_4.7;
T_4.4 ;
    %load/vec4 v0000020bcc82c100_0;
    %assign/vec4 v0000020bcc82de60_0, 0;
    %load/vec4 v0000020bcc82c4c0_0;
    %assign/vec4 v0000020bcc82d8c0_0, 0;
    %jmp T_4.7;
T_4.5 ;
    %load/vec4 v0000020bcc82c4c0_0;
    %assign/vec4 v0000020bcc82de60_0, 0;
    %load/vec4 v0000020bcc82c100_0;
    %assign/vec4 v0000020bcc82d8c0_0, 0;
    %jmp T_4.7;
T_4.7 ;
    %pop/vec4 1;
    %load/vec4 v0000020bcc82c100_0;
    %load/vec4 v0000020bcc82c4c0_0;
    %cmp/u;
    %flag_mov 8, 5;
    %jmp/0 T_4.8, 8;
    %pushi/vec4 1, 0, 2;
    %jmp/1 T_4.9, 8;
T_4.8 ; End of true expr.
    %pushi/vec4 0, 0, 2;
    %jmp/0 T_4.9, 8;
 ; End of false expr.
    %blend;
T_4.9;
    %pad/s 1;
    %assign/vec4 v0000020bcc82d780_0, 0;
T_4.1 ;
    %jmp T_4;
    .thread T_4;
    .scope S_0000020bcc7b1090;
T_5 ;
    %wait E_0000020bcc7c8650;
    %load/vec4 v0000020bcc82d5a0_0;
    %nor/r;
    %flag_set/vec4 8;
    %jmp/0xz  T_5.0, 8;
    %pushi/vec4 0, 0, 1;
    %assign/vec4 v0000020bcc82c880_0, 0;
    %pushi/vec4 0, 0, 11;
    %assign/vec4 v0000020bcc82daa0_0, 0;
    %pushi/vec4 0, 0, 1;
    %assign/vec4 v0000020bcc82c2e0_0, 0;
    %pushi/vec4 0, 0, 54;
    %assign/vec4 v0000020bcc82c1a0_0, 0;
    %pushi/vec4 0, 0, 1;
    %assign/vec4 v0000020bcc82c6a0_0, 0;
    %jmp T_5.1;
T_5.0 ;
    %load/vec4 v0000020bcc82c600_0;
    %assign/vec4 v0000020bcc82c6a0_0, 0;
    %load/vec4 v0000020bcc82db40_0;
    %nor/r;
    %load/vec4 v0000020bcc82d280_0;
    %load/vec4 v0000020bcc82cc40_0;
    %xor;
    %and;
    %flag_set/vec4 8;
    %jmp/0xz  T_5.2, 8;
    %pushi/vec4 0, 0, 1;
    %assign/vec4 v0000020bcc82c880_0, 0;
    %pushi/vec4 0, 0, 11;
    %assign/vec4 v0000020bcc82daa0_0, 0;
    %jmp T_5.3;
T_5.2 ;
    %load/vec4 v0000020bcc82cce0_0;
    %assign/vec4 v0000020bcc82c880_0, 0;
    %load/vec4 v0000020bcc82cba0_0;
    %load/vec4 v0000020bcc82cb00_0;
    %and;
    %assign/vec4 v0000020bcc82daa0_0, 0;
T_5.3 ;
    %load/vec4 v0000020bcc82cf60_0;
    %assign/vec4 v0000020bcc82c2e0_0, 0;
    %load/vec4 v0000020bcc82d280_0;
    %load/vec4 v0000020bcc82cc40_0;
    %xor;
    %flag_set/vec4 8;
    %jmp/0xz  T_5.4, 8;
    %load/vec4 v0000020bcc82db40_0;
    %assign/vec4 v0000020bcc82c1a0_0, 0;
    %jmp T_5.5;
T_5.4 ;
    %load/vec4 v0000020bcc82d6e0_0;
    %assign/vec4 v0000020bcc82c1a0_0, 0;
T_5.5 ;
T_5.1 ;
    %jmp T_5;
    .thread T_5;
    .scope S_0000020bcc7b1090;
T_6 ;
    %wait E_0000020bcc7c6250;
    %load/vec4 v0000020bcc82de60_0;
    %pad/u 54;
    %load/vec4 v0000020bcc82d8c0_0;
    %pad/u 54;
    %add;
    %store/vec4 v0000020bcc82d6e0_0, 0, 54;
    %load/vec4 v0000020bcc82de60_0;
    %pad/u 54;
    %load/vec4 v0000020bcc82d8c0_0;
    %pad/u 54;
    %sub;
    %store/vec4 v0000020bcc82db40_0, 0, 54;
    %load/vec4 v0000020bcc82d780_0;
    %flag_set/vec4 8;
    %jmp/0xz  T_6.0, 8;
    %load/vec4 v0000020bcc82d280_0;
    %store/vec4 v0000020bcc82cce0_0, 0, 1;
    %jmp T_6.1;
T_6.0 ;
    %load/vec4 v0000020bcc82cc40_0;
    %store/vec4 v0000020bcc82cce0_0, 0, 1;
T_6.1 ;
    %load/vec4 v0000020bcc82d280_0;
    %load/vec4 v0000020bcc82cc40_0;
    %concat/vec4; draw_concat_vec4
    %dup/vec4;
    %pushi/vec4 0, 0, 2;
    %cmp/u;
    %jmp/1 T_6.2, 6;
    %dup/vec4;
    %pushi/vec4 1, 0, 2;
    %cmp/u;
    %jmp/1 T_6.3, 6;
    %dup/vec4;
    %pushi/vec4 2, 0, 2;
    %cmp/u;
    %jmp/1 T_6.4, 6;
    %dup/vec4;
    %pushi/vec4 3, 0, 2;
    %cmp/u;
    %jmp/1 T_6.5, 6;
    %jmp T_6.6;
T_6.2 ;
    %pushi/vec4 0, 0, 1;
    %store/vec4 v0000020bcc82cf60_0, 0, 1;
    %jmp T_6.6;
T_6.3 ;
    %load/vec4 v0000020bcc82d780_0;
    %inv;
    %flag_set/vec4 8;
    %jmp/0xz  T_6.7, 8;
    %pushi/vec4 1, 0, 1;
    %store/vec4 v0000020bcc82cf60_0, 0, 1;
    %jmp T_6.8;
T_6.7 ;
    %pushi/vec4 0, 0, 1;
    %store/vec4 v0000020bcc82cf60_0, 0, 1;
T_6.8 ;
    %jmp T_6.6;
T_6.4 ;
    %load/vec4 v0000020bcc82d780_0;
    %flag_set/vec4 8;
    %jmp/0xz  T_6.9, 8;
    %pushi/vec4 1, 0, 1;
    %store/vec4 v0000020bcc82cf60_0, 0, 1;
    %jmp T_6.10;
T_6.9 ;
    %pushi/vec4 0, 0, 1;
    %store/vec4 v0000020bcc82cf60_0, 0, 1;
T_6.10 ;
    %jmp T_6.6;
T_6.5 ;
    %pushi/vec4 0, 0, 1;
    %store/vec4 v0000020bcc82cf60_0, 0, 1;
    %jmp T_6.6;
T_6.6 ;
    %pop/vec4 1;
    %jmp T_6;
    .thread T_6, $push;
    .scope S_0000020bcc7b1090;
T_7 ;
    %wait E_0000020bcc7c8650;
    %load/vec4 v0000020bcc82d5a0_0;
    %nor/r;
    %flag_set/vec4 8;
    %jmp/0xz  T_7.0, 8;
    %pushi/vec4 0, 0, 1;
    %assign/vec4 v0000020bcc82dbe0_0, 0;
    %pushi/vec4 0, 0, 11;
    %assign/vec4 v0000020bcc82cd80_0, 0;
    %pushi/vec4 0, 0, 54;
    %assign/vec4 v0000020bcc82c380_0, 0;
    %pushi/vec4 0, 0, 1;
    %assign/vec4 v0000020bcc82ce20_0, 0;
    %jmp T_7.1;
T_7.0 ;
    %load/vec4 v0000020bcc82c6a0_0;
    %assign/vec4 v0000020bcc82ce20_0, 0;
    %load/vec4 v0000020bcc82c880_0;
    %assign/vec4 v0000020bcc82dbe0_0, 0;
    %load/vec4 v0000020bcc82daa0_0;
    %assign/vec4 v0000020bcc82cd80_0, 0;
    %load/vec4 v0000020bcc82c2e0_0;
    %flag_set/vec4 8;
    %jmp/0xz  T_7.2, 8;
    %load/vec4 v0000020bcc82c1a0_0;
    %inv;
    %addi 1, 0, 54;
    %assign/vec4 v0000020bcc82c380_0, 0;
    %jmp T_7.3;
T_7.2 ;
    %load/vec4 v0000020bcc82c1a0_0;
    %assign/vec4 v0000020bcc82c380_0, 0;
T_7.3 ;
T_7.1 ;
    %jmp T_7;
    .thread T_7;
    .scope S_0000020bcc7b1090;
T_8 ;
    %wait E_0000020bcc7c8650;
    %load/vec4 v0000020bcc82d5a0_0;
    %nor/r;
    %flag_set/vec4 8;
    %jmp/0xz  T_8.0, 8;
    %pushi/vec4 0, 0, 1;
    %assign/vec4 v0000020bcc82c420_0, 0;
    %pushi/vec4 0, 0, 11;
    %assign/vec4 v0000020bcc82cec0_0, 0;
    %pushi/vec4 0, 0, 54;
    %assign/vec4 v0000020bcc82dc80_0, 0;
    %pushi/vec4 0, 0, 1;
    %assign/vec4 v0000020bcc82dd20_0, 0;
    %jmp T_8.1;
T_8.0 ;
    %load/vec4 v0000020bcc82ce20_0;
    %assign/vec4 v0000020bcc82dd20_0, 0;
    %load/vec4 v0000020bcc82dbe0_0;
    %assign/vec4 v0000020bcc82c420_0, 0;
    %load/vec4 v0000020bcc82c380_0;
    %parti/s 1, 53, 7;
    %pad/u 32;
    %cmpi/e 1, 0, 32;
    %jmp/0xz  T_8.2, 4;
    %load/vec4 v0000020bcc82cd80_0;
    %addi 1, 0, 11;
    %assign/vec4 v0000020bcc82cec0_0, 0;
    %load/vec4 v0000020bcc82c380_0;
    %parti/s 1, 0, 2;
    %load/vec4 v0000020bcc82c380_0;
    %parti/s 1, 1, 2;
    %and;
    %flag_set/vec4 8;
    %jmp/0xz  T_8.4, 8;
    %pushi/vec4 0, 0, 1;
    %load/vec4 v0000020bcc82c380_0;
    %parti/s 53, 1, 2;
    %concat/vec4; draw_concat_vec4
    %addi 1, 0, 54;
    %assign/vec4 v0000020bcc82dc80_0, 0;
    %jmp T_8.5;
T_8.4 ;
    %pushi/vec4 0, 0, 1;
    %load/vec4 v0000020bcc82c380_0;
    %parti/s 53, 1, 2;
    %concat/vec4; draw_concat_vec4
    %assign/vec4 v0000020bcc82dc80_0, 0;
T_8.5 ;
    %jmp T_8.3;
T_8.2 ;
    %load/vec4 v0000020bcc82cd80_0;
    %assign/vec4 v0000020bcc82cec0_0, 0;
    %load/vec4 v0000020bcc82c380_0;
    %assign/vec4 v0000020bcc82dc80_0, 0;
T_8.3 ;
T_8.1 ;
    %jmp T_8;
    .thread T_8;
    .scope S_0000020bcc7b1090;
T_9 ;
    %wait E_0000020bcc7c8990;
    %pushi/vec4 0, 0, 6;
    %store/vec4 v0000020bccb81d20_0, 0, 6;
    %pushi/vec4 51, 0, 32;
    %store/vec4 v0000020bcc7c90c0_0, 0, 32;
T_9.0 ;
    %load/vec4 v0000020bcc7c90c0_0;
    %cmpi/s 0, 0, 32;
    %flag_inv 5; GE is !LT
    %jmp/0xz T_9.1, 5;
    %load/vec4 v0000020bcc82dc80_0;
    %load/vec4 v0000020bcc7c90c0_0;
    %part/s 1;
    %load/vec4 v0000020bccb81d20_0;
    %pad/s 32;
    %pushi/vec4 0, 0, 32;
    %cmp/e;
    %flag_get/vec4 4;
    %and;
    %flag_set/vec4 8;
    %jmp/0xz  T_9.2, 8;
    %pushi/vec4 52, 0, 32;
    %load/vec4 v0000020bcc7c90c0_0;
    %sub;
    %pad/s 6;
    %store/vec4 v0000020bccb81d20_0, 0, 6;
T_9.2 ;
    %load/vec4 v0000020bcc7c90c0_0;
    %subi 1, 0, 32;
    %store/vec4 v0000020bcc7c90c0_0, 0, 32;
    %jmp T_9.0;
T_9.1 ;
    %load/vec4 v0000020bcc82dc80_0;
    %load/vec4 v0000020bccb81d20_0;
    %ix/vec4 4;
    %shiftl 4;
    %store/vec4 v0000020bcc82d000_0, 0, 54;
    %jmp T_9;
    .thread T_9, $push;
    .scope S_0000020bcc7b1090;
T_10 ;
    %wait E_0000020bcc7c8650;
    %load/vec4 v0000020bcc82d5a0_0;
    %nor/r;
    %flag_set/vec4 8;
    %jmp/0xz  T_10.0, 8;
    %pushi/vec4 0, 0, 1;
    %assign/vec4 v0000020bcc82ddc0_0, 0;
    %pushi/vec4 0, 0, 1;
    %assign/vec4 v0000020bcc82d0a0_0, 0;
    %pushi/vec4 0, 0, 11;
    %assign/vec4 v0000020bcc82bfc0_0, 0;
    %pushi/vec4 0, 0, 52;
    %assign/vec4 v0000020bcc82c740_0, 0;
    %jmp T_10.1;
T_10.0 ;
    %load/vec4 v0000020bcc82c420_0;
    %assign/vec4 v0000020bcc82ddc0_0, 0;
    %load/vec4 v0000020bcc82dd20_0;
    %assign/vec4 v0000020bcc82d0a0_0, 0;
    %load/vec4 v0000020bcc82dc80_0;
    %parti/s 1, 52, 7;
    %cmpi/e 1, 0, 1;
    %jmp/0xz  T_10.2, 4;
    %load/vec4 v0000020bcc82cec0_0;
    %assign/vec4 v0000020bcc82bfc0_0, 0;
    %load/vec4 v0000020bcc82dc80_0;
    %parti/s 52, 0, 2;
    %assign/vec4 v0000020bcc82c740_0, 0;
    %jmp T_10.3;
T_10.2 ;
    %load/vec4 v0000020bcc82cec0_0;
    %load/vec4 v0000020bccb81d20_0;
    %pad/u 11;
    %sub;
    %assign/vec4 v0000020bcc82bfc0_0, 0;
    %load/vec4 v0000020bcc82d000_0;
    %parti/s 52, 0, 2;
    %assign/vec4 v0000020bcc82c740_0, 0;
T_10.3 ;
T_10.1 ;
    %jmp T_10;
    .thread T_10;
    .scope S_0000020bcc7da920;
T_11 ;
    %pushi/vec4 0, 0, 32;
    %store/vec4 v0000020bccb81320_0, 0, 32;
    %pushi/vec4 100000, 0, 32;
    %store/vec4 v0000020bccb81fa0_0, 0, 32;
    %pushi/vec4 0, 0, 32;
    %store/vec4 v0000020bccb818c0_0, 0, 32;
    %pushi/vec4 0, 0, 32;
    %store/vec4 v0000020bccb81820_0, 0, 32;
    %end;
    .thread T_11;
    .scope S_0000020bcc7da920;
T_12 ;
    %pushi/vec4 0, 0, 1;
    %store/vec4 v0000020bccb806a0_0, 0, 1;
T_12.0 ;
    %delay 1000, 0;
    %load/vec4 v0000020bccb806a0_0;
    %inv;
    %store/vec4 v0000020bccb806a0_0, 0, 1;
    %jmp T_12.0;
    %end;
    .thread T_12;
    .scope S_0000020bcc7da920;
T_13 ;
    %pushi/vec4 0, 0, 1;
    %store/vec4 v0000020bccb80740_0, 0, 1;
    %pushi/vec4 2, 0, 32;
T_13.0 %dup/vec4;
    %pushi/vec4 0, 0, 32;
    %cmp/s;
    %jmp/1xz T_13.1, 5;
    %jmp/1 T_13.1, 4;
    %pushi/vec4 1, 0, 32;
    %sub;
    %wait E_0000020bcc7c82d0;
    %jmp T_13.0;
T_13.1 ;
    %pop/vec4 1;
    %pushi/vec4 1, 0, 1;
    %store/vec4 v0000020bccb80740_0, 0, 1;
    %end;
    .thread T_13;
    .scope S_0000020bcc7da920;
T_14 ;
    %vpi_func 2 58 "$fopen" 32, "./py/golden.dat", "r" {0 0 0};
    %store/vec4 v0000020bccb81dc0_0, 0, 32;
    %load/vec4 v0000020bccb81dc0_0;
    %nor/r;
    %flag_set/vec4 8;
    %jmp/0xz  T_14.0, 8;
    %vpi_call 2 60 "$display", "\342\235\214 Error: Cannot open golden.dat" {0 0 0};
    %vpi_call 2 61 "$finish" {0 0 0};
T_14.0 ;
T_14.2 ;
    %vpi_func 2 65 "$feof" 32, v0000020bccb81dc0_0 {0 0 0};
    %nor/r;
    %flag_set/vec4 8;
    %jmp/0xz T_14.3, 8;
    %vpi_func 2 66 "$fscanf" 32, v0000020bccb81dc0_0, "%h %h %h\012", v0000020bccb81aa0_0, v0000020bccb80ce0_0, v0000020bccb80b00_0 {0 0 0};
    %store/vec4 v0000020bccb80380_0, 0, 32;
    %load/vec4 v0000020bccb80380_0;
    %cmpi/e 3, 0, 32;
    %jmp/0xz  T_14.4, 4;
    %load/vec4 v0000020bccb81aa0_0;
    %ix/getv/s 4, v0000020bccb81320_0;
    %store/vec4a v0000020bccb809c0, 4, 0;
    %load/vec4 v0000020bccb80ce0_0;
    %ix/getv/s 4, v0000020bccb81320_0;
    %store/vec4a v0000020bccb80e20, 4, 0;
    %load/vec4 v0000020bccb80b00_0;
    %ix/getv/s 4, v0000020bccb81320_0;
    %store/vec4a v0000020bccb81780, 4, 0;
    %load/vec4 v0000020bccb81320_0;
    %addi 1, 0, 32;
    %store/vec4 v0000020bccb81320_0, 0, 32;
    %jmp T_14.5;
T_14.4 ;
    %vpi_call 2 73 "$display", "\342\232\240\357\270\217 Warning: Invalid line format at index %0d", v0000020bccb81320_0 {0 0 0};
T_14.5 ;
    %jmp T_14.2;
T_14.3 ;
    %vpi_call 2 76 "$fclose", v0000020bccb81dc0_0 {0 0 0};
    %vpi_call 2 77 "$display", "\342\234\205 Loaded %0d test patterns from golden.dat", v0000020bccb81320_0 {0 0 0};
    %end;
    .thread T_14;
    .scope S_0000020bcc7da920;
T_15 ;
    %pushi/vec4 0, 0, 1;
    %store/vec4 v0000020bccb81960_0, 0, 1;
T_15.0 ;
    %load/vec4 v0000020bccb80740_0;
    %pad/u 32;
    %pushi/vec4 1, 0, 32;
    %cmp/e;
    %flag_get/vec4 4;
    %cmpi/ne 1, 0, 1;
    %jmp/0xz T_15.1, 6;
    %wait E_0000020bcc7c8d90;
    %jmp T_15.0;
T_15.1 ;
    %pushi/vec4 0, 0, 32;
    %store/vec4 v0000020bccb80d80_0, 0, 32;
T_15.2 ;
    %load/vec4 v0000020bccb80d80_0;
    %load/vec4 v0000020bccb81320_0;
    %cmp/s;
    %jmp/0xz T_15.3, 5;
    %wait E_0000020bcc7c8e50;
    %pushi/vec4 1, 0, 1;
    %assign/vec4 v0000020bccb81960_0, 0;
    %ix/getv/s 4, v0000020bccb80d80_0;
    %load/vec4a v0000020bccb809c0, 4;
    %assign/vec4 v0000020bccb81460_0, 0;
    %ix/getv/s 4, v0000020bccb80d80_0;
    %load/vec4a v0000020bccb80e20, 4;
    %assign/vec4 v0000020bccb81c80_0, 0;
    %load/vec4 v0000020bccb80d80_0;
    %addi 1, 0, 32;
    %store/vec4 v0000020bccb80d80_0, 0, 32;
    %jmp T_15.2;
T_15.3 ;
    %wait E_0000020bcc7c8e50;
    %pushi/vec4 0, 0, 1;
    %assign/vec4 v0000020bccb81960_0, 0;
    %pushi/vec4 0, 0, 64;
    %assign/vec4 v0000020bccb81460_0, 0;
    %pushi/vec4 0, 0, 64;
    %assign/vec4 v0000020bccb81c80_0, 0;
    %end;
    .thread T_15;
    .scope S_0000020bcc7da920;
T_16 ;
T_16.0 ;
    %load/vec4 v0000020bccb81fa0_0;
    %cmpi/s 0, 0, 32;
    %flag_or 5, 4; GT is !LE
    %flag_inv 5;
    %jmp/0xz T_16.1, 5;
    %wait E_0000020bcc7c82d0;
    %load/vec4 v0000020bccb81fa0_0;
    %subi 1, 0, 32;
    %store/vec4 v0000020bccb81fa0_0, 0, 32;
    %jmp T_16.0;
T_16.1 ;
    %vpi_call 2 105 "$display", $time, "Simualtion Hang ...." {0 0 0};
    %vpi_call 2 106 "$finish" {0 0 0};
    %end;
    .thread T_16;
    .scope S_0000020bcc7da920;
T_17 ;
T_17.0 ;
    %load/vec4 v0000020bccb80740_0;
    %pad/u 32;
    %pushi/vec4 1, 0, 32;
    %cmp/e;
    %flag_get/vec4 4;
    %cmpi/ne 1, 0, 1;
    %jmp/0xz T_17.1, 6;
    %wait E_0000020bcc7c8d90;
    %jmp T_17.0;
T_17.1 ;
    %pushi/vec4 8, 0, 32;
T_17.2 %dup/vec4;
    %pushi/vec4 0, 0, 32;
    %cmp/s;
    %jmp/1xz T_17.3, 5;
    %jmp/1 T_17.3, 4;
    %pushi/vec4 1, 0, 32;
    %sub;
    %wait E_0000020bcc7c82d0;
    %jmp T_17.2;
T_17.3 ;
    %pop/vec4 1;
T_17.4 ;
    %load/vec4 v0000020bccb818c0_0;
    %cmpi/s 1000, 0, 32;
    %jmp/0xz T_17.5, 5;
    %wait E_0000020bcc7c82d0;
    %load/vec4 v0000020bccb80a60_0;
    %ix/getv/s 4, v0000020bccb818c0_0;
    %load/vec4a v0000020bccb81780, 4;
    %cmp/ne;
    %jmp/0xz  T_17.6, 4;
    %load/vec4 v0000020bccb818c0_0;
    %addi 1, 0, 32;
    %vpi_call 2 119 "$display", "\342\235\214 [Mismatch] Pattern %0d: result = %h, expected = %h", S<0,vec4,s32>, v0000020bccb80a60_0, &A<v0000020bccb81780, v0000020bccb818c0_0 > {1 0 0};
    %load/vec4 v0000020bccb81820_0;
    %addi 1, 0, 32;
    %store/vec4 v0000020bccb81820_0, 0, 32;
    %jmp T_17.7;
T_17.6 ;
    %load/vec4 v0000020bccb818c0_0;
    %addi 1, 0, 32;
    %vpi_call 2 123 "$display", "\342\234\205 [Match] Pattern %0d: result = %h, expected = %h", S<0,vec4,s32>, v0000020bccb80a60_0, &A<v0000020bccb81780, v0000020bccb818c0_0 > {1 0 0};
T_17.7 ;
    %load/vec4 v0000020bccb818c0_0;
    %addi 1, 0, 32;
    %store/vec4 v0000020bccb818c0_0, 0, 32;
    %jmp T_17.4;
T_17.5 ;
    %vpi_call 2 128 "$display", "\360\237\216\257 Test completed: %0d errors out of %0d patterns", v0000020bccb81820_0, v0000020bccb81320_0 {0 0 0};
    %load/vec4 v0000020bccb81820_0;
    %cmpi/e 0, 0, 32;
    %jmp/0xz  T_17.8, 4;
    %vpi_call 2 130 "$display", "\360\237\216\211 ALL PASS!" {0 0 0};
    %jmp T_17.9;
T_17.8 ;
    %vpi_call 2 132 "$display", "\342\232\240\357\270\217 Some mismatches found. Please check your design." {0 0 0};
T_17.9 ;
    %pushi/vec4 10, 0, 32;
T_17.10 %dup/vec4;
    %pushi/vec4 0, 0, 32;
    %cmp/s;
    %jmp/1xz T_17.11, 5;
    %jmp/1 T_17.11, 4;
    %pushi/vec4 1, 0, 32;
    %sub;
    %wait E_0000020bcc7c82d0;
    %jmp T_17.10;
T_17.11 ;
    %pop/vec4 1;
    %vpi_call 2 134 "$finish" {0 0 0};
    %end;
    .thread T_17;
    .scope S_0000020bcc7da920;
T_18 ;
    %vpi_call 2 138 "$dumpfile", "add.vcd" {0 0 0};
    %vpi_call 2 139 "$dumpvars" {0 0 0};
    %end;
    .thread T_18;
# The file index is used to find the file name in the following table.
:file_names 4;
    "N/A";
    "<interactive>";
    "FLOAT_ADD_tb.v";
    "./FLOAT_ADD.v";
